#
# A fatal error has been detected by the Java Runtime Environment:
#
#  EXCEPTION_ACCESS_VIOLATION (0xc0000005) at pc=0x00007ff97f6bfe40, pid=14624, tid=23796
#
# JRE version: Java(TM) SE Runtime Environment 18.9 (11.0.13+10) (build 11.0.13+10-LTS-370)
# Java VM: Java HotSpot(TM) 64-Bit Server VM 18.9 (11.0.13+10-LTS-370, mixed mode, tiered, compressed oops, g1 gc, windows-amd64)
# Problematic frame:
# C  [ig9icd64.dll+0x1fe40]
#
# No core dump will be written. Minidumps are not enabled by default on client versions of Windows
#
# If you would like to submit a bug report, please visit:
#   https://bugreport.java.com/bugreport/crash.jsp
# The crash happened outside the Java Virtual Machine in native code.
# See problematic frame for where to report the bug.
#

---------------  S U M M A R Y ------------

Command Line: -Dfile.encoding=UTF-8 com.alkrist.maribel.client.TestGraphics

Host: Intel(R) Core(TM) i5-8300H CPU @ 2.30GHz, 8 cores, 23G,  Windows 10 , 64 bit Build 22621 (10.0.22621.1635)
Time: Thu May 18 19:48:34 2023 GTB Standard Time elapsed time: 0.983230 seconds (0d 0h 0m 0s)

---------------  T H R E A D  ---------------

Current thread (0x000001a8b3b8a800):  JavaThread "main" [_thread_in_native, id=23796, stack(0x0000008df2c00000,0x0000008df2d00000)]

Stack: [0x0000008df2c00000,0x0000008df2d00000],  sp=0x0000008df2cf8768,  free space=993k
Native frames: (J=compiled Java code, j=interpreted, Vv=VM code, C=native code)
C  [ig9icd64.dll+0x1fe40]

Java frames: (J=compiled Java code, j=interpreted, Vv=VM code)
j  org.lwjgl.opengl.GL20C.glCompileShader(I)V+0
j  org.lwjgl.opengl.GL20.glCompileShader(I)V+1
j  com.alkrist.maribel.graphics.shader.ShaderProgram.addProgram(Ljava/lang/String;I)V+50
j  com.alkrist.maribel.graphics.shader.ShaderProgram.addComputeShader(Ljava/lang/String;)V+4
j  com.alkrist.maribel.graphics.transparency.OpaqueTransparencyBlendShader.<init>()V+29
j  com.alkrist.maribel.graphics.transparency.OpaqueTransparencyBlendShader.getInstance()Lcom/alkrist/maribel/graphics/transparency/OpaqueTransparencyBlendShader;+10
j  com.alkrist.maribel.graphics.transparency.OpaqueTransparencyBlending.<init>(II)V+12
j  com.alkrist.maribel.graphics.systems.RenderSystem.<init>()V+140
j  com.alkrist.maribel.client.TestGraphics.main([Ljava/lang/String;)V+321
v  ~StubRoutines::call_stub

siginfo: EXCEPTION_ACCESS_VIOLATION (0xc0000005), reading address 0x0000000000000010


Register to memory mapping:

RIP=0x00007ff97f6bfe40 ig9icd64.dll
RAX=0x0000000000000003 is an unknown value
RBX=0x00000000fffffd76 is an unknown value
RCX=0x0 is NULL
RDX=0x0000008df2cf8eb8 is pointing into the stack for thread: 0x000001a8b3b8a800
RSP=0x0000008df2cf8768 is pointing into the stack for thread: 0x000001a8b3b8a800
RBP=0x0000008df2cf88b0 is pointing into the stack for thread: 0x000001a8b3b8a800
RSI=0x000001a8e63eeae0 points into unknown readable memory: 0x000001a8e2fe6280 | 80 62 fe e2 a8 01 00 00
RDI=0x0000008df2cf8eb8 is pointing into the stack for thread: 0x000001a8b3b8a800
R8 =0x0 is NULL
R9 =0x0 is NULL
R10=0x00007ff97f6a0000 ig9icd64.dll
R11=0x0000000000002710 is an unknown value
R12=0x00000000000001d8 is an unknown value
R13=0x000001a8e63eeae0 points into unknown readable memory: 0x000001a8e2fe6280 | 80 62 fe e2 a8 01 00 00
R14=0x0000008df2cfe948 is pointing into the stack for thread: 0x000001a8b3b8a800
R15=0x0000000000000006 is an unknown value


Registers:
RAX=0x0000000000000003, RBX=0x00000000fffffd76, RCX=0x0000000000000000, RDX=0x0000008df2cf8eb8
RSP=0x0000008df2cf8768, RBP=0x0000008df2cf88b0, RSI=0x000001a8e63eeae0, RDI=0x0000008df2cf8eb8
R8 =0x0000000000000000, R9 =0x0000000000000000, R10=0x00007ff97f6a0000, R11=0x0000000000002710
R12=0x00000000000001d8, R13=0x000001a8e63eeae0, R14=0x0000008df2cfe948, R15=0x0000000000000006
RIP=0x00007ff97f6bfe40, EFLAGS=0x0000000000010202

Top of Stack: (sp=0x0000008df2cf8768)
0x0000008df2cf8768:   00007ff97f87591d ffffffffffffffff
0x0000008df2cf8778:   00007ff97f8797c8 00000000000002cd
0x0000008df2cf8788:   0000008df2cfe948 000001a8e63eeae0
0x0000008df2cf8798:   0000000000000000 0000008df2cf9110
0x0000008df2cf87a8:   00007ff97f89a4f0 00000000fffffd76
0x0000008df2cf87b8:   000000000000059c 0000008df2cf88b0
0x0000008df2cf87c8:   000000000000059a 0000008df2cf9368
0x0000008df2cf87d8:   0000008df2cf95c0 00007ff980669200
0x0000008df2cf87e8:   0000000000000000 0000000000000023
0x0000008df2cf87f8:   000001a8e33929b0 000001a8e3398818
0x0000008df2cf8808:   0000000000000000 0000000000000000
0x0000008df2cf8818:   0000000000000000 0000000000000000
0x0000008df2cf8828:   0000000000000000 0000000000000000
0x0000008df2cf8838:   0000000000000000 0000000000000000
0x0000008df2cf8848:   0000000000000000 0000000000000000
0x0000008df2cf8858:   0000000000000000 0000000000000000 

Instructions: (pc=0x00007ff97f6bfe40)
0x00007ff97f6bfe20:   00 c3 cc cc cc cc cc cc cc cc cc cc cc cc cc cc
0x00007ff97f6bfe30:   48 8b 41 08 8b d2 48 8b 84 d0 b8 01 00 00 c3 cc
0x00007ff97f6bfe40:   48 8b 41 10 c3 cc cc cc cc cc cc cc cc cc cc cc
0x00007ff97f6bfe50:   48 8b 41 08 48 05 88 00 00 00 c3 cc cc cc cc cc 


Stack slot to memory mapping:
stack at sp + 0 slots: 0x00007ff97f87591d ig9icd64.dll
stack at sp + 1 slots: 0xffffffffffffffff is an unknown value
stack at sp + 2 slots: 0x00007ff97f8797c8 ig9icd64.dll
stack at sp + 3 slots: 0x00000000000002cd is an unknown value
stack at sp + 4 slots: 0x0000008df2cfe948 is pointing into the stack for thread: 0x000001a8b3b8a800
stack at sp + 5 slots: 0x000001a8e63eeae0 points into unknown readable memory: 0x000001a8e2fe6280 | 80 62 fe e2 a8 01 00 00
stack at sp + 6 slots: 0x0 is NULL
stack at sp + 7 slots: 0x0000008df2cf9110 is pointing into the stack for thread: 0x000001a8b3b8a800


---------------  P R O C E S S  ---------------

Threads class SMR info:
_java_thread_list=0x000001a8e3488c00, length=10, elements={
0x000001a8b3b8a800, 0x000001a8dbcc6000, 0x000001a8dbcc8800, 0x000001a8dbd54800,
0x000001a8dbd55800, 0x000001a8dbd59000, 0x000001a8dbd62000, 0x000001a8dbd69800,
0x000001a8dbd6c800, 0x000001a8dbef7000
}

Java Threads: ( => current thread )
=>0x000001a8b3b8a800 JavaThread "main" [_thread_in_native, id=23796, stack(0x0000008df2c00000,0x0000008df2d00000)]
  0x000001a8dbcc6000 JavaThread "Reference Handler" daemon [_thread_blocked, id=20436, stack(0x0000008df3300000,0x0000008df3400000)]
  0x000001a8dbcc8800 JavaThread "Finalizer" daemon [_thread_blocked, id=22556, stack(0x0000008df3400000,0x0000008df3500000)]
  0x000001a8dbd54800 JavaThread "Signal Dispatcher" daemon [_thread_blocked, id=11920, stack(0x0000008df3500000,0x0000008df3600000)]
  0x000001a8dbd55800 JavaThread "Attach Listener" daemon [_thread_blocked, id=17764, stack(0x0000008df3600000,0x0000008df3700000)]
  0x000001a8dbd59000 JavaThread "Service Thread" daemon [_thread_blocked, id=20524, stack(0x0000008df3700000,0x0000008df3800000)]
  0x000001a8dbd62000 JavaThread "C2 CompilerThread0" daemon [_thread_blocked, id=17096, stack(0x0000008df3800000,0x0000008df3900000)]
  0x000001a8dbd69800 JavaThread "C1 CompilerThread0" daemon [_thread_blocked, id=12508, stack(0x0000008df3900000,0x0000008df3a00000)]
  0x000001a8dbd6c800 JavaThread "Sweeper thread" daemon [_thread_blocked, id=20032, stack(0x0000008df3a00000,0x0000008df3b00000)]
  0x000001a8dbef7000 JavaThread "Common-Cleaner" daemon [_thread_blocked, id=14048, stack(0x0000008df3c00000,0x0000008df3d00000)]

Other Threads:
  0x000001a8dbcfd000 VMThread "VM Thread" [stack: 0x0000008df3200000,0x0000008df3300000] [id=22400]
  0x000001a8dbefa800 WatcherThread [stack: 0x0000008df3b00000,0x0000008df3c00000] [id=13332]
  0x000001a8b3b99800 GCTaskThread "GC Thread#0" [stack: 0x0000008df2d00000,0x0000008df2e00000] [id=22308]
  0x000001a8e309d000 GCTaskThread "GC Thread#1" [stack: 0x0000008df4600000,0x0000008df4700000] [id=19496]
  0x000001a8e320f800 GCTaskThread "GC Thread#2" [stack: 0x0000008df4700000,0x0000008df4800000] [id=17628]
  0x000001a8e3053000 GCTaskThread "GC Thread#3" [stack: 0x0000008df4800000,0x0000008df4900000] [id=23660]
  0x000001a8e342f800 GCTaskThread "GC Thread#4" [stack: 0x0000008df4900000,0x0000008df4a00000] [id=17248]
  0x000001a8e3054000 GCTaskThread "GC Thread#5" [stack: 0x0000008df4a00000,0x0000008df4b00000] [id=19892]
  0x000001a8e30f9800 GCTaskThread "GC Thread#6" [stack: 0x0000008df4b00000,0x0000008df4c00000] [id=19576]
  0x000001a8e312c000 GCTaskThread "GC Thread#7" [stack: 0x0000008df4c00000,0x0000008df4d00000] [id=20376]
  0x000001a8b3c21000 ConcurrentGCThread "G1 Main Marker" [stack: 0x0000008df2e00000,0x0000008df2f00000] [id=13052]
  0x000001a8b3c23000 ConcurrentGCThread "G1 Conc#0" [stack: 0x0000008df2f00000,0x0000008df3000000] [id=22200]
  0x000001a8db327800 ConcurrentGCThread "G1 Refine#0" [stack: 0x0000008df3000000,0x0000008df3100000] [id=16148]
  0x000001a8db32a800 ConcurrentGCThread "G1 Young RemSet Sampling" [stack: 0x0000008df3100000,0x0000008df3200000] [id=13340]

Threads with active compile tasks:

VM state:not at safepoint (normal execution)

VM Mutex/Monitor currently owned by a thread: None

Heap address: 0x0000000682600000, size: 6106 MB, Compressed Oops mode: Zero based, Oop shift amount: 3
Narrow klass base: 0x0000000800000000, Narrow klass shift: 0
Compressed class space size: 1073741824 Address: 0x0000000800000000

Heap:
 garbage-first heap   total 391168K, used 14717K [0x0000000682600000, 0x0000000800000000)
  region size 1024K, 15 young (15360K), 3 survivors (3072K)
 Metaspace       used 14369K, capacity 14574K, committed 14848K, reserved 1062912K
  class space    used 1085K, capacity 1188K, committed 1280K, reserved 1048576K
Heap Regions: E=young(eden), S=young(survivor), O=old, HS=humongous(starts), HC=humongous(continues), CS=collection set, F=free, A=archive, TAMS=top-at-mark-start (previous, next)
|   0|0x0000000682600000, 0x000000068265f600, 0x0000000682700000| 37%| O|  |TAMS 0x0000000682600000, 0x0000000682600000| Untracked 
|   1|0x0000000682700000, 0x0000000682700000, 0x0000000682800000|  0%| F|  |TAMS 0x0000000682700000, 0x0000000682700000| Untracked 
|   2|0x0000000682800000, 0x0000000682800000, 0x0000000682900000|  0%| F|  |TAMS 0x0000000682800000, 0x0000000682800000| Untracked 
|   3|0x0000000682900000, 0x0000000682900000, 0x0000000682a00000|  0%| F|  |TAMS 0x0000000682900000, 0x0000000682900000| Untracked 
|   4|0x0000000682a00000, 0x0000000682a00000, 0x0000000682b00000|  0%| F|  |TAMS 0x0000000682a00000, 0x0000000682a00000| Untracked 
|   5|0x0000000682b00000, 0x0000000682b00000, 0x0000000682c00000|  0%| F|  |TAMS 0x0000000682b00000, 0x0000000682b00000| Untracked 
|   6|0x0000000682c00000, 0x0000000682c00000, 0x0000000682d00000|  0%| F|  |TAMS 0x0000000682c00000, 0x0000000682c00000| Untracked 
|   7|0x0000000682d00000, 0x0000000682d00000, 0x0000000682e00000|  0%| F|  |TAMS 0x0000000682d00000, 0x0000000682d00000| Untracked 
|   8|0x0000000682e00000, 0x0000000682e00000, 0x0000000682f00000|  0%| F|  |TAMS 0x0000000682e00000, 0x0000000682e00000| Untracked 
|   9|0x0000000682f00000, 0x0000000682f00000, 0x0000000683000000|  0%| F|  |TAMS 0x0000000682f00000, 0x0000000682f00000| Untracked 
|  10|0x0000000683000000, 0x0000000683000000, 0x0000000683100000|  0%| F|  |TAMS 0x0000000683000000, 0x0000000683000000| Untracked 
|  11|0x0000000683100000, 0x0000000683100000, 0x0000000683200000|  0%| F|  |TAMS 0x0000000683100000, 0x0000000683100000| Untracked 
|  12|0x0000000683200000, 0x0000000683200000, 0x0000000683300000|  0%| F|  |TAMS 0x0000000683200000, 0x0000000683200000| Untracked 
|  13|0x0000000683300000, 0x0000000683300000, 0x0000000683400000|  0%| F|  |TAMS 0x0000000683300000, 0x0000000683300000| Untracked 
|  14|0x0000000683400000, 0x0000000683400000, 0x0000000683500000|  0%| F|  |TAMS 0x0000000683400000, 0x0000000683400000| Untracked 
|  15|0x0000000683500000, 0x0000000683500000, 0x0000000683600000|  0%| F|  |TAMS 0x0000000683500000, 0x0000000683500000| Untracked 
|  16|0x0000000683600000, 0x0000000683600000, 0x0000000683700000|  0%| F|  |TAMS 0x0000000683600000, 0x0000000683600000| Untracked 
|  17|0x0000000683700000, 0x0000000683700000, 0x0000000683800000|  0%| F|  |TAMS 0x0000000683700000, 0x0000000683700000| Untracked 
|  18|0x0000000683800000, 0x0000000683800000, 0x0000000683900000|  0%| F|  |TAMS 0x0000000683800000, 0x0000000683800000| Untracked 
|  19|0x0000000683900000, 0x0000000683900000, 0x0000000683a00000|  0%| F|  |TAMS 0x0000000683900000, 0x0000000683900000| Untracked 
|  20|0x0000000683a00000, 0x0000000683a00000, 0x0000000683b00000|  0%| F|  |TAMS 0x0000000683a00000, 0x0000000683a00000| Untracked 
|  21|0x0000000683b00000, 0x0000000683b00000, 0x0000000683c00000|  0%| F|  |TAMS 0x0000000683b00000, 0x0000000683b00000| Untracked 
|  22|0x0000000683c00000, 0x0000000683c00000, 0x0000000683d00000|  0%| F|  |TAMS 0x0000000683c00000, 0x0000000683c00000| Untracked 
|  23|0x0000000683d00000, 0x0000000683d00000, 0x0000000683e00000|  0%| F|  |TAMS 0x0000000683d00000, 0x0000000683d00000| Untracked 
|  24|0x0000000683e00000, 0x0000000683e00000, 0x0000000683f00000|  0%| F|  |TAMS 0x0000000683e00000, 0x0000000683e00000| Untracked 
|  25|0x0000000683f00000, 0x0000000683f00000, 0x0000000684000000|  0%| F|  |TAMS 0x0000000683f00000, 0x0000000683f00000| Untracked 
|  26|0x0000000684000000, 0x0000000684000000, 0x0000000684100000|  0%| F|  |TAMS 0x0000000684000000, 0x0000000684000000| Untracked 
|  27|0x0000000684100000, 0x0000000684100000, 0x0000000684200000|  0%| F|  |TAMS 0x0000000684100000, 0x0000000684100000| Untracked 
|  28|0x0000000684200000, 0x0000000684200000, 0x0000000684300000|  0%| F|  |TAMS 0x0000000684200000, 0x0000000684200000| Untracked 
|  29|0x0000000684300000, 0x0000000684300000, 0x0000000684400000|  0%| F|  |TAMS 0x0000000684300000, 0x0000000684300000| Untracked 
|  30|0x0000000684400000, 0x0000000684400000, 0x0000000684500000|  0%| F|  |TAMS 0x0000000684400000, 0x0000000684400000| Untracked 
|  31|0x0000000684500000, 0x0000000684500000, 0x0000000684600000|  0%| F|  |TAMS 0x0000000684500000, 0x0000000684500000| Untracked 
|  32|0x0000000684600000, 0x0000000684600000, 0x0000000684700000|  0%| F|  |TAMS 0x0000000684600000, 0x0000000684600000| Untracked 
|  33|0x0000000684700000, 0x0000000684700000, 0x0000000684800000|  0%| F|  |TAMS 0x0000000684700000, 0x0000000684700000| Untracked 
|  34|0x0000000684800000, 0x0000000684800000, 0x0000000684900000|  0%| F|  |TAMS 0x0000000684800000, 0x0000000684800000| Untracked 
|  35|0x0000000684900000, 0x0000000684900000, 0x0000000684a00000|  0%| F|  |TAMS 0x0000000684900000, 0x0000000684900000| Untracked 
|  36|0x0000000684a00000, 0x0000000684a00000, 0x0000000684b00000|  0%| F|  |TAMS 0x0000000684a00000, 0x0000000684a00000| Untracked 
|  37|0x0000000684b00000, 0x0000000684b00000, 0x0000000684c00000|  0%| F|  |TAMS 0x0000000684b00000, 0x0000000684b00000| Untracked 
|  38|0x0000000684c00000, 0x0000000684c00000, 0x0000000684d00000|  0%| F|  |TAMS 0x0000000684c00000, 0x0000000684c00000| Untracked 
|  39|0x0000000684d00000, 0x0000000684d00000, 0x0000000684e00000|  0%| F|  |TAMS 0x0000000684d00000, 0x0000000684d00000| Untracked 
|  40|0x0000000684e00000, 0x0000000684e00000, 0x0000000684f00000|  0%| F|  |TAMS 0x0000000684e00000, 0x0000000684e00000| Untracked 
|  41|0x0000000684f00000, 0x0000000684f00000, 0x0000000685000000|  0%| F|  |TAMS 0x0000000684f00000, 0x0000000684f00000| Untracked 
|  42|0x0000000685000000, 0x0000000685000000, 0x0000000685100000|  0%| F|  |TAMS 0x0000000685000000, 0x0000000685000000| Untracked 
|  43|0x0000000685100000, 0x0000000685100000, 0x0000000685200000|  0%| F|  |TAMS 0x0000000685100000, 0x0000000685100000| Untracked 
|  44|0x0000000685200000, 0x0000000685200000, 0x0000000685300000|  0%| F|  |TAMS 0x0000000685200000, 0x0000000685200000| Untracked 
|  45|0x0000000685300000, 0x0000000685300000, 0x0000000685400000|  0%| F|  |TAMS 0x0000000685300000, 0x0000000685300000| Untracked 
|  46|0x0000000685400000, 0x0000000685400000, 0x0000000685500000|  0%| F|  |TAMS 0x0000000685400000, 0x0000000685400000| Untracked 
|  47|0x0000000685500000, 0x0000000685500000, 0x0000000685600000|  0%| F|  |TAMS 0x0000000685500000, 0x0000000685500000| Untracked 
|  48|0x0000000685600000, 0x0000000685600000, 0x0000000685700000|  0%| F|  |TAMS 0x0000000685600000, 0x0000000685600000| Untracked 
|  49|0x0000000685700000, 0x0000000685700000, 0x0000000685800000|  0%| F|  |TAMS 0x0000000685700000, 0x0000000685700000| Untracked 
|  50|0x0000000685800000, 0x0000000685800000, 0x0000000685900000|  0%| F|  |TAMS 0x0000000685800000, 0x0000000685800000| Untracked 
|  51|0x0000000685900000, 0x0000000685900000, 0x0000000685a00000|  0%| F|  |TAMS 0x0000000685900000, 0x0000000685900000| Untracked 
|  52|0x0000000685a00000, 0x0000000685a00000, 0x0000000685b00000|  0%| F|  |TAMS 0x0000000685a00000, 0x0000000685a00000| Untracked 
|  53|0x0000000685b00000, 0x0000000685b00000, 0x0000000685c00000|  0%| F|  |TAMS 0x0000000685b00000, 0x0000000685b00000| Untracked 
|  54|0x0000000685c00000, 0x0000000685c00000, 0x0000000685d00000|  0%| F|  |TAMS 0x0000000685c00000, 0x0000000685c00000| Untracked 
|  55|0x0000000685d00000, 0x0000000685d00000, 0x0000000685e00000|  0%| F|  |TAMS 0x0000000685d00000, 0x0000000685d00000| Untracked 
|  56|0x0000000685e00000, 0x0000000685e00000, 0x0000000685f00000|  0%| F|  |TAMS 0x0000000685e00000, 0x0000000685e00000| Untracked 
|  57|0x0000000685f00000, 0x0000000685f00000, 0x0000000686000000|  0%| F|  |TAMS 0x0000000685f00000, 0x0000000685f00000| Untracked 
|  58|0x0000000686000000, 0x0000000686000000, 0x0000000686100000|  0%| F|  |TAMS 0x0000000686000000, 0x0000000686000000| Untracked 
|  59|0x0000000686100000, 0x0000000686100000, 0x0000000686200000|  0%| F|  |TAMS 0x0000000686100000, 0x0000000686100000| Untracked 
|  60|0x0000000686200000, 0x0000000686200000, 0x0000000686300000|  0%| F|  |TAMS 0x0000000686200000, 0x0000000686200000| Untracked 
|  61|0x0000000686300000, 0x0000000686300000, 0x0000000686400000|  0%| F|  |TAMS 0x0000000686300000, 0x0000000686300000| Untracked 
|  62|0x0000000686400000, 0x0000000686400000, 0x0000000686500000|  0%| F|  |TAMS 0x0000000686400000, 0x0000000686400000| Untracked 
|  63|0x0000000686500000, 0x0000000686500000, 0x0000000686600000|  0%| F|  |TAMS 0x0000000686500000, 0x0000000686500000| Untracked 
|  64|0x0000000686600000, 0x0000000686600000, 0x0000000686700000|  0%| F|  |TAMS 0x0000000686600000, 0x0000000686600000| Untracked 
|  65|0x0000000686700000, 0x0000000686700000, 0x0000000686800000|  0%| F|  |TAMS 0x0000000686700000, 0x0000000686700000| Untracked 
|  66|0x0000000686800000, 0x0000000686800000, 0x0000000686900000|  0%| F|  |TAMS 0x0000000686800000, 0x0000000686800000| Untracked 
|  67|0x0000000686900000, 0x0000000686900000, 0x0000000686a00000|  0%| F|  |TAMS 0x0000000686900000, 0x0000000686900000| Untracked 
|  68|0x0000000686a00000, 0x0000000686a00000, 0x0000000686b00000|  0%| F|  |TAMS 0x0000000686a00000, 0x0000000686a00000| Untracked 
|  69|0x0000000686b00000, 0x0000000686b00000, 0x0000000686c00000|  0%| F|  |TAMS 0x0000000686b00000, 0x0000000686b00000| Untracked 
|  70|0x0000000686c00000, 0x0000000686c00000, 0x0000000686d00000|  0%| F|  |TAMS 0x0000000686c00000, 0x0000000686c00000| Untracked 
|  71|0x0000000686d00000, 0x0000000686d00000, 0x0000000686e00000|  0%| F|  |TAMS 0x0000000686d00000, 0x0000000686d00000| Untracked 
|  72|0x0000000686e00000, 0x0000000686e00000, 0x0000000686f00000|  0%| F|  |TAMS 0x0000000686e00000, 0x0000000686e00000| Untracked 
|  73|0x0000000686f00000, 0x0000000686f00000, 0x0000000687000000|  0%| F|  |TAMS 0x0000000686f00000, 0x0000000686f00000| Untracked 
|  74|0x0000000687000000, 0x0000000687000000, 0x0000000687100000|  0%| F|  |TAMS 0x0000000687000000, 0x0000000687000000| Untracked 
|  75|0x0000000687100000, 0x0000000687100000, 0x0000000687200000|  0%| F|  |TAMS 0x0000000687100000, 0x0000000687100000| Untracked 
|  76|0x0000000687200000, 0x0000000687200000, 0x0000000687300000|  0%| F|  |TAMS 0x0000000687200000, 0x0000000687200000| Untracked 
|  77|0x0000000687300000, 0x0000000687300000, 0x0000000687400000|  0%| F|  |TAMS 0x0000000687300000, 0x0000000687300000| Untracked 
|  78|0x0000000687400000, 0x0000000687400000, 0x0000000687500000|  0%| F|  |TAMS 0x0000000687400000, 0x0000000687400000| Untracked 
|  79|0x0000000687500000, 0x0000000687500000, 0x0000000687600000|  0%| F|  |TAMS 0x0000000687500000, 0x0000000687500000| Untracked 
|  80|0x0000000687600000, 0x0000000687600000, 0x0000000687700000|  0%| F|  |TAMS 0x0000000687600000, 0x0000000687600000| Untracked 
|  81|0x0000000687700000, 0x0000000687700000, 0x0000000687800000|  0%| F|  |TAMS 0x0000000687700000, 0x0000000687700000| Untracked 
|  82|0x0000000687800000, 0x0000000687800000, 0x0000000687900000|  0%| F|  |TAMS 0x0000000687800000, 0x0000000687800000| Untracked 
|  83|0x0000000687900000, 0x0000000687900000, 0x0000000687a00000|  0%| F|  |TAMS 0x0000000687900000, 0x0000000687900000| Untracked 
|  84|0x0000000687a00000, 0x0000000687a00000, 0x0000000687b00000|  0%| F|  |TAMS 0x0000000687a00000, 0x0000000687a00000| Untracked 
|  85|0x0000000687b00000, 0x0000000687b00000, 0x0000000687c00000|  0%| F|  |TAMS 0x0000000687b00000, 0x0000000687b00000| Untracked 
|  86|0x0000000687c00000, 0x0000000687c00000, 0x0000000687d00000|  0%| F|  |TAMS 0x0000000687c00000, 0x0000000687c00000| Untracked 
|  87|0x0000000687d00000, 0x0000000687d00000, 0x0000000687e00000|  0%| F|  |TAMS 0x0000000687d00000, 0x0000000687d00000| Untracked 
|  88|0x0000000687e00000, 0x0000000687e00000, 0x0000000687f00000|  0%| F|  |TAMS 0x0000000687e00000, 0x0000000687e00000| Untracked 
|  89|0x0000000687f00000, 0x0000000687f00000, 0x0000000688000000|  0%| F|  |TAMS 0x0000000687f00000, 0x0000000687f00000| Untracked 
|  90|0x0000000688000000, 0x0000000688000000, 0x0000000688100000|  0%| F|  |TAMS 0x0000000688000000, 0x0000000688000000| Untracked 
|  91|0x0000000688100000, 0x0000000688100000, 0x0000000688200000|  0%| F|  |TAMS 0x0000000688100000, 0x0000000688100000| Untracked 
|  92|0x0000000688200000, 0x0000000688200000, 0x0000000688300000|  0%| F|  |TAMS 0x0000000688200000, 0x0000000688200000| Untracked 
|  93|0x0000000688300000, 0x0000000688300000, 0x0000000688400000|  0%| F|  |TAMS 0x0000000688300000, 0x0000000688300000| Untracked 
|  94|0x0000000688400000, 0x0000000688400000, 0x0000000688500000|  0%| F|  |TAMS 0x0000000688400000, 0x0000000688400000| Untracked 
|  95|0x0000000688500000, 0x0000000688500000, 0x0000000688600000|  0%| F|  |TAMS 0x0000000688500000, 0x0000000688500000| Untracked 
|  96|0x0000000688600000, 0x0000000688600000, 0x0000000688700000|  0%| F|  |TAMS 0x0000000688600000, 0x0000000688600000| Untracked 
|  97|0x0000000688700000, 0x0000000688700000, 0x0000000688800000|  0%| F|  |TAMS 0x0000000688700000, 0x0000000688700000| Untracked 
|  98|0x0000000688800000, 0x0000000688800000, 0x0000000688900000|  0%| F|  |TAMS 0x0000000688800000, 0x0000000688800000| Untracked 
|  99|0x0000000688900000, 0x0000000688900000, 0x0000000688a00000|  0%| F|  |TAMS 0x0000000688900000, 0x0000000688900000| Untracked 
| 100|0x0000000688a00000, 0x0000000688a00000, 0x0000000688b00000|  0%| F|  |TAMS 0x0000000688a00000, 0x0000000688a00000| Untracked 
| 101|0x0000000688b00000, 0x0000000688b00000, 0x0000000688c00000|  0%| F|  |TAMS 0x0000000688b00000, 0x0000000688b00000| Untracked 
| 102|0x0000000688c00000, 0x0000000688c00000, 0x0000000688d00000|  0%| F|  |TAMS 0x0000000688c00000, 0x0000000688c00000| Untracked 
| 103|0x0000000688d00000, 0x0000000688d00000, 0x0000000688e00000|  0%| F|  |TAMS 0x0000000688d00000, 0x0000000688d00000| Untracked 
| 104|0x0000000688e00000, 0x0000000688e00000, 0x0000000688f00000|  0%| F|  |TAMS 0x0000000688e00000, 0x0000000688e00000| Untracked 
| 105|0x0000000688f00000, 0x0000000688f00000, 0x0000000689000000|  0%| F|  |TAMS 0x0000000688f00000, 0x0000000688f00000| Untracked 
| 106|0x0000000689000000, 0x0000000689000000, 0x0000000689100000|  0%| F|  |TAMS 0x0000000689000000, 0x0000000689000000| Untracked 
| 107|0x0000000689100000, 0x0000000689100000, 0x0000000689200000|  0%| F|  |TAMS 0x0000000689100000, 0x0000000689100000| Untracked 
| 108|0x0000000689200000, 0x0000000689200000, 0x0000000689300000|  0%| F|  |TAMS 0x0000000689200000, 0x0000000689200000| Untracked 
| 109|0x0000000689300000, 0x0000000689300000, 0x0000000689400000|  0%| F|  |TAMS 0x0000000689300000, 0x0000000689300000| Untracked 
| 110|0x0000000689400000, 0x0000000689400000, 0x0000000689500000|  0%| F|  |TAMS 0x0000000689400000, 0x0000000689400000| Untracked 
| 111|0x0000000689500000, 0x0000000689500000, 0x0000000689600000|  0%| F|  |TAMS 0x0000000689500000, 0x0000000689500000| Untracked 
| 112|0x0000000689600000, 0x0000000689600000, 0x0000000689700000|  0%| F|  |TAMS 0x0000000689600000, 0x0000000689600000| Untracked 
| 113|0x0000000689700000, 0x0000000689700000, 0x0000000689800000|  0%| F|  |TAMS 0x0000000689700000, 0x0000000689700000| Untracked 
| 114|0x0000000689800000, 0x0000000689800000, 0x0000000689900000|  0%| F|  |TAMS 0x0000000689800000, 0x0000000689800000| Untracked 
| 115|0x0000000689900000, 0x0000000689900000, 0x0000000689a00000|  0%| F|  |TAMS 0x0000000689900000, 0x0000000689900000| Untracked 
| 116|0x0000000689a00000, 0x0000000689a00000, 0x0000000689b00000|  0%| F|  |TAMS 0x0000000689a00000, 0x0000000689a00000| Untracked 
| 117|0x0000000689b00000, 0x0000000689b00000, 0x0000000689c00000|  0%| F|  |TAMS 0x0000000689b00000, 0x0000000689b00000| Untracked 
| 118|0x0000000689c00000, 0x0000000689c00000, 0x0000000689d00000|  0%| F|  |TAMS 0x0000000689c00000, 0x0000000689c00000| Untracked 
| 119|0x0000000689d00000, 0x0000000689d00000, 0x0000000689e00000|  0%| F|  |TAMS 0x0000000689d00000, 0x0000000689d00000| Untracked 
| 120|0x0000000689e00000, 0x0000000689e00000, 0x0000000689f00000|  0%| F|  |TAMS 0x0000000689e00000, 0x0000000689e00000| Untracked 
| 121|0x0000000689f00000, 0x0000000689f00000, 0x000000068a000000|  0%| F|  |TAMS 0x0000000689f00000, 0x0000000689f00000| Untracked 
| 122|0x000000068a000000, 0x000000068a000000, 0x000000068a100000|  0%| F|  |TAMS 0x000000068a000000, 0x000000068a000000| Untracked 
| 123|0x000000068a100000, 0x000000068a100000, 0x000000068a200000|  0%| F|  |TAMS 0x000000068a100000, 0x000000068a100000| Untracked 
| 124|0x000000068a200000, 0x000000068a200000, 0x000000068a300000|  0%| F|  |TAMS 0x000000068a200000, 0x000000068a200000| Untracked 
| 125|0x000000068a300000, 0x000000068a300000, 0x000000068a400000|  0%| F|  |TAMS 0x000000068a300000, 0x000000068a300000| Untracked 
| 126|0x000000068a400000, 0x000000068a400000, 0x000000068a500000|  0%| F|  |TAMS 0x000000068a400000, 0x000000068a400000| Untracked 
| 127|0x000000068a500000, 0x000000068a500000, 0x000000068a600000|  0%| F|  |TAMS 0x000000068a500000, 0x000000068a500000| Untracked 
| 128|0x000000068a600000, 0x000000068a600000, 0x000000068a700000|  0%| F|  |TAMS 0x000000068a600000, 0x000000068a600000| Untracked 
| 129|0x000000068a700000, 0x000000068a700000, 0x000000068a800000|  0%| F|  |TAMS 0x000000068a700000, 0x000000068a700000| Untracked 
| 130|0x000000068a800000, 0x000000068a800000, 0x000000068a900000|  0%| F|  |TAMS 0x000000068a800000, 0x000000068a800000| Untracked 
| 131|0x000000068a900000, 0x000000068a900000, 0x000000068aa00000|  0%| F|  |TAMS 0x000000068a900000, 0x000000068a900000| Untracked 
| 132|0x000000068aa00000, 0x000000068aa00000, 0x000000068ab00000|  0%| F|  |TAMS 0x000000068aa00000, 0x000000068aa00000| Untracked 
| 133|0x000000068ab00000, 0x000000068ab00000, 0x000000068ac00000|  0%| F|  |TAMS 0x000000068ab00000, 0x000000068ab00000| Untracked 
| 134|0x000000068ac00000, 0x000000068ac00000, 0x000000068ad00000|  0%| F|  |TAMS 0x000000068ac00000, 0x000000068ac00000| Untracked 
| 135|0x000000068ad00000, 0x000000068ad00000, 0x000000068ae00000|  0%| F|  |TAMS 0x000000068ad00000, 0x000000068ad00000| Untracked 
| 136|0x000000068ae00000, 0x000000068ae00000, 0x000000068af00000|  0%| F|  |TAMS 0x000000068ae00000, 0x000000068ae00000| Untracked 
| 137|0x000000068af00000, 0x000000068af00000, 0x000000068b000000|  0%| F|  |TAMS 0x000000068af00000, 0x000000068af00000| Untracked 
| 138|0x000000068b000000, 0x000000068b000000, 0x000000068b100000|  0%| F|  |TAMS 0x000000068b000000, 0x000000068b000000| Untracked 
| 139|0x000000068b100000, 0x000000068b100000, 0x000000068b200000|  0%| F|  |TAMS 0x000000068b100000, 0x000000068b100000| Untracked 
| 140|0x000000068b200000, 0x000000068b200000, 0x000000068b300000|  0%| F|  |TAMS 0x000000068b200000, 0x000000068b200000| Untracked 
| 141|0x000000068b300000, 0x000000068b300000, 0x000000068b400000|  0%| F|  |TAMS 0x000000068b300000, 0x000000068b300000| Untracked 
| 142|0x000000068b400000, 0x000000068b400000, 0x000000068b500000|  0%| F|  |TAMS 0x000000068b400000, 0x000000068b400000| Untracked 
| 143|0x000000068b500000, 0x000000068b500000, 0x000000068b600000|  0%| F|  |TAMS 0x000000068b500000, 0x000000068b500000| Untracked 
| 144|0x000000068b600000, 0x000000068b600000, 0x000000068b700000|  0%| F|  |TAMS 0x000000068b600000, 0x000000068b600000| Untracked 
| 145|0x000000068b700000, 0x000000068b700000, 0x000000068b800000|  0%| F|  |TAMS 0x000000068b700000, 0x000000068b700000| Untracked 
| 146|0x000000068b800000, 0x000000068b800000, 0x000000068b900000|  0%| F|  |TAMS 0x000000068b800000, 0x000000068b800000| Untracked 
| 147|0x000000068b900000, 0x000000068b900000, 0x000000068ba00000|  0%| F|  |TAMS 0x000000068b900000, 0x000000068b900000| Untracked 
| 148|0x000000068ba00000, 0x000000068ba00000, 0x000000068bb00000|  0%| F|  |TAMS 0x000000068ba00000, 0x000000068ba00000| Untracked 
| 149|0x000000068bb00000, 0x000000068bb00000, 0x000000068bc00000|  0%| F|  |TAMS 0x000000068bb00000, 0x000000068bb00000| Untracked 
| 150|0x000000068bc00000, 0x000000068bc00000, 0x000000068bd00000|  0%| F|  |TAMS 0x000000068bc00000, 0x000000068bc00000| Untracked 
| 151|0x000000068bd00000, 0x000000068bd00000, 0x000000068be00000|  0%| F|  |TAMS 0x000000068bd00000, 0x000000068bd00000| Untracked 
| 152|0x000000068be00000, 0x000000068be00000, 0x000000068bf00000|  0%| F|  |TAMS 0x000000068be00000, 0x000000068be00000| Untracked 
| 153|0x000000068bf00000, 0x000000068bf00000, 0x000000068c000000|  0%| F|  |TAMS 0x000000068bf00000, 0x000000068bf00000| Untracked 
| 154|0x000000068c000000, 0x000000068c000000, 0x000000068c100000|  0%| F|  |TAMS 0x000000068c000000, 0x000000068c000000| Untracked 
| 155|0x000000068c100000, 0x000000068c100000, 0x000000068c200000|  0%| F|  |TAMS 0x000000068c100000, 0x000000068c100000| Untracked 
| 156|0x000000068c200000, 0x000000068c200000, 0x000000068c300000|  0%| F|  |TAMS 0x000000068c200000, 0x000000068c200000| Untracked 
| 157|0x000000068c300000, 0x000000068c300000, 0x000000068c400000|  0%| F|  |TAMS 0x000000068c300000, 0x000000068c300000| Untracked 
| 158|0x000000068c400000, 0x000000068c400000, 0x000000068c500000|  0%| F|  |TAMS 0x000000068c400000, 0x000000068c400000| Untracked 
| 159|0x000000068c500000, 0x000000068c500000, 0x000000068c600000|  0%| F|  |TAMS 0x000000068c500000, 0x000000068c500000| Untracked 
| 160|0x000000068c600000, 0x000000068c600000, 0x000000068c700000|  0%| F|  |TAMS 0x000000068c600000, 0x000000068c600000| Untracked 
| 161|0x000000068c700000, 0x000000068c700000, 0x000000068c800000|  0%| F|  |TAMS 0x000000068c700000, 0x000000068c700000| Untracked 
| 162|0x000000068c800000, 0x000000068c800000, 0x000000068c900000|  0%| F|  |TAMS 0x000000068c800000, 0x000000068c800000| Untracked 
| 163|0x000000068c900000, 0x000000068c900000, 0x000000068ca00000|  0%| F|  |TAMS 0x000000068c900000, 0x000000068c900000| Untracked 
| 164|0x000000068ca00000, 0x000000068ca00000, 0x000000068cb00000|  0%| F|  |TAMS 0x000000068ca00000, 0x000000068ca00000| Untracked 
| 165|0x000000068cb00000, 0x000000068cb00000, 0x000000068cc00000|  0%| F|  |TAMS 0x000000068cb00000, 0x000000068cb00000| Untracked 
| 166|0x000000068cc00000, 0x000000068cc00000, 0x000000068cd00000|  0%| F|  |TAMS 0x000000068cc00000, 0x000000068cc00000| Untracked 
| 167|0x000000068cd00000, 0x000000068cd00000, 0x000000068ce00000|  0%| F|  |TAMS 0x000000068cd00000, 0x000000068cd00000| Untracked 
| 168|0x000000068ce00000, 0x000000068ce00000, 0x000000068cf00000|  0%| F|  |TAMS 0x000000068ce00000, 0x000000068ce00000| Untracked 
| 169|0x000000068cf00000, 0x000000068cf00000, 0x000000068d000000|  0%| F|  |TAMS 0x000000068cf00000, 0x000000068cf00000| Untracked 
| 170|0x000000068d000000, 0x000000068d000000, 0x000000068d100000|  0%| F|  |TAMS 0x000000068d000000, 0x000000068d000000| Untracked 
| 171|0x000000068d100000, 0x000000068d100000, 0x000000068d200000|  0%| F|  |TAMS 0x000000068d100000, 0x000000068d100000| Untracked 
| 172|0x000000068d200000, 0x000000068d200000, 0x000000068d300000|  0%| F|  |TAMS 0x000000068d200000, 0x000000068d200000| Untracked 
| 173|0x000000068d300000, 0x000000068d300000, 0x000000068d400000|  0%| F|  |TAMS 0x000000068d300000, 0x000000068d300000| Untracked 
| 174|0x000000068d400000, 0x000000068d400000, 0x000000068d500000|  0%| F|  |TAMS 0x000000068d400000, 0x000000068d400000| Untracked 
| 175|0x000000068d500000, 0x000000068d500000, 0x000000068d600000|  0%| F|  |TAMS 0x000000068d500000, 0x000000068d500000| Untracked 
| 176|0x000000068d600000, 0x000000068d600000, 0x000000068d700000|  0%| F|  |TAMS 0x000000068d600000, 0x000000068d600000| Untracked 
| 177|0x000000068d700000, 0x000000068d700000, 0x000000068d800000|  0%| F|  |TAMS 0x000000068d700000, 0x000000068d700000| Untracked 
| 178|0x000000068d800000, 0x000000068d800000, 0x000000068d900000|  0%| F|  |TAMS 0x000000068d800000, 0x000000068d800000| Untracked 
| 179|0x000000068d900000, 0x000000068d900000, 0x000000068da00000|  0%| F|  |TAMS 0x000000068d900000, 0x000000068d900000| Untracked 
| 180|0x000000068da00000, 0x000000068da00000, 0x000000068db00000|  0%| F|  |TAMS 0x000000068da00000, 0x000000068da00000| Untracked 
| 181|0x000000068db00000, 0x000000068db00000, 0x000000068dc00000|  0%| F|  |TAMS 0x000000068db00000, 0x000000068db00000| Untracked 
| 182|0x000000068dc00000, 0x000000068dc00000, 0x000000068dd00000|  0%| F|  |TAMS 0x000000068dc00000, 0x000000068dc00000| Untracked 
| 183|0x000000068dd00000, 0x000000068dd00000, 0x000000068de00000|  0%| F|  |TAMS 0x000000068dd00000, 0x000000068dd00000| Untracked 
| 184|0x000000068de00000, 0x000000068de00000, 0x000000068df00000|  0%| F|  |TAMS 0x000000068de00000, 0x000000068de00000| Untracked 
| 185|0x000000068df00000, 0x000000068df00000, 0x000000068e000000|  0%| F|  |TAMS 0x000000068df00000, 0x000000068df00000| Untracked 
| 186|0x000000068e000000, 0x000000068e000000, 0x000000068e100000|  0%| F|  |TAMS 0x000000068e000000, 0x000000068e000000| Untracked 
| 187|0x000000068e100000, 0x000000068e100000, 0x000000068e200000|  0%| F|  |TAMS 0x000000068e100000, 0x000000068e100000| Untracked 
| 188|0x000000068e200000, 0x000000068e200000, 0x000000068e300000|  0%| F|  |TAMS 0x000000068e200000, 0x000000068e200000| Untracked 
| 189|0x000000068e300000, 0x000000068e300000, 0x000000068e400000|  0%| F|  |TAMS 0x000000068e300000, 0x000000068e300000| Untracked 
| 190|0x000000068e400000, 0x000000068e400000, 0x000000068e500000|  0%| F|  |TAMS 0x000000068e400000, 0x000000068e400000| Untracked 
| 191|0x000000068e500000, 0x000000068e500000, 0x000000068e600000|  0%| F|  |TAMS 0x000000068e500000, 0x000000068e500000| Untracked 
| 192|0x000000068e600000, 0x000000068e600000, 0x000000068e700000|  0%| F|  |TAMS 0x000000068e600000, 0x000000068e600000| Untracked 
| 193|0x000000068e700000, 0x000000068e700000, 0x000000068e800000|  0%| F|  |TAMS 0x000000068e700000, 0x000000068e700000| Untracked 
| 194|0x000000068e800000, 0x000000068e800000, 0x000000068e900000|  0%| F|  |TAMS 0x000000068e800000, 0x000000068e800000| Untracked 
| 195|0x000000068e900000, 0x000000068e900000, 0x000000068ea00000|  0%| F|  |TAMS 0x000000068e900000, 0x000000068e900000| Untracked 
| 196|0x000000068ea00000, 0x000000068ea00000, 0x000000068eb00000|  0%| F|  |TAMS 0x000000068ea00000, 0x000000068ea00000| Untracked 
| 197|0x000000068eb00000, 0x000000068eb00000, 0x000000068ec00000|  0%| F|  |TAMS 0x000000068eb00000, 0x000000068eb00000| Untracked 
| 198|0x000000068ec00000, 0x000000068ec00000, 0x000000068ed00000|  0%| F|  |TAMS 0x000000068ec00000, 0x000000068ec00000| Untracked 
| 199|0x000000068ed00000, 0x000000068ed00000, 0x000000068ee00000|  0%| F|  |TAMS 0x000000068ed00000, 0x000000068ed00000| Untracked 
| 200|0x000000068ee00000, 0x000000068ee00000, 0x000000068ef00000|  0%| F|  |TAMS 0x000000068ee00000, 0x000000068ee00000| Untracked 
| 201|0x000000068ef00000, 0x000000068ef00000, 0x000000068f000000|  0%| F|  |TAMS 0x000000068ef00000, 0x000000068ef00000| Untracked 
| 202|0x000000068f000000, 0x000000068f000000, 0x000000068f100000|  0%| F|  |TAMS 0x000000068f000000, 0x000000068f000000| Untracked 
| 203|0x000000068f100000, 0x000000068f100000, 0x000000068f200000|  0%| F|  |TAMS 0x000000068f100000, 0x000000068f100000| Untracked 
| 204|0x000000068f200000, 0x000000068f200000, 0x000000068f300000|  0%| F|  |TAMS 0x000000068f200000, 0x000000068f200000| Untracked 
| 205|0x000000068f300000, 0x000000068f300000, 0x000000068f400000|  0%| F|  |TAMS 0x000000068f300000, 0x000000068f300000| Untracked 
| 206|0x000000068f400000, 0x000000068f400000, 0x000000068f500000|  0%| F|  |TAMS 0x000000068f400000, 0x000000068f400000| Untracked 
| 207|0x000000068f500000, 0x000000068f500000, 0x000000068f600000|  0%| F|  |TAMS 0x000000068f500000, 0x000000068f500000| Untracked 
| 208|0x000000068f600000, 0x000000068f600000, 0x000000068f700000|  0%| F|  |TAMS 0x000000068f600000, 0x000000068f600000| Untracked 
| 209|0x000000068f700000, 0x000000068f700000, 0x000000068f800000|  0%| F|  |TAMS 0x000000068f700000, 0x000000068f700000| Untracked 
| 210|0x000000068f800000, 0x000000068f800000, 0x000000068f900000|  0%| F|  |TAMS 0x000000068f800000, 0x000000068f800000| Untracked 
| 211|0x000000068f900000, 0x000000068f900000, 0x000000068fa00000|  0%| F|  |TAMS 0x000000068f900000, 0x000000068f900000| Untracked 
| 212|0x000000068fa00000, 0x000000068fa00000, 0x000000068fb00000|  0%| F|  |TAMS 0x000000068fa00000, 0x000000068fa00000| Untracked 
| 213|0x000000068fb00000, 0x000000068fb00000, 0x000000068fc00000|  0%| F|  |TAMS 0x000000068fb00000, 0x000000068fb00000| Untracked 
| 214|0x000000068fc00000, 0x000000068fc00000, 0x000000068fd00000|  0%| F|  |TAMS 0x000000068fc00000, 0x000000068fc00000| Untracked 
| 215|0x000000068fd00000, 0x000000068fd00000, 0x000000068fe00000|  0%| F|  |TAMS 0x000000068fd00000, 0x000000068fd00000| Untracked 
| 216|0x000000068fe00000, 0x000000068fe00000, 0x000000068ff00000|  0%| F|  |TAMS 0x000000068fe00000, 0x000000068fe00000| Untracked 
| 217|0x000000068ff00000, 0x000000068ff00000, 0x0000000690000000|  0%| F|  |TAMS 0x000000068ff00000, 0x000000068ff00000| Untracked 
| 218|0x0000000690000000, 0x0000000690000000, 0x0000000690100000|  0%| F|  |TAMS 0x0000000690000000, 0x0000000690000000| Untracked 
| 219|0x0000000690100000, 0x0000000690100000, 0x0000000690200000|  0%| F|  |TAMS 0x0000000690100000, 0x0000000690100000| Untracked 
| 220|0x0000000690200000, 0x0000000690200000, 0x0000000690300000|  0%| F|  |TAMS 0x0000000690200000, 0x0000000690200000| Untracked 
| 221|0x0000000690300000, 0x0000000690300000, 0x0000000690400000|  0%| F|  |TAMS 0x0000000690300000, 0x0000000690300000| Untracked 
| 222|0x0000000690400000, 0x0000000690400000, 0x0000000690500000|  0%| F|  |TAMS 0x0000000690400000, 0x0000000690400000| Untracked 
| 223|0x0000000690500000, 0x0000000690500000, 0x0000000690600000|  0%| F|  |TAMS 0x0000000690500000, 0x0000000690500000| Untracked 
| 224|0x0000000690600000, 0x0000000690600000, 0x0000000690700000|  0%| F|  |TAMS 0x0000000690600000, 0x0000000690600000| Untracked 
| 225|0x0000000690700000, 0x0000000690700000, 0x0000000690800000|  0%| F|  |TAMS 0x0000000690700000, 0x0000000690700000| Untracked 
| 226|0x0000000690800000, 0x0000000690800000, 0x0000000690900000|  0%| F|  |TAMS 0x0000000690800000, 0x0000000690800000| Untracked 
| 227|0x0000000690900000, 0x0000000690900000, 0x0000000690a00000|  0%| F|  |TAMS 0x0000000690900000, 0x0000000690900000| Untracked 
| 228|0x0000000690a00000, 0x0000000690a00000, 0x0000000690b00000|  0%| F|  |TAMS 0x0000000690a00000, 0x0000000690a00000| Untracked 
| 229|0x0000000690b00000, 0x0000000690b00000, 0x0000000690c00000|  0%| F|  |TAMS 0x0000000690b00000, 0x0000000690b00000| Untracked 
| 230|0x0000000690c00000, 0x0000000690c00000, 0x0000000690d00000|  0%| F|  |TAMS 0x0000000690c00000, 0x0000000690c00000| Untracked 
| 231|0x0000000690d00000, 0x0000000690d00000, 0x0000000690e00000|  0%| F|  |TAMS 0x0000000690d00000, 0x0000000690d00000| Untracked 
| 232|0x0000000690e00000, 0x0000000690e00000, 0x0000000690f00000|  0%| F|  |TAMS 0x0000000690e00000, 0x0000000690e00000| Untracked 
| 233|0x0000000690f00000, 0x0000000690f00000, 0x0000000691000000|  0%| F|  |TAMS 0x0000000690f00000, 0x0000000690f00000| Untracked 
| 234|0x0000000691000000, 0x0000000691000000, 0x0000000691100000|  0%| F|  |TAMS 0x0000000691000000, 0x0000000691000000| Untracked 
| 235|0x0000000691100000, 0x0000000691100000, 0x0000000691200000|  0%| F|  |TAMS 0x0000000691100000, 0x0000000691100000| Untracked 
| 236|0x0000000691200000, 0x0000000691200000, 0x0000000691300000|  0%| F|  |TAMS 0x0000000691200000, 0x0000000691200000| Untracked 
| 237|0x0000000691300000, 0x0000000691300000, 0x0000000691400000|  0%| F|  |TAMS 0x0000000691300000, 0x0000000691300000| Untracked 
| 238|0x0000000691400000, 0x0000000691400000, 0x0000000691500000|  0%| F|  |TAMS 0x0000000691400000, 0x0000000691400000| Untracked 
| 239|0x0000000691500000, 0x0000000691500000, 0x0000000691600000|  0%| F|  |TAMS 0x0000000691500000, 0x0000000691500000| Untracked 
| 240|0x0000000691600000, 0x0000000691600000, 0x0000000691700000|  0%| F|  |TAMS 0x0000000691600000, 0x0000000691600000| Untracked 
| 241|0x0000000691700000, 0x0000000691700000, 0x0000000691800000|  0%| F|  |TAMS 0x0000000691700000, 0x0000000691700000| Untracked 
| 242|0x0000000691800000, 0x0000000691800000, 0x0000000691900000|  0%| F|  |TAMS 0x0000000691800000, 0x0000000691800000| Untracked 
| 243|0x0000000691900000, 0x0000000691900000, 0x0000000691a00000|  0%| F|  |TAMS 0x0000000691900000, 0x0000000691900000| Untracked 
| 244|0x0000000691a00000, 0x0000000691a00000, 0x0000000691b00000|  0%| F|  |TAMS 0x0000000691a00000, 0x0000000691a00000| Untracked 
| 245|0x0000000691b00000, 0x0000000691b00000, 0x0000000691c00000|  0%| F|  |TAMS 0x0000000691b00000, 0x0000000691b00000| Untracked 
| 246|0x0000000691c00000, 0x0000000691c00000, 0x0000000691d00000|  0%| F|  |TAMS 0x0000000691c00000, 0x0000000691c00000| Untracked 
| 247|0x0000000691d00000, 0x0000000691d00000, 0x0000000691e00000|  0%| F|  |TAMS 0x0000000691d00000, 0x0000000691d00000| Untracked 
| 248|0x0000000691e00000, 0x0000000691e00000, 0x0000000691f00000|  0%| F|  |TAMS 0x0000000691e00000, 0x0000000691e00000| Untracked 
| 249|0x0000000691f00000, 0x0000000691f00000, 0x0000000692000000|  0%| F|  |TAMS 0x0000000691f00000, 0x0000000691f00000| Untracked 
| 250|0x0000000692000000, 0x0000000692000000, 0x0000000692100000|  0%| F|  |TAMS 0x0000000692000000, 0x0000000692000000| Untracked 
| 251|0x0000000692100000, 0x0000000692100000, 0x0000000692200000|  0%| F|  |TAMS 0x0000000692100000, 0x0000000692100000| Untracked 
| 252|0x0000000692200000, 0x0000000692200000, 0x0000000692300000|  0%| F|  |TAMS 0x0000000692200000, 0x0000000692200000| Untracked 
| 253|0x0000000692300000, 0x0000000692300000, 0x0000000692400000|  0%| F|  |TAMS 0x0000000692300000, 0x0000000692300000| Untracked 
| 254|0x0000000692400000, 0x0000000692400000, 0x0000000692500000|  0%| F|  |TAMS 0x0000000692400000, 0x0000000692400000| Untracked 
| 255|0x0000000692500000, 0x0000000692500000, 0x0000000692600000|  0%| F|  |TAMS 0x0000000692500000, 0x0000000692500000| Untracked 
| 256|0x0000000692600000, 0x0000000692600000, 0x0000000692700000|  0%| F|  |TAMS 0x0000000692600000, 0x0000000692600000| Untracked 
| 257|0x0000000692700000, 0x0000000692700000, 0x0000000692800000|  0%| F|  |TAMS 0x0000000692700000, 0x0000000692700000| Untracked 
| 258|0x0000000692800000, 0x0000000692800000, 0x0000000692900000|  0%| F|  |TAMS 0x0000000692800000, 0x0000000692800000| Untracked 
| 259|0x0000000692900000, 0x0000000692900000, 0x0000000692a00000|  0%| F|  |TAMS 0x0000000692900000, 0x0000000692900000| Untracked 
| 260|0x0000000692a00000, 0x0000000692a00000, 0x0000000692b00000|  0%| F|  |TAMS 0x0000000692a00000, 0x0000000692a00000| Untracked 
| 261|0x0000000692b00000, 0x0000000692b00000, 0x0000000692c00000|  0%| F|  |TAMS 0x0000000692b00000, 0x0000000692b00000| Untracked 
| 262|0x0000000692c00000, 0x0000000692c00000, 0x0000000692d00000|  0%| F|  |TAMS 0x0000000692c00000, 0x0000000692c00000| Untracked 
| 263|0x0000000692d00000, 0x0000000692d00000, 0x0000000692e00000|  0%| F|  |TAMS 0x0000000692d00000, 0x0000000692d00000| Untracked 
| 264|0x0000000692e00000, 0x0000000692e00000, 0x0000000692f00000|  0%| F|  |TAMS 0x0000000692e00000, 0x0000000692e00000| Untracked 
| 265|0x0000000692f00000, 0x0000000692f00000, 0x0000000693000000|  0%| F|  |TAMS 0x0000000692f00000, 0x0000000692f00000| Untracked 
| 266|0x0000000693000000, 0x0000000693000000, 0x0000000693100000|  0%| F|  |TAMS 0x0000000693000000, 0x0000000693000000| Untracked 
| 267|0x0000000693100000, 0x0000000693100000, 0x0000000693200000|  0%| F|  |TAMS 0x0000000693100000, 0x0000000693100000| Untracked 
| 268|0x0000000693200000, 0x0000000693200000, 0x0000000693300000|  0%| F|  |TAMS 0x0000000693200000, 0x0000000693200000| Untracked 
| 269|0x0000000693300000, 0x0000000693300000, 0x0000000693400000|  0%| F|  |TAMS 0x0000000693300000, 0x0000000693300000| Untracked 
| 270|0x0000000693400000, 0x0000000693400000, 0x0000000693500000|  0%| F|  |TAMS 0x0000000693400000, 0x0000000693400000| Untracked 
| 271|0x0000000693500000, 0x0000000693500000, 0x0000000693600000|  0%| F|  |TAMS 0x0000000693500000, 0x0000000693500000| Untracked 
| 272|0x0000000693600000, 0x0000000693600000, 0x0000000693700000|  0%| F|  |TAMS 0x0000000693600000, 0x0000000693600000| Untracked 
| 273|0x0000000693700000, 0x0000000693700000, 0x0000000693800000|  0%| F|  |TAMS 0x0000000693700000, 0x0000000693700000| Untracked 
| 274|0x0000000693800000, 0x0000000693800000, 0x0000000693900000|  0%| F|  |TAMS 0x0000000693800000, 0x0000000693800000| Untracked 
| 275|0x0000000693900000, 0x0000000693900000, 0x0000000693a00000|  0%| F|  |TAMS 0x0000000693900000, 0x0000000693900000| Untracked 
| 276|0x0000000693a00000, 0x0000000693a00000, 0x0000000693b00000|  0%| F|  |TAMS 0x0000000693a00000, 0x0000000693a00000| Untracked 
| 277|0x0000000693b00000, 0x0000000693b00000, 0x0000000693c00000|  0%| F|  |TAMS 0x0000000693b00000, 0x0000000693b00000| Untracked 
| 278|0x0000000693c00000, 0x0000000693c00000, 0x0000000693d00000|  0%| F|  |TAMS 0x0000000693c00000, 0x0000000693c00000| Untracked 
| 279|0x0000000693d00000, 0x0000000693d00000, 0x0000000693e00000|  0%| F|  |TAMS 0x0000000693d00000, 0x0000000693d00000| Untracked 
| 280|0x0000000693e00000, 0x0000000693e00000, 0x0000000693f00000|  0%| F|  |TAMS 0x0000000693e00000, 0x0000000693e00000| Untracked 
| 281|0x0000000693f00000, 0x0000000693f00000, 0x0000000694000000|  0%| F|  |TAMS 0x0000000693f00000, 0x0000000693f00000| Untracked 
| 282|0x0000000694000000, 0x0000000694000000, 0x0000000694100000|  0%| F|  |TAMS 0x0000000694000000, 0x0000000694000000| Untracked 
| 283|0x0000000694100000, 0x0000000694100000, 0x0000000694200000|  0%| F|  |TAMS 0x0000000694100000, 0x0000000694100000| Untracked 
| 284|0x0000000694200000, 0x0000000694200000, 0x0000000694300000|  0%| F|  |TAMS 0x0000000694200000, 0x0000000694200000| Untracked 
| 285|0x0000000694300000, 0x0000000694300000, 0x0000000694400000|  0%| F|  |TAMS 0x0000000694300000, 0x0000000694300000| Untracked 
| 286|0x0000000694400000, 0x0000000694400000, 0x0000000694500000|  0%| F|  |TAMS 0x0000000694400000, 0x0000000694400000| Untracked 
| 287|0x0000000694500000, 0x0000000694500000, 0x0000000694600000|  0%| F|  |TAMS 0x0000000694500000, 0x0000000694500000| Untracked 
| 288|0x0000000694600000, 0x0000000694600000, 0x0000000694700000|  0%| F|  |TAMS 0x0000000694600000, 0x0000000694600000| Untracked 
| 289|0x0000000694700000, 0x0000000694700000, 0x0000000694800000|  0%| F|  |TAMS 0x0000000694700000, 0x0000000694700000| Untracked 
| 290|0x0000000694800000, 0x0000000694800000, 0x0000000694900000|  0%| F|  |TAMS 0x0000000694800000, 0x0000000694800000| Untracked 
| 291|0x0000000694900000, 0x0000000694900000, 0x0000000694a00000|  0%| F|  |TAMS 0x0000000694900000, 0x0000000694900000| Untracked 
| 292|0x0000000694a00000, 0x0000000694a00000, 0x0000000694b00000|  0%| F|  |TAMS 0x0000000694a00000, 0x0000000694a00000| Untracked 
| 293|0x0000000694b00000, 0x0000000694b00000, 0x0000000694c00000|  0%| F|  |TAMS 0x0000000694b00000, 0x0000000694b00000| Untracked 
| 294|0x0000000694c00000, 0x0000000694c00000, 0x0000000694d00000|  0%| F|  |TAMS 0x0000000694c00000, 0x0000000694c00000| Untracked 
| 295|0x0000000694d00000, 0x0000000694d00000, 0x0000000694e00000|  0%| F|  |TAMS 0x0000000694d00000, 0x0000000694d00000| Untracked 
| 296|0x0000000694e00000, 0x0000000694e00000, 0x0000000694f00000|  0%| F|  |TAMS 0x0000000694e00000, 0x0000000694e00000| Untracked 
| 297|0x0000000694f00000, 0x0000000694f00000, 0x0000000695000000|  0%| F|  |TAMS 0x0000000694f00000, 0x0000000694f00000| Untracked 
| 298|0x0000000695000000, 0x0000000695000000, 0x0000000695100000|  0%| F|  |TAMS 0x0000000695000000, 0x0000000695000000| Untracked 
| 299|0x0000000695100000, 0x0000000695100000, 0x0000000695200000|  0%| F|  |TAMS 0x0000000695100000, 0x0000000695100000| Untracked 
| 300|0x0000000695200000, 0x0000000695200000, 0x0000000695300000|  0%| F|  |TAMS 0x0000000695200000, 0x0000000695200000| Untracked 
| 301|0x0000000695300000, 0x0000000695300000, 0x0000000695400000|  0%| F|  |TAMS 0x0000000695300000, 0x0000000695300000| Untracked 
| 302|0x0000000695400000, 0x0000000695400000, 0x0000000695500000|  0%| F|  |TAMS 0x0000000695400000, 0x0000000695400000| Untracked 
| 303|0x0000000695500000, 0x0000000695500000, 0x0000000695600000|  0%| F|  |TAMS 0x0000000695500000, 0x0000000695500000| Untracked 
| 304|0x0000000695600000, 0x0000000695600000, 0x0000000695700000|  0%| F|  |TAMS 0x0000000695600000, 0x0000000695600000| Untracked 
| 305|0x0000000695700000, 0x0000000695700000, 0x0000000695800000|  0%| F|  |TAMS 0x0000000695700000, 0x0000000695700000| Untracked 
| 306|0x0000000695800000, 0x0000000695800000, 0x0000000695900000|  0%| F|  |TAMS 0x0000000695800000, 0x0000000695800000| Untracked 
| 307|0x0000000695900000, 0x0000000695900000, 0x0000000695a00000|  0%| F|  |TAMS 0x0000000695900000, 0x0000000695900000| Untracked 
| 308|0x0000000695a00000, 0x0000000695a00000, 0x0000000695b00000|  0%| F|  |TAMS 0x0000000695a00000, 0x0000000695a00000| Untracked 
| 309|0x0000000695b00000, 0x0000000695b00000, 0x0000000695c00000|  0%| F|  |TAMS 0x0000000695b00000, 0x0000000695b00000| Untracked 
| 310|0x0000000695c00000, 0x0000000695c00000, 0x0000000695d00000|  0%| F|  |TAMS 0x0000000695c00000, 0x0000000695c00000| Untracked 
| 311|0x0000000695d00000, 0x0000000695d00000, 0x0000000695e00000|  0%| F|  |TAMS 0x0000000695d00000, 0x0000000695d00000| Untracked 
| 312|0x0000000695e00000, 0x0000000695e00000, 0x0000000695f00000|  0%| F|  |TAMS 0x0000000695e00000, 0x0000000695e00000| Untracked 
| 313|0x0000000695f00000, 0x0000000695f00000, 0x0000000696000000|  0%| F|  |TAMS 0x0000000695f00000, 0x0000000695f00000| Untracked 
| 314|0x0000000696000000, 0x0000000696000000, 0x0000000696100000|  0%| F|  |TAMS 0x0000000696000000, 0x0000000696000000| Untracked 
| 315|0x0000000696100000, 0x0000000696100000, 0x0000000696200000|  0%| F|  |TAMS 0x0000000696100000, 0x0000000696100000| Untracked 
| 316|0x0000000696200000, 0x0000000696200000, 0x0000000696300000|  0%| F|  |TAMS 0x0000000696200000, 0x0000000696200000| Untracked 
| 317|0x0000000696300000, 0x0000000696300000, 0x0000000696400000|  0%| F|  |TAMS 0x0000000696300000, 0x0000000696300000| Untracked 
| 318|0x0000000696400000, 0x0000000696400000, 0x0000000696500000|  0%| F|  |TAMS 0x0000000696400000, 0x0000000696400000| Untracked 
| 319|0x0000000696500000, 0x0000000696500000, 0x0000000696600000|  0%| F|  |TAMS 0x0000000696500000, 0x0000000696500000| Untracked 
| 320|0x0000000696600000, 0x0000000696600000, 0x0000000696700000|  0%| F|  |TAMS 0x0000000696600000, 0x0000000696600000| Untracked 
| 321|0x0000000696700000, 0x0000000696700000, 0x0000000696800000|  0%| F|  |TAMS 0x0000000696700000, 0x0000000696700000| Untracked 
| 322|0x0000000696800000, 0x0000000696800000, 0x0000000696900000|  0%| F|  |TAMS 0x0000000696800000, 0x0000000696800000| Untracked 
| 323|0x0000000696900000, 0x0000000696900000, 0x0000000696a00000|  0%| F|  |TAMS 0x0000000696900000, 0x0000000696900000| Untracked 
| 324|0x0000000696a00000, 0x0000000696a00000, 0x0000000696b00000|  0%| F|  |TAMS 0x0000000696a00000, 0x0000000696a00000| Untracked 
| 325|0x0000000696b00000, 0x0000000696b00000, 0x0000000696c00000|  0%| F|  |TAMS 0x0000000696b00000, 0x0000000696b00000| Untracked 
| 326|0x0000000696c00000, 0x0000000696c00000, 0x0000000696d00000|  0%| F|  |TAMS 0x0000000696c00000, 0x0000000696c00000| Untracked 
| 327|0x0000000696d00000, 0x0000000696d00000, 0x0000000696e00000|  0%| F|  |TAMS 0x0000000696d00000, 0x0000000696d00000| Untracked 
| 328|0x0000000696e00000, 0x0000000696e00000, 0x0000000696f00000|  0%| F|  |TAMS 0x0000000696e00000, 0x0000000696e00000| Untracked 
| 329|0x0000000696f00000, 0x0000000696f00000, 0x0000000697000000|  0%| F|  |TAMS 0x0000000696f00000, 0x0000000696f00000| Untracked 
| 330|0x0000000697000000, 0x0000000697000000, 0x0000000697100000|  0%| F|  |TAMS 0x0000000697000000, 0x0000000697000000| Untracked 
| 331|0x0000000697100000, 0x0000000697100000, 0x0000000697200000|  0%| F|  |TAMS 0x0000000697100000, 0x0000000697100000| Untracked 
| 332|0x0000000697200000, 0x0000000697200000, 0x0000000697300000|  0%| F|  |TAMS 0x0000000697200000, 0x0000000697200000| Untracked 
| 333|0x0000000697300000, 0x0000000697300000, 0x0000000697400000|  0%| F|  |TAMS 0x0000000697300000, 0x0000000697300000| Untracked 
| 334|0x0000000697400000, 0x0000000697400000, 0x0000000697500000|  0%| F|  |TAMS 0x0000000697400000, 0x0000000697400000| Untracked 
| 335|0x0000000697500000, 0x0000000697500000, 0x0000000697600000|  0%| F|  |TAMS 0x0000000697500000, 0x0000000697500000| Untracked 
| 336|0x0000000697600000, 0x0000000697600000, 0x0000000697700000|  0%| F|  |TAMS 0x0000000697600000, 0x0000000697600000| Untracked 
| 337|0x0000000697700000, 0x0000000697700000, 0x0000000697800000|  0%| F|  |TAMS 0x0000000697700000, 0x0000000697700000| Untracked 
| 338|0x0000000697800000, 0x0000000697800000, 0x0000000697900000|  0%| F|  |TAMS 0x0000000697800000, 0x0000000697800000| Untracked 
| 339|0x0000000697900000, 0x0000000697900000, 0x0000000697a00000|  0%| F|  |TAMS 0x0000000697900000, 0x0000000697900000| Untracked 
| 340|0x0000000697a00000, 0x0000000697a00000, 0x0000000697b00000|  0%| F|  |TAMS 0x0000000697a00000, 0x0000000697a00000| Untracked 
| 341|0x0000000697b00000, 0x0000000697b00000, 0x0000000697c00000|  0%| F|  |TAMS 0x0000000697b00000, 0x0000000697b00000| Untracked 
| 342|0x0000000697c00000, 0x0000000697c00000, 0x0000000697d00000|  0%| F|  |TAMS 0x0000000697c00000, 0x0000000697c00000| Untracked 
| 343|0x0000000697d00000, 0x0000000697d00000, 0x0000000697e00000|  0%| F|  |TAMS 0x0000000697d00000, 0x0000000697d00000| Untracked 
| 344|0x0000000697e00000, 0x0000000697e00000, 0x0000000697f00000|  0%| F|  |TAMS 0x0000000697e00000, 0x0000000697e00000| Untracked 
| 345|0x0000000697f00000, 0x0000000697f00000, 0x0000000698000000|  0%| F|  |TAMS 0x0000000697f00000, 0x0000000697f00000| Untracked 
| 346|0x0000000698000000, 0x0000000698000000, 0x0000000698100000|  0%| F|  |TAMS 0x0000000698000000, 0x0000000698000000| Untracked 
| 347|0x0000000698100000, 0x0000000698100000, 0x0000000698200000|  0%| F|  |TAMS 0x0000000698100000, 0x0000000698100000| Untracked 
| 348|0x0000000698200000, 0x0000000698200000, 0x0000000698300000|  0%| F|  |TAMS 0x0000000698200000, 0x0000000698200000| Untracked 
| 349|0x0000000698300000, 0x0000000698300000, 0x0000000698400000|  0%| F|  |TAMS 0x0000000698300000, 0x0000000698300000| Untracked 
| 350|0x0000000698400000, 0x0000000698400000, 0x0000000698500000|  0%| F|  |TAMS 0x0000000698400000, 0x0000000698400000| Untracked 
| 351|0x0000000698500000, 0x0000000698500000, 0x0000000698600000|  0%| F|  |TAMS 0x0000000698500000, 0x0000000698500000| Untracked 
| 352|0x0000000698600000, 0x0000000698600000, 0x0000000698700000|  0%| F|  |TAMS 0x0000000698600000, 0x0000000698600000| Untracked 
| 353|0x0000000698700000, 0x0000000698700000, 0x0000000698800000|  0%| F|  |TAMS 0x0000000698700000, 0x0000000698700000| Untracked 
| 354|0x0000000698800000, 0x0000000698800000, 0x0000000698900000|  0%| F|  |TAMS 0x0000000698800000, 0x0000000698800000| Untracked 
| 355|0x0000000698900000, 0x0000000698a00000, 0x0000000698a00000|100%| S|CS|TAMS 0x0000000698900000, 0x0000000698900000| Complete 
| 356|0x0000000698a00000, 0x0000000698b00000, 0x0000000698b00000|100%| S|CS|TAMS 0x0000000698a00000, 0x0000000698a00000| Complete 
| 357|0x0000000698b00000, 0x0000000698c00000, 0x0000000698c00000|100%| S|CS|TAMS 0x0000000698b00000, 0x0000000698b00000| Complete 
| 358|0x0000000698c00000, 0x0000000698c00000, 0x0000000698d00000|  0%| F|  |TAMS 0x0000000698c00000, 0x0000000698c00000| Untracked 
| 359|0x0000000698d00000, 0x0000000698d00000, 0x0000000698e00000|  0%| F|  |TAMS 0x0000000698d00000, 0x0000000698d00000| Untracked 
| 360|0x0000000698e00000, 0x0000000698e00000, 0x0000000698f00000|  0%| F|  |TAMS 0x0000000698e00000, 0x0000000698e00000| Untracked 
| 361|0x0000000698f00000, 0x0000000698f00000, 0x0000000699000000|  0%| F|  |TAMS 0x0000000698f00000, 0x0000000698f00000| Untracked 
| 362|0x0000000699000000, 0x0000000699000000, 0x0000000699100000|  0%| F|  |TAMS 0x0000000699000000, 0x0000000699000000| Untracked 
| 363|0x0000000699100000, 0x0000000699100000, 0x0000000699200000|  0%| F|  |TAMS 0x0000000699100000, 0x0000000699100000| Untracked 
| 364|0x0000000699200000, 0x0000000699200000, 0x0000000699300000|  0%| F|  |TAMS 0x0000000699200000, 0x0000000699200000| Untracked 
| 365|0x0000000699300000, 0x0000000699300000, 0x0000000699400000|  0%| F|  |TAMS 0x0000000699300000, 0x0000000699300000| Untracked 
| 366|0x0000000699400000, 0x0000000699400000, 0x0000000699500000|  0%| F|  |TAMS 0x0000000699400000, 0x0000000699400000| Untracked 
| 367|0x0000000699500000, 0x0000000699500000, 0x0000000699600000|  0%| F|  |TAMS 0x0000000699500000, 0x0000000699500000| Untracked 
| 368|0x0000000699600000, 0x0000000699600000, 0x0000000699700000|  0%| F|  |TAMS 0x0000000699600000, 0x0000000699600000| Untracked 
| 369|0x0000000699700000, 0x0000000699700000, 0x0000000699800000|  0%| F|  |TAMS 0x0000000699700000, 0x0000000699700000| Untracked 
| 370|0x0000000699800000, 0x0000000699900000, 0x0000000699900000|100%| E|  |TAMS 0x0000000699800000, 0x0000000699800000| Complete 
| 371|0x0000000699900000, 0x0000000699a00000, 0x0000000699a00000|100%| E|CS|TAMS 0x0000000699900000, 0x0000000699900000| Complete 
| 372|0x0000000699a00000, 0x0000000699b00000, 0x0000000699b00000|100%| E|CS|TAMS 0x0000000699a00000, 0x0000000699a00000| Complete 
| 373|0x0000000699b00000, 0x0000000699c00000, 0x0000000699c00000|100%| E|CS|TAMS 0x0000000699b00000, 0x0000000699b00000| Complete 
| 374|0x0000000699c00000, 0x0000000699d00000, 0x0000000699d00000|100%| E|CS|TAMS 0x0000000699c00000, 0x0000000699c00000| Complete 
| 375|0x0000000699d00000, 0x0000000699e00000, 0x0000000699e00000|100%| E|CS|TAMS 0x0000000699d00000, 0x0000000699d00000| Complete 
| 376|0x0000000699e00000, 0x0000000699f00000, 0x0000000699f00000|100%| E|CS|TAMS 0x0000000699e00000, 0x0000000699e00000| Complete 
| 377|0x0000000699f00000, 0x000000069a000000, 0x000000069a000000|100%| E|CS|TAMS 0x0000000699f00000, 0x0000000699f00000| Complete 
| 378|0x000000069a000000, 0x000000069a100000, 0x000000069a100000|100%| E|CS|TAMS 0x000000069a000000, 0x000000069a000000| Complete 
| 379|0x000000069a100000, 0x000000069a200000, 0x000000069a200000|100%| E|CS|TAMS 0x000000069a100000, 0x000000069a100000| Complete 
| 380|0x000000069a200000, 0x000000069a300000, 0x000000069a300000|100%| E|CS|TAMS 0x000000069a200000, 0x000000069a200000| Complete 
| 381|0x000000069a300000, 0x000000069a400000, 0x000000069a400000|100%| E|CS|TAMS 0x000000069a300000, 0x000000069a300000| Complete 

Card table byte_map: [0x000001a8cb0e0000,0x000001a8cbcd0000] _byte_map_base: 0x000001a8c7ccd000

Marking Bits (Prev, Next): (CMBitMap*) 0x000001a8b3c08508, (CMBitMap*) 0x000001a8b3c08540
 Prev Bits: [0x000001a8cc8c0000, 0x000001a8d2828000)
 Next Bits: [0x000001a8d2830000, 0x000001a8d8798000)

Polling page: 0x000001a8b3360000

Metaspace:

Usage:
  Non-class:     13.07 MB capacity,    12.97 MB (>99%) used,    81.59 KB ( <1%) free+waste,    20.44 KB ( <1%) overhead. 
      Class:      1.16 MB capacity,     1.06 MB ( 91%) used,    93.03 KB (  8%) free+waste,     9.06 KB ( <1%) overhead. 
       Both:     14.23 MB capacity,    14.03 MB ( 99%) used,   174.63 KB (  1%) free+waste,    29.50 KB ( <1%) overhead. 

Virtual space:
  Non-class space:       14.00 MB reserved,      13.25 MB ( 95%) committed 
      Class space:        1.00 GB reserved,       1.25 MB ( <1%) committed 
             Both:        1.01 GB reserved,      14.50 MB (  1%) committed 

Chunk freelists:
   Non-Class:  14.75 KB
       Class:  3.50 KB
        Both:  18.25 KB

CodeHeap 'non-profiled nmethods': size=120000Kb used=402Kb max_used=402Kb free=119598Kb
 bounds [0x000001a8c2c80000, 0x000001a8c2ef0000, 0x000001a8ca1b0000]
CodeHeap 'profiled nmethods': size=120000Kb used=1888Kb max_used=1888Kb free=118111Kb
 bounds [0x000001a8bb750000, 0x000001a8bb9c0000, 0x000001a8c2c80000]
CodeHeap 'non-nmethods': size=5760Kb used=1513Kb max_used=1543Kb free=4246Kb
 bounds [0x000001a8bb1b0000, 0x000001a8bb420000, 0x000001a8bb750000]
 total_blobs=2060 nmethods=1016 adapters=956
 compilation: enabled
              stopped_count=0, restarted_count=0
 full_count=0

Compilation events (10 events):
Event: 0.956 Thread 0x000001a8dbd69800 1010   !   3       jdk.internal.loader.URLClassPath$JarLoader::getResource (353 bytes)
Event: 0.957 Thread 0x000001a8dbd69800 nmethod 1010 0x000001a8bb921010 code [0x000001a8bb921480, 0x000001a8bb923558]
Event: 0.958 Thread 0x000001a8dbd69800 1012       3       java.util.Vector::add (23 bytes)
Event: 0.958 Thread 0x000001a8dbd69800 nmethod 1012 0x000001a8bb924790 code [0x000001a8bb924980, 0x000001a8bb924ef8]
Event: 0.972 Thread 0x000001a8dbd69800 1014   !   3       jdk.internal.loader.URLClassPath$FileLoader::getResource (164 bytes)
Event: 0.973 Thread 0x000001a8dbd69800 nmethod 1014 0x000001a8bb925110 code [0x000001a8bb925400, 0x000001a8bb926328]
Event: 0.973 Thread 0x000001a8dbd69800 1015       3       java.io.File::<init> (113 bytes)
Event: 0.973 Thread 0x000001a8dbd69800 nmethod 1015 0x000001a8bb926b10 code [0x000001a8bb926dc0, 0x000001a8bb927798]
Event: 0.973 Thread 0x000001a8dbd69800 1016       3       org.lwjgl.system.MemoryStack::setPointer (17 bytes)
Event: 0.973 Thread 0x000001a8dbd69800 nmethod 1016 0x000001a8bb927b10 code [0x000001a8bb927cc0, 0x000001a8bb927f88]

GC Heap History (2 events):
Event: 0.649 GC heap before
{Heap before GC invocations=0 (full 0):
 garbage-first heap   total 391168K, used 23552K [0x0000000682600000, 0x0000000800000000)
  region size 1024K, 24 young (24576K), 0 survivors (0K)
 Metaspace       used 13111K, capacity 13292K, committed 13440K, reserved 1060864K
  class space    used 1033K, capacity 1123K, committed 1152K, reserved 1048576K
}
Event: 0.654 GC heap after
{Heap after GC invocations=1 (full 0):
 garbage-first heap   total 391168K, used 3453K [0x0000000682600000, 0x0000000800000000)
  region size 1024K, 3 young (3072K), 3 survivors (3072K)
 Metaspace       used 13111K, capacity 13292K, committed 13440K, reserved 1060864K
  class space    used 1033K, capacity 1123K, committed 1152K, reserved 1048576K
}

Deoptimization events (8 events):
Event: 0.072 Thread 0x000001a8b3b8a800 Uncommon trap: reason=unstable_if action=reinterpret pc=0x000001a8c2c84720 method=java.lang.String.hashCode()I @ 14 c2
Event: 0.074 Thread 0x000001a8b3b8a800 Uncommon trap: reason=unstable_if action=reinterpret pc=0x000001a8c2c82258 method=java.lang.String.isLatin1()Z @ 10 c2
Event: 0.607 Thread 0x000001a8b3b8a800 Uncommon trap: reason=unstable_if action=reinterpret pc=0x000001a8c2cb7b3c method=jdk.internal.math.FloatingDecimal.readJavaFormatString(Ljava/lang/String;)Ljdk/internal/math/FloatingDecimal$ASCIIToBinaryConverter; @ 235 c2
Event: 0.660 Thread 0x000001a8b3b8a800 Uncommon trap: reason=intrinsic_or_type_checked_inlining action=make_not_entrant pc=0x000001a8c2cc70f8 method=java.util.ArrayList$SubList.toArray([Ljava/lang/Object;)[Ljava/lang/Object; @ 58 c2
Event: 0.666 Thread 0x000001a8b3b8a800 Uncommon trap: reason=unstable_if action=reinterpret pc=0x000001a8c2cbce6c method=java.io.BufferedReader.readLine(Z)Ljava/lang/String; @ 55 c2
Event: 0.690 Thread 0x000001a8b3b8a800 Uncommon trap: reason=intrinsic_or_type_checked_inlining action=make_not_entrant pc=0x000001a8c2ccb018 method=java.util.ArrayList$SubList.toArray([Ljava/lang/Object;)[Ljava/lang/Object; @ 58 c2
Event: 0.690 Thread 0x000001a8b3b8a800 Uncommon trap: reason=unstable_if action=reinterpret pc=0x000001a8c2cc2f54 method=jdk.internal.math.FloatingDecimal.readJavaFormatString(Ljava/lang/String;)Ljdk/internal/math/FloatingDecimal$ASCIIToBinaryConverter; @ 445 c2
Event: 0.690 Thread 0x000001a8b3b8a800 Uncommon trap: reason=unstable_if action=reinterpret pc=0x000001a8c2cba188 method=jdk.internal.math.FloatingDecimal$ASCIIToBinaryBuffer.floatValue()F @ 70 c2

Classes redefined (0 events):
No events

Internal exceptions (10 events):
Event: 0.314 Thread 0x000001a8b3b8a800 Exception <a 'java/lang/NoSuchMethodError'{0x0000000699c3d688}: java.lang.invoke.DirectMethodHandle$Holder.invokeStaticInit(Ljava/lang/Object;Ljava/lang/Object;JJ)I> (0x0000000699c3d688) thrown at [./open/src/hotspot/share/interpreter/linkResolver.cpp, li
Event: 0.315 Thread 0x000001a8b3b8a800 Exception <a 'java/lang/NoSuchMethodError'{0x0000000699c48de8}: java.lang.invoke.Invokers$Holder.linkToTargetMethod(Ljava/lang/Object;JLjava/lang/Object;)Ljava/lang/Object;> (0x0000000699c48de8) thrown at [./open/src/hotspot/share/interpreter/linkResolver
Event: 0.315 Thread 0x000001a8b3b8a800 Exception <a 'java/lang/NoSuchMethodError'{0x0000000699c4f018}: java.lang.invoke.DirectMethodHandle$Holder.invokeStaticInit(Ljava/lang/Object;Ljava/lang/Object;Ljava/lang/Object;J)I> (0x0000000699c4f018) thrown at [./open/src/hotspot/share/interpreter/lin
Event: 0.410 Thread 0x000001a8b3b8a800 Exception <a 'sun/nio/fs/WindowsException'{0x0000000699b02ab8}> (0x0000000699b02ab8) thrown at [./open/src/hotspot/share/prims/jni.cpp, line 611]
Event: 0.410 Thread 0x000001a8b3b8a800 Exception <a 'sun/nio/fs/WindowsException'{0x0000000699b02e68}> (0x0000000699b02e68) thrown at [./open/src/hotspot/share/prims/jni.cpp, line 611]
Event: 0.415 Thread 0x000001a8b3b8a800 Exception <a 'java/lang/NoSuchMethodError'{0x0000000699b335d0}: java.lang.invoke.DirectMethodHandle$Holder.invokeStatic(Ljava/lang/Object;J)V> (0x0000000699b335d0) thrown at [./open/src/hotspot/share/interpreter/linkResolver.cpp, line 772]
Event: 0.429 Thread 0x000001a8b3b8a800 Exception <a 'sun/nio/fs/WindowsException'{0x0000000699b9ba50}> (0x0000000699b9ba50) thrown at [./open/src/hotspot/share/prims/jni.cpp, line 611]
Event: 0.429 Thread 0x000001a8b3b8a800 Exception <a 'sun/nio/fs/WindowsException'{0x0000000699b9be28}> (0x0000000699b9be28) thrown at [./open/src/hotspot/share/prims/jni.cpp, line 611]
Event: 0.431 Thread 0x000001a8b3b8a800 Exception <a 'sun/nio/fs/WindowsException'{0x0000000699bafa70}> (0x0000000699bafa70) thrown at [./open/src/hotspot/share/prims/jni.cpp, line 611]
Event: 0.431 Thread 0x000001a8b3b8a800 Exception <a 'sun/nio/fs/WindowsException'{0x0000000699bafd80}> (0x0000000699bafd80) thrown at [./open/src/hotspot/share/prims/jni.cpp, line 611]

Events (10 events):
Event: 0.958 loading class com/alkrist/maribel/graphics/antialiasing/SampleCoverage
Event: 0.958 loading class com/alkrist/maribel/graphics/antialiasing/SampleCoverage done
Event: 0.958 loading class com/alkrist/maribel/graphics/antialiasing/SampleCoverageShader
Event: 0.958 loading class com/alkrist/maribel/graphics/antialiasing/SampleCoverageShader done
Event: 0.972 loading class com/alkrist/maribel/graphics/transparency/OpaqueTransparencyBlending
Event: 0.972 loading class com/alkrist/maribel/graphics/transparency/OpaqueTransparencyBlending done
Event: 0.972 loading class com/alkrist/maribel/graphics/render/parameter/AlphaBlendingSrcAlpha
Event: 0.972 loading class com/alkrist/maribel/graphics/render/parameter/AlphaBlendingSrcAlpha done
Event: 0.973 loading class com/alkrist/maribel/graphics/transparency/OpaqueTransparencyBlendShader
Event: 0.973 loading class com/alkrist/maribel/graphics/transparency/OpaqueTransparencyBlendShader done


Dynamic libraries:
0x00007ff7ab950000 - 0x00007ff7ab95f000 	C:\Program Files\Java\jdk-11.0.13\bin\javaw.exe
0x00007ff9d2df0000 - 0x00007ff9d3004000 	C:\WINDOWS\SYSTEM32\ntdll.dll
0x00007ff9d1730000 - 0x00007ff9d17f2000 	C:\WINDOWS\System32\KERNEL32.DLL
0x00007ff9d0490000 - 0x00007ff9d0833000 	C:\WINDOWS\System32\KERNELBASE.dll
0x00007ff9d0ad0000 - 0x00007ff9d0be1000 	C:\WINDOWS\System32\ucrtbase.dll
0x00007ff9c5db0000 - 0x00007ff9c5dc8000 	C:\Program Files\Java\jdk-11.0.13\bin\jli.dll
0x00007ff9c5200000 - 0x00007ff9c5215000 	C:\Program Files\Java\jdk-11.0.13\bin\VCRUNTIME140.dll
0x00007ff9d26e0000 - 0x00007ff9d278e000 	C:\WINDOWS\System32\ADVAPI32.dll
0x00007ff9d2d00000 - 0x00007ff9d2da7000 	C:\WINDOWS\System32\msvcrt.dll
0x00007ff9d27f0000 - 0x00007ff9d2894000 	C:\WINDOWS\System32\sechost.dll
0x00007ff9d2950000 - 0x00007ff9d2a67000 	C:\WINDOWS\System32\RPCRT4.dll
0x00007ff9d2a70000 - 0x00007ff9d2c1b000 	C:\WINDOWS\System32\USER32.dll
0x00007ff9b1130000 - 0x00007ff9b13be000 	C:\WINDOWS\WinSxS\amd64_microsoft.windows.common-controls_6595b64144ccf1df_6.0.22621.1635_none_270f70857386168e\COMCTL32.dll
0x00007ff9d0330000 - 0x00007ff9d0356000 	C:\WINDOWS\System32\win32u.dll
0x00007ff9d1370000 - 0x00007ff9d1399000 	C:\WINDOWS\System32\GDI32.dll
0x00007ff9d0840000 - 0x00007ff9d0958000 	C:\WINDOWS\System32\gdi32full.dll
0x00007ff9d0290000 - 0x00007ff9d032a000 	C:\WINDOWS\System32\msvcp_win.dll
0x00007ff9c8280000 - 0x00007ff9c828a000 	C:\WINDOWS\SYSTEM32\VERSION.dll
0x00007ff9d1570000 - 0x00007ff9d15a1000 	C:\WINDOWS\System32\IMM32.DLL
0x00007ff986a60000 - 0x00007ff986afb000 	C:\Program Files\Java\jdk-11.0.13\bin\msvcp140.dll
0x00007ff978230000 - 0x00007ff978d43000 	C:\Program Files\Java\jdk-11.0.13\bin\server\jvm.dll
0x00007ff9d1ed0000 - 0x00007ff9d1ed8000 	C:\WINDOWS\System32\PSAPI.DLL
0x00007ff9c9d00000 - 0x00007ff9c9d34000 	C:\WINDOWS\SYSTEM32\WINMM.dll
0x00007ff9b9a30000 - 0x00007ff9b9a39000 	C:\WINDOWS\SYSTEM32\WSOCK32.dll
0x00007ff9d16b0000 - 0x00007ff9d1721000 	C:\WINDOWS\System32\WS2_32.dll
0x00007ff9cf260000 - 0x00007ff9cf278000 	C:\WINDOWS\SYSTEM32\kernel.appcore.dll
0x00007ff9b7c00000 - 0x00007ff9b7c10000 	C:\Program Files\Java\jdk-11.0.13\bin\verify.dll
0x00007ff9c6b20000 - 0x00007ff9c6d4e000 	C:\WINDOWS\SYSTEM32\DBGHELP.DLL
0x00007ff9d0cc0000 - 0x00007ff9d1049000 	C:\WINDOWS\System32\combase.dll
0x00007ff9d2c20000 - 0x00007ff9d2cf7000 	C:\WINDOWS\System32\OLEAUT32.dll
0x00007ff9c6ae0000 - 0x00007ff9c6b12000 	C:\WINDOWS\SYSTEM32\dbgcore.DLL
0x00007ff9d0210000 - 0x00007ff9d028b000 	C:\WINDOWS\System32\bcryptPrimitives.dll
0x00007ff9a45b0000 - 0x00007ff9a45d8000 	C:\Program Files\Java\jdk-11.0.13\bin\java.dll
0x00007ff9b0b50000 - 0x00007ff9b0b5a000 	C:\Program Files\Java\jdk-11.0.13\bin\jimage.dll
0x00007ff9a8f40000 - 0x00007ff9a8f56000 	C:\Program Files\Java\jdk-11.0.13\bin\zip.dll
0x00007ff9d1ee0000 - 0x00007ff9d26da000 	C:\WINDOWS\System32\SHELL32.dll
0x00007ff9ce140000 - 0x00007ff9cea0e000 	C:\WINDOWS\SYSTEM32\windows.storage.dll
0x00007ff9ce000000 - 0x00007ff9ce13e000 	C:\WINDOWS\SYSTEM32\wintypes.dll
0x00007ff9d15b0000 - 0x00007ff9d16a1000 	C:\WINDOWS\System32\SHCORE.dll
0x00007ff9d2790000 - 0x00007ff9d27ee000 	C:\WINDOWS\System32\shlwapi.dll
0x00007ff9d0140000 - 0x00007ff9d0161000 	C:\WINDOWS\SYSTEM32\profapi.dll
0x00007ff9a4590000 - 0x00007ff9a45a9000 	C:\Program Files\Java\jdk-11.0.13\bin\net.dll
0x00007ff9c9530000 - 0x00007ff9c9667000 	C:\WINDOWS\SYSTEM32\WINHTTP.dll
0x00007ff9cf6d0000 - 0x00007ff9cf739000 	C:\WINDOWS\system32\mswsock.dll
0x00007ff9a4410000 - 0x00007ff9a4422000 	C:\Program Files\Java\jdk-11.0.13\bin\nio.dll
0x00007ff9ab660000 - 0x00007ff9ab6d5000 	C:\Users\Alkrist.MSI\AppData\Local\Temp\lwjglAlkrist\3.3.1-build-7\lwjgl.dll
0x00007ff9a79d0000 - 0x00007ff9a7a31000 	C:\Users\Alkrist.MSI\AppData\Local\Temp\lwjglAlkrist\3.3.1-build-7\glfw.dll
0x00007ff9b7d10000 - 0x00007ff9b7d56000 	C:\WINDOWS\SYSTEM32\dinput8.dll
0x00007ff98e1a0000 - 0x00007ff98e1b1000 	C:\WINDOWS\SYSTEM32\xinput1_4.dll
0x00007ff9cfe20000 - 0x00007ff9cfe6e000 	C:\WINDOWS\SYSTEM32\cfgmgr32.dll
0x00007ff9cfde0000 - 0x00007ff9cfe0c000 	C:\WINDOWS\SYSTEM32\DEVOBJ.dll
0x00007ff9cdaf0000 - 0x00007ff9cdb1b000 	C:\WINDOWS\SYSTEM32\dwmapi.dll
0x00007ff9af580000 - 0x00007ff9af781000 	C:\WINDOWS\SYSTEM32\inputhost.dll
0x00007ff9cd140000 - 0x00007ff9cd273000 	C:\WINDOWS\SYSTEM32\CoreMessaging.dll
0x00007ff9cd6c0000 - 0x00007ff9cd76b000 	C:\WINDOWS\system32\uxtheme.dll
0x00007ff9d13c0000 - 0x00007ff9d14de000 	C:\WINDOWS\System32\MSCTF.dll
0x00007ff9cf930000 - 0x00007ff9cf93c000 	C:\WINDOWS\SYSTEM32\CRYPTBASE.DLL
0x00007ff98fd30000 - 0x00007ff98fe30000 	C:\WINDOWS\SYSTEM32\opengl32.dll
0x00007ff9939b0000 - 0x00007ff9939dd000 	C:\WINDOWS\SYSTEM32\GLU32.dll
0x00007ff9cd7c0000 - 0x00007ff9cd7f6000 	C:\WINDOWS\SYSTEM32\dxcore.dll
0x00007ff9c8670000 - 0x00007ff9c86b8000 	C:\WINDOWS\SYSTEM32\directxdatabasehelper.dll
0x00007ff9d28a0000 - 0x00007ff9d2950000 	C:\WINDOWS\System32\clbcatq.dll
0x00007ff97f6a0000 - 0x00007ff980745000 	C:\WINDOWS\System32\DriverStore\FileRepository\iigd_dch.inf_amd64_51f685305808e3a5\ig9icd64.dll
0x00007ff9d1890000 - 0x00007ff9d1a2c000 	C:\WINDOWS\System32\ole32.dll
0x00007ff9cd8f0000 - 0x00007ff9cd9e6000 	C:\WINDOWS\system32\dxgi.dll
0x00007ff99b720000 - 0x00007ff99b84c000 	C:\WINDOWS\System32\DriverStore\FileRepository\iigd_dch.inf_amd64_51f685305808e3a5\igdml64.dll
0x00007ff9bacf0000 - 0x00007ff9bb0f9000 	C:\WINDOWS\System32\DriverStore\FileRepository\iigd_dch.inf_amd64_51f685305808e3a5\igdgmm64.dll
0x00007ff9b4260000 - 0x00007ff9b79f4000 	C:\WINDOWS\System32\DriverStore\FileRepository\iigd_dch.inf_amd64_51f685305808e3a5\igc64.dll
0x00007ff9d00e0000 - 0x00007ff9d012d000 	C:\WINDOWS\SYSTEM32\powrprof.dll
0x00007ff9d00c0000 - 0x00007ff9d00d3000 	C:\WINDOWS\SYSTEM32\UMPDC.dll
0x00007ff9a4430000 - 0x00007ff9a44b1000 	C:\Users\Alkrist.MSI\AppData\Local\Temp\lwjglAlkrist\3.3.1-build-7\lwjgl_stb.dll
0x00007ff9a8030000 - 0x00007ff9a80ec000 	C:\WINDOWS\SYSTEM32\mscms.dll
0x00007ff98e2e0000 - 0x00007ff98e329000 	C:\WINDOWS\SYSTEM32\icm32.dll
0x00007ff9a7970000 - 0x00007ff9a79cd000 	C:\Users\Alkrist.MSI\AppData\Local\Temp\lwjglAlkrist\3.3.1-build-7\lwjgl_opengl.dll
0x00007ff9b2520000 - 0x00007ff9b264d000 	C:\WINDOWS\SYSTEM32\textinputframework.dll
0x00007ff9c4310000 - 0x00007ff9c467c000 	C:\WINDOWS\SYSTEM32\CoreUIComponents.dll

dbghelp: loaded successfully - version: 4.0.5 - missing functions: none
symbol engine: initialized successfully - sym options: 0x614 - pdb path: .;C:\Program Files\Java\jdk-11.0.13\bin;C:\WINDOWS\SYSTEM32;C:\WINDOWS\WinSxS\amd64_microsoft.windows.common-controls_6595b64144ccf1df_6.0.22621.1635_none_270f70857386168e;C:\Program Files\Java\jdk-11.0.13\bin\server;C:\Users\Alkrist.MSI\AppData\Local\Temp\lwjglAlkrist\3.3.1-build-7;C:\WINDOWS\System32\DriverStore\FileRepository\iigd_dch.inf_amd64_51f685305808e3a5

VM Arguments:
jvm_args: -Dfile.encoding=UTF-8 
java_command: com.alkrist.maribel.client.TestGraphics
java_class_path (initial): D:\Development\java\maribel\maribeljava\target\classes;C:\Users\Alkrist.MSI\.m2\repository\org\json\json\20210307\json-20210307.jar;C:\Users\Alkrist.MSI\.m2\repository\org\joml\joml\1.9.6\joml-1.9.6.jar;C:\Users\Alkrist.MSI\.m2\repository\org\lwjgl\lwjgl\3.3.1\lwjgl-3.3.1.jar;C:\Users\Alkrist.MSI\.m2\repository\org\lwjgl\lwjgl-assimp\3.3.1\lwjgl-assimp-3.3.1.jar;C:\Users\Alkrist.MSI\.m2\repository\org\lwjgl\lwjgl-glfw\3.3.1\lwjgl-glfw-3.3.1.jar;C:\Users\Alkrist.MSI\.m2\repository\org\lwjgl\lwjgl-openal\3.3.1\lwjgl-openal-3.3.1.jar;C:\Users\Alkrist.MSI\.m2\repository\org\lwjgl\lwjgl-opengl\3.3.1\lwjgl-opengl-3.3.1.jar;C:\Users\Alkrist.MSI\.m2\repository\org\lwjgl\lwjgl-stb\3.3.1\lwjgl-stb-3.3.1.jar;C:\Users\Alkrist.MSI\.m2\repository\org\lwjgl\lwjgl\3.3.1\lwjgl-3.3.1-natives-windows.jar;C:\Users\Alkrist.MSI\.m2\repository\org\lwjgl\lwjgl-assimp\3.3.1\lwjgl-assimp-3.3.1-natives-windows.jar;C:\Users\Alkrist.MSI\.m2\repository\org\lwjgl\lwjgl-glfw\3.3.1\lwjgl-glfw-3.3.1-natives-windows.jar;C:\Users\Alkrist.MSI\.m2\repository\org\lwjgl\lwjgl-openal\3.3.1\lwjgl-openal-3.3.1-natives-windows.jar;C:\Users\Alkrist.MSI\.m2\repository\org\lwjgl\lwjgl-opengl\3.3.1\lwjgl-opengl-3.3.1-natives-windows.jar;C:\Users\Alkrist.MSI\.m2\repository\org\lwjgl\lwjgl-stb\3.3.1\lwjgl-stb-3.3.1-natives-windows.jar
Launcher Type: SUN_STANDARD

[Global flags]
     intx CICompilerCount                          = 4                                         {product} {ergonomic}
     uint ConcGCThreads                            = 2                                         {product} {ergonomic}
     uint G1ConcRefinementThreads                  = 8                                         {product} {ergonomic}
   size_t G1HeapRegionSize                         = 1048576                                   {product} {ergonomic}
    uintx GCDrainStackTargetSize                   = 64                                        {product} {ergonomic}
   size_t InitialHeapSize                          = 400556032                                 {product} {ergonomic}
   size_t MarkStackSize                            = 4194304                                   {product} {ergonomic}
   size_t MaxHeapSize                              = 6402605056                                {product} {ergonomic}
   size_t MaxNewSize                               = 3840933888                                {product} {ergonomic}
   size_t MinHeapDeltaBytes                        = 1048576                                   {product} {ergonomic}
    uintx NonNMethodCodeHeapSize                   = 5836300                                {pd product} {ergonomic}
    uintx NonProfiledCodeHeapSize                  = 122910970                              {pd product} {ergonomic}
    uintx ProfiledCodeHeapSize                     = 122910970                              {pd product} {ergonomic}
    uintx ReservedCodeCacheSize                    = 251658240                              {pd product} {ergonomic}
     bool SegmentedCodeCache                       = true                                      {product} {ergonomic}
     bool UseCompressedClassPointers               = true                                 {lp64_product} {ergonomic}
     bool UseCompressedOops                        = true                                 {lp64_product} {ergonomic}
     bool UseG1GC                                  = true                                      {product} {ergonomic}
     bool UseLargePagesIndividualAllocation        = false                                  {pd product} {ergonomic}

Logging:
Log output configuration:
 #0: stdout all=warning uptime,level,tags
 #1: stderr all=off uptime,level,tags

Environment Variables:
PATH=C:\Program Files\Common Files\Oracle\Java\javapath;C:\Program Files (x86)\Common Files\Oracle\Java\javapath;C:\ProgramData\Oracle\Java\javapath;C:\Program Files (x86)\Intel\Intel(R) Management Engine Components\iCLS\;C:\Program Files\Intel\Intel(R) Management Engine Components\iCLS\;C:\Windows\system32;C:\Windows;C:\Windows\System32\Wbem;C:\Windows\System32\WindowsPowerShell\v1.0\;C:\Windows\System32\OpenSSH\;C:\Program Files (x86)\NVIDIA Corporation\PhysX\Common;C:\Program Files\Intel\WiFi\bin\;C:\Program Files\Common Files\Intel\WirelessCommon\;C:\Program Files (x86)\Intel\Intel(R) Management Engine Components\DAL;C:\Program Files\Intel\Intel(R) Management Engine Components\DAL;C:\Program Files (x86)\Intel\Intel(R) Management Engine Components\IPT;C:\Program Files\Intel\Intel(R) Management Engine Components\IPT;C:\WINDOWS\system32;C:\WINDOWS;C:\WINDOWS\System32\Wbem;C:\WINDOWS\System32\WindowsPowerShell\v1.0\;C:\WINDOWS\System32\OpenSSH\;C:\Program Files\Git\cmd;C:\Program Files\PuTTY\;C:\Users\Alkrist.MSI\AppData\Local\Programs\Python\Python311\Scripts\;C:\Users\Alkrist.MSI\AppData\Local\Programs\Python\Python311\;C:\Users\Alkrist.MSI\AppData\Local\Microsoft\WindowsApps;;C:\Users\Alkrist.MSI\AppData\Local\Programs\Microsoft VS Code\bin
USERNAME=Alkrist
OS=Windows_NT
PROCESSOR_IDENTIFIER=Intel64 Family 6 Model 158 Stepping 10, GenuineIntel



---------------  S Y S T E M  ---------------

OS: Windows 10 , 64 bit Build 22621 (10.0.22621.1635)

CPU:total 8 (initial active 8) (4 cores per cpu, 2 threads per core) family 6 model 158 stepping 10 microcode 0xde, cmov, cx8, fxsr, mmx, sse, sse2, sse3, ssse3, sse4.1, sse4.2, popcnt, avx, avx2, aes, clmul, erms, 3dnowpref, lzcnt, ht, tsc, tscinvbit, bmi1, bmi2, adx, fma

Memory: 4k page, system-wide physical 24423M (14744M free)
TotalPageFile size 25959M (AvailPageFile size 12814M)
current process WorkingSet (physical memory assigned to process): 601M, peak: 601M
current process commit charge ("private bytes"): 1016M, peak: 1016M

vm_info: Java HotSpot(TM) 64-Bit Server VM (11.0.13+10-LTS-370) for windows-amd64 JRE (11.0.13+10-LTS-370), built on Sep 15 2021 22:10:36 by "mach5one" with MS VC++ 15.9 (VS2017)

END.
