#
# A fatal error has been detected by the Java Runtime Environment:
#
#  EXCEPTION_ACCESS_VIOLATION (0xc0000005) at pc=0x00007ffcf8be5376, pid=17564, tid=12724
#
# JRE version: Java(TM) SE Runtime Environment 18.9 (11.0.13+10) (build 11.0.13+10-LTS-370)
# Java VM: Java HotSpot(TM) 64-Bit Server VM 18.9 (11.0.13+10-LTS-370, mixed mode, tiered, compressed oops, g1 gc, windows-amd64)
# Problematic frame:
# C  [ig9icd64.dll+0x75376]
#
# No core dump will be written. Minidumps are not enabled by default on client versions of Windows
#
# If you would like to submit a bug report, please visit:
#   https://bugreport.java.com/bugreport/crash.jsp
# The crash happened outside the Java Virtual Machine in native code.
# See problematic frame for where to report the bug.
#

---------------  S U M M A R Y ------------

Command Line: -Dfile.encoding=UTF-8 com.alkrist.maribel.client.TestGraphics

Host: Intel(R) Core(TM) i5-8300H CPU @ 2.30GHz, 8 cores, 23G,  Windows 10 , 64 bit Build 22000 (10.0.22000.708)
Time: Thu Nov 10 23:58:50 2022 Pacific Standard Time elapsed time: 0.737715 seconds (0d 0h 0m 0s)

---------------  T H R E A D  ---------------

Current thread (0x000001f3014d9000):  JavaThread "main" [_thread_in_native, id=12724, stack(0x000000736c800000,0x000000736c900000)]

Stack: [0x000000736c800000,0x000000736c900000],  sp=0x000000736c8fe270,  free space=1016k
Native frames: (J=compiled Java code, j=interpreted, Vv=VM code, C=native code)
C  [ig9icd64.dll+0x75376]

Java frames: (J=compiled Java code, j=interpreted, Vv=VM code)
j  org.lwjgl.opengl.GL11C.nglTexImage2D(IIIIIIIIJ)V+0
j  org.lwjgl.opengl.GL11C.glTexImage2D(IIIIIIIILjava/nio/ByteBuffer;)V+17
j  org.lwjgl.opengl.GL11.glTexImage2D(IIIIIIIILjava/nio/ByteBuffer;)V+14
j  com.alkrist.maribel.client.graphics.texture.Texture.uploadData(IIIILjava/nio/ByteBuffer;)V+15
j  com.alkrist.maribel.client.graphics.texture.Texture.createTexture(IILjava/nio/ByteBuffer;)Lcom/alkrist/maribel/client/graphics/texture/Texture;+31
j  com.alkrist.maribel.client.graphics.texture.Texture.loadTexture(Ljava/lang/String;)Lcom/alkrist/maribel/client/graphics/texture/Texture;+197
j  com.alkrist.maribel.client.graphics.model.ModelComposite.loadFromJson(Ljava/lang/String;)Lcom/alkrist/maribel/client/graphics/model/ModelComposite;+223
j  com.alkrist.maribel.client.TestGraphics.main([Ljava/lang/String;)V+83
v  ~StubRoutines::call_stub

siginfo: EXCEPTION_ACCESS_VIOLATION (0xc0000005), reading address 0x000001f336111000


Register to memory mapping:

RIP=0x00007ffcf8be5376 ig9icd64.dll
RAX=0x000000000000201f is an unknown value
RBX=0x000001f32e4b0000 points into unknown readable memory: 0xff687591ff6b7994 | 94 79 6b ff 91 75 68 ff
RCX=0x0 is NULL
RDX=0x000001f336110fc0 points into unknown readable memory: 0x0000000000000000 | 00 00 00 00 00 00 00 00
RSP=0x000000736c8fe270 is pointing into the stack for thread: 0x000001f3014d9000
RBP=0x000000736c8fe3a0 is pointing into the stack for thread: 0x000001f3014d9000
RSI=0x00007ffcf8b70000 ig9icd64.dll
RDI=0x000001f32e5b0f80 points into unknown readable memory: 0x0000000000000000 | 00 00 00 00 00 00 00 00
R8 =0x0000000000400000 is an unknown value
R9 =0x0000000000008000 is an unknown value
R10=0x0000000000002020 is an unknown value
R11=0x000000736c8fe390 is pointing into the stack for thread: 0x000001f3014d9000
R12=0x00000000000001c1 is an unknown value
R13=0x000001f32e4b0000 points into unknown readable memory: 0xff687591ff6b7994 | 94 79 6b ff 91 75 68 ff
R14=0x0 is NULL
R15=0x000000736c8fe650 is pointing into the stack for thread: 0x000001f3014d9000


Registers:
RAX=0x000000000000201f, RBX=0x000001f32e4b0000, RCX=0x0000000000000000, RDX=0x000001f336110fc0
RSP=0x000000736c8fe270, RBP=0x000000736c8fe3a0, RSI=0x00007ffcf8b70000, RDI=0x000001f32e5b0f80
R8 =0x0000000000400000, R9 =0x0000000000008000, R10=0x0000000000002020, R11=0x000000736c8fe390
R12=0x00000000000001c1, R13=0x000001f32e4b0000, R14=0x0000000000000000, R15=0x000000736c8fe650
RIP=0x00007ffcf8be5376, EFLAGS=0x0000000000010213

Top of Stack: (sp=0x000000736c8fe270)
0x000000736c8fe270:   bee9ee0c0644bc92 0000000000000000
0x000000736c8fe280:   c006eb167b865bc0 0000000000000000
0x000000736c8fe290:   000001f336010040 00007ffcf95ad61a
0x000000736c8fe2a0:   0000000000000001 000000736c8fe3a0
0x000000736c8fe2b0:   000000000000004f 000001f336010040
0x000000736c8fe2c0:   000000000000004f 0000000000000001
0x000000736c8fe2d0:   000001f336010040 0000000000000000
0x000000736c8fe2e0:   0000000000000001 0000000000000001
0x000000736c8fe2f0:   000001f32c084b00 00007ffcf95bf21a
0x000000736c8fe300:   0000000000000000 00007ffcf9b2c420
0x000000736c8fe310:   0000000000000000 000001f300000000
0x000000736c8fe320:   000000736c8fe5f8 000001f3011d0201
0x000000736c8fe330:   000000736c8fe400 0000000000000200
0x000000736c8fe340:   0000000000000200 0000000000000001
0x000000736c8fe350:   0000000000000001 0000000000000050
0x000000736c8fe360:   0000000000000001 0000000000000001 

Instructions: (pc=0x00007ffcf8be5376)
0x00007ffcf8be5356:   66 66 0f 1f 84 00 00 00 00 00 f3 0f 6f 02 41 ff
0x00007ffcf8be5366:   c2 f3 0f 6f 4a 10 f3 0f 6f 52 20 f3 0f 6f 5a 30
0x00007ffcf8be5376:   f3 0f 6f 62 40 f3 0f 6f 6a 50 f3 0f 6f 72 60 f3
0x00007ffcf8be5386:   0f 6f 7a 70 48 83 ea 80 66 0f e7 07 66 0f e7 4f 


Stack slot to memory mapping:
stack at sp + 0 slots: 0xbee9ee0c0644bc92 is an unknown value
stack at sp + 1 slots: 0x0 is NULL
stack at sp + 2 slots: 0xc006eb167b865bc0 is an unknown value
stack at sp + 3 slots: 0x0 is NULL
stack at sp + 4 slots: 0x000001f336010040 points into unknown readable memory: 0xff687591ff6b7994 | 94 79 6b ff 91 75 68 ff
stack at sp + 5 slots: 0x00007ffcf95ad61a ig9icd64.dll
stack at sp + 6 slots: 0x0000000000000001 is an unknown value
stack at sp + 7 slots: 0x000000736c8fe3a0 is pointing into the stack for thread: 0x000001f3014d9000


---------------  P R O C E S S  ---------------

Threads class SMR info:
_java_thread_list=0x000001f3320c8b50, length=12, elements={
0x000001f3014d9000, 0x000001f32b52c800, 0x000001f32b52d800, 0x000001f32b5b9800,
0x000001f32b5ba800, 0x000001f32b5bc000, 0x000001f32b5c6000, 0x000001f32b5cc800,
0x000001f32b5d9000, 0x000001f32b747000, 0x000001f331b99000, 0x000001f3320b7800
}

Java Threads: ( => current thread )
=>0x000001f3014d9000 JavaThread "main" [_thread_in_native, id=12724, stack(0x000000736c800000,0x000000736c900000)]
  0x000001f32b52c800 JavaThread "Reference Handler" daemon [_thread_blocked, id=15148, stack(0x000000736cf00000,0x000000736d000000)]
  0x000001f32b52d800 JavaThread "Finalizer" daemon [_thread_blocked, id=15080, stack(0x000000736d000000,0x000000736d100000)]
  0x000001f32b5b9800 JavaThread "Signal Dispatcher" daemon [_thread_blocked, id=11536, stack(0x000000736d100000,0x000000736d200000)]
  0x000001f32b5ba800 JavaThread "Attach Listener" daemon [_thread_blocked, id=2692, stack(0x000000736d200000,0x000000736d300000)]
  0x000001f32b5bc000 JavaThread "Service Thread" daemon [_thread_blocked, id=928, stack(0x000000736d300000,0x000000736d400000)]
  0x000001f32b5c6000 JavaThread "C2 CompilerThread0" daemon [_thread_blocked, id=6300, stack(0x000000736d400000,0x000000736d500000)]
  0x000001f32b5cc800 JavaThread "C1 CompilerThread0" daemon [_thread_blocked, id=12372, stack(0x000000736d500000,0x000000736d600000)]
  0x000001f32b5d9000 JavaThread "Sweeper thread" daemon [_thread_blocked, id=10860, stack(0x000000736d600000,0x000000736d700000)]
  0x000001f32b747000 JavaThread "Common-Cleaner" daemon [_thread_blocked, id=4304, stack(0x000000736d800000,0x000000736d900000)]
  0x000001f331b99000 JavaThread "C2 CompilerThread1" daemon [_thread_blocked, id=1400, stack(0x000000736e000000,0x000000736e100000)]
  0x000001f3320b7800 JavaThread "C2 CompilerThread2" daemon [_thread_blocked, id=8196, stack(0x000000736e100000,0x000000736e200000)]

Other Threads:
  0x000001f32b561800 VMThread "VM Thread" [stack: 0x000000736ce00000,0x000000736cf00000] [id=9808]
  0x000001f32b73d800 WatcherThread [stack: 0x000000736d700000,0x000000736d800000] [id=11600]
  0x000001f3014ee000 GCTaskThread "GC Thread#0" [stack: 0x000000736c900000,0x000000736ca00000] [id=20264]
  0x000001f3321c9000 GCTaskThread "GC Thread#1" [stack: 0x000000736e200000,0x000000736e300000] [id=6328]
  0x000001f32bcdd000 GCTaskThread "GC Thread#2" [stack: 0x000000736e300000,0x000000736e400000] [id=8140]
  0x000001f3320bd800 GCTaskThread "GC Thread#3" [stack: 0x000000736e400000,0x000000736e500000] [id=17688]
  0x000001f3320be800 GCTaskThread "GC Thread#4" [stack: 0x000000736e500000,0x000000736e600000] [id=10908]
  0x000001f3320c5800 GCTaskThread "GC Thread#5" [stack: 0x000000736e600000,0x000000736e700000] [id=3792]
  0x000001f3320c6000 GCTaskThread "GC Thread#6" [stack: 0x000000736e700000,0x000000736e800000] [id=588]
  0x000001f33230d000 GCTaskThread "GC Thread#7" [stack: 0x000000736e800000,0x000000736e900000] [id=712]
  0x000001f301575800 ConcurrentGCThread "G1 Main Marker" [stack: 0x000000736ca00000,0x000000736cb00000] [id=2464]
  0x000001f301576800 ConcurrentGCThread "G1 Conc#0" [stack: 0x000000736cb00000,0x000000736cc00000] [id=18188]
  0x000001f32ab8a800 ConcurrentGCThread "G1 Refine#0" [stack: 0x000000736cc00000,0x000000736cd00000] [id=19708]
  0x000001f32ab8d800 ConcurrentGCThread "G1 Young RemSet Sampling" [stack: 0x000000736cd00000,0x000000736ce00000] [id=2804]

Threads with active compile tasks:

VM state:not at safepoint (normal execution)

VM Mutex/Monitor currently owned by a thread: None

Heap address: 0x0000000682600000, size: 6106 MB, Compressed Oops mode: Zero based, Oop shift amount: 3
Narrow klass base: 0x0000000800000000, Narrow klass shift: 0
Compressed class space size: 1073741824 Address: 0x0000000800000000

Heap:
 garbage-first heap   total 391168K, used 9619K [0x0000000682600000, 0x0000000800000000)
  region size 1024K, 10 young (10240K), 3 survivors (3072K)
 Metaspace       used 12717K, capacity 12968K, committed 13184K, reserved 1060864K
  class space    used 1005K, capacity 1122K, committed 1152K, reserved 1048576K
Heap Regions: E=young(eden), S=young(survivor), O=old, HS=humongous(starts), HC=humongous(continues), CS=collection set, F=free, A=archive, TAMS=top-at-mark-start (previous, next)
|   0|0x0000000682600000, 0x0000000682664e00, 0x0000000682700000| 39%| O|  |TAMS 0x0000000682600000, 0x0000000682600000| Untracked 
|   1|0x0000000682700000, 0x0000000682700000, 0x0000000682800000|  0%| F|  |TAMS 0x0000000682700000, 0x0000000682700000| Untracked 
|   2|0x0000000682800000, 0x0000000682800000, 0x0000000682900000|  0%| F|  |TAMS 0x0000000682800000, 0x0000000682800000| Untracked 
|   3|0x0000000682900000, 0x0000000682900000, 0x0000000682a00000|  0%| F|  |TAMS 0x0000000682900000, 0x0000000682900000| Untracked 
|   4|0x0000000682a00000, 0x0000000682a00000, 0x0000000682b00000|  0%| F|  |TAMS 0x0000000682a00000, 0x0000000682a00000| Untracked 
|   5|0x0000000682b00000, 0x0000000682b00000, 0x0000000682c00000|  0%| F|  |TAMS 0x0000000682b00000, 0x0000000682b00000| Untracked 
|   6|0x0000000682c00000, 0x0000000682c00000, 0x0000000682d00000|  0%| F|  |TAMS 0x0000000682c00000, 0x0000000682c00000| Untracked 
|   7|0x0000000682d00000, 0x0000000682d00000, 0x0000000682e00000|  0%| F|  |TAMS 0x0000000682d00000, 0x0000000682d00000| Untracked 
|   8|0x0000000682e00000, 0x0000000682e00000, 0x0000000682f00000|  0%| F|  |TAMS 0x0000000682e00000, 0x0000000682e00000| Untracked 
|   9|0x0000000682f00000, 0x0000000682f00000, 0x0000000683000000|  0%| F|  |TAMS 0x0000000682f00000, 0x0000000682f00000| Untracked 
|  10|0x0000000683000000, 0x0000000683000000, 0x0000000683100000|  0%| F|  |TAMS 0x0000000683000000, 0x0000000683000000| Untracked 
|  11|0x0000000683100000, 0x0000000683100000, 0x0000000683200000|  0%| F|  |TAMS 0x0000000683100000, 0x0000000683100000| Untracked 
|  12|0x0000000683200000, 0x0000000683200000, 0x0000000683300000|  0%| F|  |TAMS 0x0000000683200000, 0x0000000683200000| Untracked 
|  13|0x0000000683300000, 0x0000000683300000, 0x0000000683400000|  0%| F|  |TAMS 0x0000000683300000, 0x0000000683300000| Untracked 
|  14|0x0000000683400000, 0x0000000683400000, 0x0000000683500000|  0%| F|  |TAMS 0x0000000683400000, 0x0000000683400000| Untracked 
|  15|0x0000000683500000, 0x0000000683500000, 0x0000000683600000|  0%| F|  |TAMS 0x0000000683500000, 0x0000000683500000| Untracked 
|  16|0x0000000683600000, 0x0000000683600000, 0x0000000683700000|  0%| F|  |TAMS 0x0000000683600000, 0x0000000683600000| Untracked 
|  17|0x0000000683700000, 0x0000000683700000, 0x0000000683800000|  0%| F|  |TAMS 0x0000000683700000, 0x0000000683700000| Untracked 
|  18|0x0000000683800000, 0x0000000683800000, 0x0000000683900000|  0%| F|  |TAMS 0x0000000683800000, 0x0000000683800000| Untracked 
|  19|0x0000000683900000, 0x0000000683900000, 0x0000000683a00000|  0%| F|  |TAMS 0x0000000683900000, 0x0000000683900000| Untracked 
|  20|0x0000000683a00000, 0x0000000683a00000, 0x0000000683b00000|  0%| F|  |TAMS 0x0000000683a00000, 0x0000000683a00000| Untracked 
|  21|0x0000000683b00000, 0x0000000683b00000, 0x0000000683c00000|  0%| F|  |TAMS 0x0000000683b00000, 0x0000000683b00000| Untracked 
|  22|0x0000000683c00000, 0x0000000683c00000, 0x0000000683d00000|  0%| F|  |TAMS 0x0000000683c00000, 0x0000000683c00000| Untracked 
|  23|0x0000000683d00000, 0x0000000683d00000, 0x0000000683e00000|  0%| F|  |TAMS 0x0000000683d00000, 0x0000000683d00000| Untracked 
|  24|0x0000000683e00000, 0x0000000683e00000, 0x0000000683f00000|  0%| F|  |TAMS 0x0000000683e00000, 0x0000000683e00000| Untracked 
|  25|0x0000000683f00000, 0x0000000683f00000, 0x0000000684000000|  0%| F|  |TAMS 0x0000000683f00000, 0x0000000683f00000| Untracked 
|  26|0x0000000684000000, 0x0000000684000000, 0x0000000684100000|  0%| F|  |TAMS 0x0000000684000000, 0x0000000684000000| Untracked 
|  27|0x0000000684100000, 0x0000000684100000, 0x0000000684200000|  0%| F|  |TAMS 0x0000000684100000, 0x0000000684100000| Untracked 
|  28|0x0000000684200000, 0x0000000684200000, 0x0000000684300000|  0%| F|  |TAMS 0x0000000684200000, 0x0000000684200000| Untracked 
|  29|0x0000000684300000, 0x0000000684300000, 0x0000000684400000|  0%| F|  |TAMS 0x0000000684300000, 0x0000000684300000| Untracked 
|  30|0x0000000684400000, 0x0000000684400000, 0x0000000684500000|  0%| F|  |TAMS 0x0000000684400000, 0x0000000684400000| Untracked 
|  31|0x0000000684500000, 0x0000000684500000, 0x0000000684600000|  0%| F|  |TAMS 0x0000000684500000, 0x0000000684500000| Untracked 
|  32|0x0000000684600000, 0x0000000684600000, 0x0000000684700000|  0%| F|  |TAMS 0x0000000684600000, 0x0000000684600000| Untracked 
|  33|0x0000000684700000, 0x0000000684700000, 0x0000000684800000|  0%| F|  |TAMS 0x0000000684700000, 0x0000000684700000| Untracked 
|  34|0x0000000684800000, 0x0000000684800000, 0x0000000684900000|  0%| F|  |TAMS 0x0000000684800000, 0x0000000684800000| Untracked 
|  35|0x0000000684900000, 0x0000000684900000, 0x0000000684a00000|  0%| F|  |TAMS 0x0000000684900000, 0x0000000684900000| Untracked 
|  36|0x0000000684a00000, 0x0000000684a00000, 0x0000000684b00000|  0%| F|  |TAMS 0x0000000684a00000, 0x0000000684a00000| Untracked 
|  37|0x0000000684b00000, 0x0000000684b00000, 0x0000000684c00000|  0%| F|  |TAMS 0x0000000684b00000, 0x0000000684b00000| Untracked 
|  38|0x0000000684c00000, 0x0000000684c00000, 0x0000000684d00000|  0%| F|  |TAMS 0x0000000684c00000, 0x0000000684c00000| Untracked 
|  39|0x0000000684d00000, 0x0000000684d00000, 0x0000000684e00000|  0%| F|  |TAMS 0x0000000684d00000, 0x0000000684d00000| Untracked 
|  40|0x0000000684e00000, 0x0000000684e00000, 0x0000000684f00000|  0%| F|  |TAMS 0x0000000684e00000, 0x0000000684e00000| Untracked 
|  41|0x0000000684f00000, 0x0000000684f00000, 0x0000000685000000|  0%| F|  |TAMS 0x0000000684f00000, 0x0000000684f00000| Untracked 
|  42|0x0000000685000000, 0x0000000685000000, 0x0000000685100000|  0%| F|  |TAMS 0x0000000685000000, 0x0000000685000000| Untracked 
|  43|0x0000000685100000, 0x0000000685100000, 0x0000000685200000|  0%| F|  |TAMS 0x0000000685100000, 0x0000000685100000| Untracked 
|  44|0x0000000685200000, 0x0000000685200000, 0x0000000685300000|  0%| F|  |TAMS 0x0000000685200000, 0x0000000685200000| Untracked 
|  45|0x0000000685300000, 0x0000000685300000, 0x0000000685400000|  0%| F|  |TAMS 0x0000000685300000, 0x0000000685300000| Untracked 
|  46|0x0000000685400000, 0x0000000685400000, 0x0000000685500000|  0%| F|  |TAMS 0x0000000685400000, 0x0000000685400000| Untracked 
|  47|0x0000000685500000, 0x0000000685500000, 0x0000000685600000|  0%| F|  |TAMS 0x0000000685500000, 0x0000000685500000| Untracked 
|  48|0x0000000685600000, 0x0000000685600000, 0x0000000685700000|  0%| F|  |TAMS 0x0000000685600000, 0x0000000685600000| Untracked 
|  49|0x0000000685700000, 0x0000000685700000, 0x0000000685800000|  0%| F|  |TAMS 0x0000000685700000, 0x0000000685700000| Untracked 
|  50|0x0000000685800000, 0x0000000685800000, 0x0000000685900000|  0%| F|  |TAMS 0x0000000685800000, 0x0000000685800000| Untracked 
|  51|0x0000000685900000, 0x0000000685900000, 0x0000000685a00000|  0%| F|  |TAMS 0x0000000685900000, 0x0000000685900000| Untracked 
|  52|0x0000000685a00000, 0x0000000685a00000, 0x0000000685b00000|  0%| F|  |TAMS 0x0000000685a00000, 0x0000000685a00000| Untracked 
|  53|0x0000000685b00000, 0x0000000685b00000, 0x0000000685c00000|  0%| F|  |TAMS 0x0000000685b00000, 0x0000000685b00000| Untracked 
|  54|0x0000000685c00000, 0x0000000685c00000, 0x0000000685d00000|  0%| F|  |TAMS 0x0000000685c00000, 0x0000000685c00000| Untracked 
|  55|0x0000000685d00000, 0x0000000685d00000, 0x0000000685e00000|  0%| F|  |TAMS 0x0000000685d00000, 0x0000000685d00000| Untracked 
|  56|0x0000000685e00000, 0x0000000685e00000, 0x0000000685f00000|  0%| F|  |TAMS 0x0000000685e00000, 0x0000000685e00000| Untracked 
|  57|0x0000000685f00000, 0x0000000685f00000, 0x0000000686000000|  0%| F|  |TAMS 0x0000000685f00000, 0x0000000685f00000| Untracked 
|  58|0x0000000686000000, 0x0000000686000000, 0x0000000686100000|  0%| F|  |TAMS 0x0000000686000000, 0x0000000686000000| Untracked 
|  59|0x0000000686100000, 0x0000000686100000, 0x0000000686200000|  0%| F|  |TAMS 0x0000000686100000, 0x0000000686100000| Untracked 
|  60|0x0000000686200000, 0x0000000686200000, 0x0000000686300000|  0%| F|  |TAMS 0x0000000686200000, 0x0000000686200000| Untracked 
|  61|0x0000000686300000, 0x0000000686300000, 0x0000000686400000|  0%| F|  |TAMS 0x0000000686300000, 0x0000000686300000| Untracked 
|  62|0x0000000686400000, 0x0000000686400000, 0x0000000686500000|  0%| F|  |TAMS 0x0000000686400000, 0x0000000686400000| Untracked 
|  63|0x0000000686500000, 0x0000000686500000, 0x0000000686600000|  0%| F|  |TAMS 0x0000000686500000, 0x0000000686500000| Untracked 
|  64|0x0000000686600000, 0x0000000686600000, 0x0000000686700000|  0%| F|  |TAMS 0x0000000686600000, 0x0000000686600000| Untracked 
|  65|0x0000000686700000, 0x0000000686700000, 0x0000000686800000|  0%| F|  |TAMS 0x0000000686700000, 0x0000000686700000| Untracked 
|  66|0x0000000686800000, 0x0000000686800000, 0x0000000686900000|  0%| F|  |TAMS 0x0000000686800000, 0x0000000686800000| Untracked 
|  67|0x0000000686900000, 0x0000000686900000, 0x0000000686a00000|  0%| F|  |TAMS 0x0000000686900000, 0x0000000686900000| Untracked 
|  68|0x0000000686a00000, 0x0000000686a00000, 0x0000000686b00000|  0%| F|  |TAMS 0x0000000686a00000, 0x0000000686a00000| Untracked 
|  69|0x0000000686b00000, 0x0000000686b00000, 0x0000000686c00000|  0%| F|  |TAMS 0x0000000686b00000, 0x0000000686b00000| Untracked 
|  70|0x0000000686c00000, 0x0000000686c00000, 0x0000000686d00000|  0%| F|  |TAMS 0x0000000686c00000, 0x0000000686c00000| Untracked 
|  71|0x0000000686d00000, 0x0000000686d00000, 0x0000000686e00000|  0%| F|  |TAMS 0x0000000686d00000, 0x0000000686d00000| Untracked 
|  72|0x0000000686e00000, 0x0000000686e00000, 0x0000000686f00000|  0%| F|  |TAMS 0x0000000686e00000, 0x0000000686e00000| Untracked 
|  73|0x0000000686f00000, 0x0000000686f00000, 0x0000000687000000|  0%| F|  |TAMS 0x0000000686f00000, 0x0000000686f00000| Untracked 
|  74|0x0000000687000000, 0x0000000687000000, 0x0000000687100000|  0%| F|  |TAMS 0x0000000687000000, 0x0000000687000000| Untracked 
|  75|0x0000000687100000, 0x0000000687100000, 0x0000000687200000|  0%| F|  |TAMS 0x0000000687100000, 0x0000000687100000| Untracked 
|  76|0x0000000687200000, 0x0000000687200000, 0x0000000687300000|  0%| F|  |TAMS 0x0000000687200000, 0x0000000687200000| Untracked 
|  77|0x0000000687300000, 0x0000000687300000, 0x0000000687400000|  0%| F|  |TAMS 0x0000000687300000, 0x0000000687300000| Untracked 
|  78|0x0000000687400000, 0x0000000687400000, 0x0000000687500000|  0%| F|  |TAMS 0x0000000687400000, 0x0000000687400000| Untracked 
|  79|0x0000000687500000, 0x0000000687500000, 0x0000000687600000|  0%| F|  |TAMS 0x0000000687500000, 0x0000000687500000| Untracked 
|  80|0x0000000687600000, 0x0000000687600000, 0x0000000687700000|  0%| F|  |TAMS 0x0000000687600000, 0x0000000687600000| Untracked 
|  81|0x0000000687700000, 0x0000000687700000, 0x0000000687800000|  0%| F|  |TAMS 0x0000000687700000, 0x0000000687700000| Untracked 
|  82|0x0000000687800000, 0x0000000687800000, 0x0000000687900000|  0%| F|  |TAMS 0x0000000687800000, 0x0000000687800000| Untracked 
|  83|0x0000000687900000, 0x0000000687900000, 0x0000000687a00000|  0%| F|  |TAMS 0x0000000687900000, 0x0000000687900000| Untracked 
|  84|0x0000000687a00000, 0x0000000687a00000, 0x0000000687b00000|  0%| F|  |TAMS 0x0000000687a00000, 0x0000000687a00000| Untracked 
|  85|0x0000000687b00000, 0x0000000687b00000, 0x0000000687c00000|  0%| F|  |TAMS 0x0000000687b00000, 0x0000000687b00000| Untracked 
|  86|0x0000000687c00000, 0x0000000687c00000, 0x0000000687d00000|  0%| F|  |TAMS 0x0000000687c00000, 0x0000000687c00000| Untracked 
|  87|0x0000000687d00000, 0x0000000687d00000, 0x0000000687e00000|  0%| F|  |TAMS 0x0000000687d00000, 0x0000000687d00000| Untracked 
|  88|0x0000000687e00000, 0x0000000687e00000, 0x0000000687f00000|  0%| F|  |TAMS 0x0000000687e00000, 0x0000000687e00000| Untracked 
|  89|0x0000000687f00000, 0x0000000687f00000, 0x0000000688000000|  0%| F|  |TAMS 0x0000000687f00000, 0x0000000687f00000| Untracked 
|  90|0x0000000688000000, 0x0000000688000000, 0x0000000688100000|  0%| F|  |TAMS 0x0000000688000000, 0x0000000688000000| Untracked 
|  91|0x0000000688100000, 0x0000000688100000, 0x0000000688200000|  0%| F|  |TAMS 0x0000000688100000, 0x0000000688100000| Untracked 
|  92|0x0000000688200000, 0x0000000688200000, 0x0000000688300000|  0%| F|  |TAMS 0x0000000688200000, 0x0000000688200000| Untracked 
|  93|0x0000000688300000, 0x0000000688300000, 0x0000000688400000|  0%| F|  |TAMS 0x0000000688300000, 0x0000000688300000| Untracked 
|  94|0x0000000688400000, 0x0000000688400000, 0x0000000688500000|  0%| F|  |TAMS 0x0000000688400000, 0x0000000688400000| Untracked 
|  95|0x0000000688500000, 0x0000000688500000, 0x0000000688600000|  0%| F|  |TAMS 0x0000000688500000, 0x0000000688500000| Untracked 
|  96|0x0000000688600000, 0x0000000688600000, 0x0000000688700000|  0%| F|  |TAMS 0x0000000688600000, 0x0000000688600000| Untracked 
|  97|0x0000000688700000, 0x0000000688700000, 0x0000000688800000|  0%| F|  |TAMS 0x0000000688700000, 0x0000000688700000| Untracked 
|  98|0x0000000688800000, 0x0000000688800000, 0x0000000688900000|  0%| F|  |TAMS 0x0000000688800000, 0x0000000688800000| Untracked 
|  99|0x0000000688900000, 0x0000000688900000, 0x0000000688a00000|  0%| F|  |TAMS 0x0000000688900000, 0x0000000688900000| Untracked 
| 100|0x0000000688a00000, 0x0000000688a00000, 0x0000000688b00000|  0%| F|  |TAMS 0x0000000688a00000, 0x0000000688a00000| Untracked 
| 101|0x0000000688b00000, 0x0000000688b00000, 0x0000000688c00000|  0%| F|  |TAMS 0x0000000688b00000, 0x0000000688b00000| Untracked 
| 102|0x0000000688c00000, 0x0000000688c00000, 0x0000000688d00000|  0%| F|  |TAMS 0x0000000688c00000, 0x0000000688c00000| Untracked 
| 103|0x0000000688d00000, 0x0000000688d00000, 0x0000000688e00000|  0%| F|  |TAMS 0x0000000688d00000, 0x0000000688d00000| Untracked 
| 104|0x0000000688e00000, 0x0000000688e00000, 0x0000000688f00000|  0%| F|  |TAMS 0x0000000688e00000, 0x0000000688e00000| Untracked 
| 105|0x0000000688f00000, 0x0000000688f00000, 0x0000000689000000|  0%| F|  |TAMS 0x0000000688f00000, 0x0000000688f00000| Untracked 
| 106|0x0000000689000000, 0x0000000689000000, 0x0000000689100000|  0%| F|  |TAMS 0x0000000689000000, 0x0000000689000000| Untracked 
| 107|0x0000000689100000, 0x0000000689100000, 0x0000000689200000|  0%| F|  |TAMS 0x0000000689100000, 0x0000000689100000| Untracked 
| 108|0x0000000689200000, 0x0000000689200000, 0x0000000689300000|  0%| F|  |TAMS 0x0000000689200000, 0x0000000689200000| Untracked 
| 109|0x0000000689300000, 0x0000000689300000, 0x0000000689400000|  0%| F|  |TAMS 0x0000000689300000, 0x0000000689300000| Untracked 
| 110|0x0000000689400000, 0x0000000689400000, 0x0000000689500000|  0%| F|  |TAMS 0x0000000689400000, 0x0000000689400000| Untracked 
| 111|0x0000000689500000, 0x0000000689500000, 0x0000000689600000|  0%| F|  |TAMS 0x0000000689500000, 0x0000000689500000| Untracked 
| 112|0x0000000689600000, 0x0000000689600000, 0x0000000689700000|  0%| F|  |TAMS 0x0000000689600000, 0x0000000689600000| Untracked 
| 113|0x0000000689700000, 0x0000000689700000, 0x0000000689800000|  0%| F|  |TAMS 0x0000000689700000, 0x0000000689700000| Untracked 
| 114|0x0000000689800000, 0x0000000689800000, 0x0000000689900000|  0%| F|  |TAMS 0x0000000689800000, 0x0000000689800000| Untracked 
| 115|0x0000000689900000, 0x0000000689900000, 0x0000000689a00000|  0%| F|  |TAMS 0x0000000689900000, 0x0000000689900000| Untracked 
| 116|0x0000000689a00000, 0x0000000689a00000, 0x0000000689b00000|  0%| F|  |TAMS 0x0000000689a00000, 0x0000000689a00000| Untracked 
| 117|0x0000000689b00000, 0x0000000689b00000, 0x0000000689c00000|  0%| F|  |TAMS 0x0000000689b00000, 0x0000000689b00000| Untracked 
| 118|0x0000000689c00000, 0x0000000689c00000, 0x0000000689d00000|  0%| F|  |TAMS 0x0000000689c00000, 0x0000000689c00000| Untracked 
| 119|0x0000000689d00000, 0x0000000689d00000, 0x0000000689e00000|  0%| F|  |TAMS 0x0000000689d00000, 0x0000000689d00000| Untracked 
| 120|0x0000000689e00000, 0x0000000689e00000, 0x0000000689f00000|  0%| F|  |TAMS 0x0000000689e00000, 0x0000000689e00000| Untracked 
| 121|0x0000000689f00000, 0x0000000689f00000, 0x000000068a000000|  0%| F|  |TAMS 0x0000000689f00000, 0x0000000689f00000| Untracked 
| 122|0x000000068a000000, 0x000000068a000000, 0x000000068a100000|  0%| F|  |TAMS 0x000000068a000000, 0x000000068a000000| Untracked 
| 123|0x000000068a100000, 0x000000068a100000, 0x000000068a200000|  0%| F|  |TAMS 0x000000068a100000, 0x000000068a100000| Untracked 
| 124|0x000000068a200000, 0x000000068a200000, 0x000000068a300000|  0%| F|  |TAMS 0x000000068a200000, 0x000000068a200000| Untracked 
| 125|0x000000068a300000, 0x000000068a300000, 0x000000068a400000|  0%| F|  |TAMS 0x000000068a300000, 0x000000068a300000| Untracked 
| 126|0x000000068a400000, 0x000000068a400000, 0x000000068a500000|  0%| F|  |TAMS 0x000000068a400000, 0x000000068a400000| Untracked 
| 127|0x000000068a500000, 0x000000068a500000, 0x000000068a600000|  0%| F|  |TAMS 0x000000068a500000, 0x000000068a500000| Untracked 
| 128|0x000000068a600000, 0x000000068a600000, 0x000000068a700000|  0%| F|  |TAMS 0x000000068a600000, 0x000000068a600000| Untracked 
| 129|0x000000068a700000, 0x000000068a700000, 0x000000068a800000|  0%| F|  |TAMS 0x000000068a700000, 0x000000068a700000| Untracked 
| 130|0x000000068a800000, 0x000000068a800000, 0x000000068a900000|  0%| F|  |TAMS 0x000000068a800000, 0x000000068a800000| Untracked 
| 131|0x000000068a900000, 0x000000068a900000, 0x000000068aa00000|  0%| F|  |TAMS 0x000000068a900000, 0x000000068a900000| Untracked 
| 132|0x000000068aa00000, 0x000000068aa00000, 0x000000068ab00000|  0%| F|  |TAMS 0x000000068aa00000, 0x000000068aa00000| Untracked 
| 133|0x000000068ab00000, 0x000000068ab00000, 0x000000068ac00000|  0%| F|  |TAMS 0x000000068ab00000, 0x000000068ab00000| Untracked 
| 134|0x000000068ac00000, 0x000000068ac00000, 0x000000068ad00000|  0%| F|  |TAMS 0x000000068ac00000, 0x000000068ac00000| Untracked 
| 135|0x000000068ad00000, 0x000000068ad00000, 0x000000068ae00000|  0%| F|  |TAMS 0x000000068ad00000, 0x000000068ad00000| Untracked 
| 136|0x000000068ae00000, 0x000000068ae00000, 0x000000068af00000|  0%| F|  |TAMS 0x000000068ae00000, 0x000000068ae00000| Untracked 
| 137|0x000000068af00000, 0x000000068af00000, 0x000000068b000000|  0%| F|  |TAMS 0x000000068af00000, 0x000000068af00000| Untracked 
| 138|0x000000068b000000, 0x000000068b000000, 0x000000068b100000|  0%| F|  |TAMS 0x000000068b000000, 0x000000068b000000| Untracked 
| 139|0x000000068b100000, 0x000000068b100000, 0x000000068b200000|  0%| F|  |TAMS 0x000000068b100000, 0x000000068b100000| Untracked 
| 140|0x000000068b200000, 0x000000068b200000, 0x000000068b300000|  0%| F|  |TAMS 0x000000068b200000, 0x000000068b200000| Untracked 
| 141|0x000000068b300000, 0x000000068b300000, 0x000000068b400000|  0%| F|  |TAMS 0x000000068b300000, 0x000000068b300000| Untracked 
| 142|0x000000068b400000, 0x000000068b400000, 0x000000068b500000|  0%| F|  |TAMS 0x000000068b400000, 0x000000068b400000| Untracked 
| 143|0x000000068b500000, 0x000000068b500000, 0x000000068b600000|  0%| F|  |TAMS 0x000000068b500000, 0x000000068b500000| Untracked 
| 144|0x000000068b600000, 0x000000068b600000, 0x000000068b700000|  0%| F|  |TAMS 0x000000068b600000, 0x000000068b600000| Untracked 
| 145|0x000000068b700000, 0x000000068b700000, 0x000000068b800000|  0%| F|  |TAMS 0x000000068b700000, 0x000000068b700000| Untracked 
| 146|0x000000068b800000, 0x000000068b800000, 0x000000068b900000|  0%| F|  |TAMS 0x000000068b800000, 0x000000068b800000| Untracked 
| 147|0x000000068b900000, 0x000000068b900000, 0x000000068ba00000|  0%| F|  |TAMS 0x000000068b900000, 0x000000068b900000| Untracked 
| 148|0x000000068ba00000, 0x000000068ba00000, 0x000000068bb00000|  0%| F|  |TAMS 0x000000068ba00000, 0x000000068ba00000| Untracked 
| 149|0x000000068bb00000, 0x000000068bb00000, 0x000000068bc00000|  0%| F|  |TAMS 0x000000068bb00000, 0x000000068bb00000| Untracked 
| 150|0x000000068bc00000, 0x000000068bc00000, 0x000000068bd00000|  0%| F|  |TAMS 0x000000068bc00000, 0x000000068bc00000| Untracked 
| 151|0x000000068bd00000, 0x000000068bd00000, 0x000000068be00000|  0%| F|  |TAMS 0x000000068bd00000, 0x000000068bd00000| Untracked 
| 152|0x000000068be00000, 0x000000068be00000, 0x000000068bf00000|  0%| F|  |TAMS 0x000000068be00000, 0x000000068be00000| Untracked 
| 153|0x000000068bf00000, 0x000000068bf00000, 0x000000068c000000|  0%| F|  |TAMS 0x000000068bf00000, 0x000000068bf00000| Untracked 
| 154|0x000000068c000000, 0x000000068c000000, 0x000000068c100000|  0%| F|  |TAMS 0x000000068c000000, 0x000000068c000000| Untracked 
| 155|0x000000068c100000, 0x000000068c100000, 0x000000068c200000|  0%| F|  |TAMS 0x000000068c100000, 0x000000068c100000| Untracked 
| 156|0x000000068c200000, 0x000000068c200000, 0x000000068c300000|  0%| F|  |TAMS 0x000000068c200000, 0x000000068c200000| Untracked 
| 157|0x000000068c300000, 0x000000068c300000, 0x000000068c400000|  0%| F|  |TAMS 0x000000068c300000, 0x000000068c300000| Untracked 
| 158|0x000000068c400000, 0x000000068c400000, 0x000000068c500000|  0%| F|  |TAMS 0x000000068c400000, 0x000000068c400000| Untracked 
| 159|0x000000068c500000, 0x000000068c500000, 0x000000068c600000|  0%| F|  |TAMS 0x000000068c500000, 0x000000068c500000| Untracked 
| 160|0x000000068c600000, 0x000000068c600000, 0x000000068c700000|  0%| F|  |TAMS 0x000000068c600000, 0x000000068c600000| Untracked 
| 161|0x000000068c700000, 0x000000068c700000, 0x000000068c800000|  0%| F|  |TAMS 0x000000068c700000, 0x000000068c700000| Untracked 
| 162|0x000000068c800000, 0x000000068c800000, 0x000000068c900000|  0%| F|  |TAMS 0x000000068c800000, 0x000000068c800000| Untracked 
| 163|0x000000068c900000, 0x000000068c900000, 0x000000068ca00000|  0%| F|  |TAMS 0x000000068c900000, 0x000000068c900000| Untracked 
| 164|0x000000068ca00000, 0x000000068ca00000, 0x000000068cb00000|  0%| F|  |TAMS 0x000000068ca00000, 0x000000068ca00000| Untracked 
| 165|0x000000068cb00000, 0x000000068cb00000, 0x000000068cc00000|  0%| F|  |TAMS 0x000000068cb00000, 0x000000068cb00000| Untracked 
| 166|0x000000068cc00000, 0x000000068cc00000, 0x000000068cd00000|  0%| F|  |TAMS 0x000000068cc00000, 0x000000068cc00000| Untracked 
| 167|0x000000068cd00000, 0x000000068cd00000, 0x000000068ce00000|  0%| F|  |TAMS 0x000000068cd00000, 0x000000068cd00000| Untracked 
| 168|0x000000068ce00000, 0x000000068ce00000, 0x000000068cf00000|  0%| F|  |TAMS 0x000000068ce00000, 0x000000068ce00000| Untracked 
| 169|0x000000068cf00000, 0x000000068cf00000, 0x000000068d000000|  0%| F|  |TAMS 0x000000068cf00000, 0x000000068cf00000| Untracked 
| 170|0x000000068d000000, 0x000000068d000000, 0x000000068d100000|  0%| F|  |TAMS 0x000000068d000000, 0x000000068d000000| Untracked 
| 171|0x000000068d100000, 0x000000068d100000, 0x000000068d200000|  0%| F|  |TAMS 0x000000068d100000, 0x000000068d100000| Untracked 
| 172|0x000000068d200000, 0x000000068d200000, 0x000000068d300000|  0%| F|  |TAMS 0x000000068d200000, 0x000000068d200000| Untracked 
| 173|0x000000068d300000, 0x000000068d300000, 0x000000068d400000|  0%| F|  |TAMS 0x000000068d300000, 0x000000068d300000| Untracked 
| 174|0x000000068d400000, 0x000000068d400000, 0x000000068d500000|  0%| F|  |TAMS 0x000000068d400000, 0x000000068d400000| Untracked 
| 175|0x000000068d500000, 0x000000068d500000, 0x000000068d600000|  0%| F|  |TAMS 0x000000068d500000, 0x000000068d500000| Untracked 
| 176|0x000000068d600000, 0x000000068d600000, 0x000000068d700000|  0%| F|  |TAMS 0x000000068d600000, 0x000000068d600000| Untracked 
| 177|0x000000068d700000, 0x000000068d700000, 0x000000068d800000|  0%| F|  |TAMS 0x000000068d700000, 0x000000068d700000| Untracked 
| 178|0x000000068d800000, 0x000000068d800000, 0x000000068d900000|  0%| F|  |TAMS 0x000000068d800000, 0x000000068d800000| Untracked 
| 179|0x000000068d900000, 0x000000068d900000, 0x000000068da00000|  0%| F|  |TAMS 0x000000068d900000, 0x000000068d900000| Untracked 
| 180|0x000000068da00000, 0x000000068da00000, 0x000000068db00000|  0%| F|  |TAMS 0x000000068da00000, 0x000000068da00000| Untracked 
| 181|0x000000068db00000, 0x000000068db00000, 0x000000068dc00000|  0%| F|  |TAMS 0x000000068db00000, 0x000000068db00000| Untracked 
| 182|0x000000068dc00000, 0x000000068dc00000, 0x000000068dd00000|  0%| F|  |TAMS 0x000000068dc00000, 0x000000068dc00000| Untracked 
| 183|0x000000068dd00000, 0x000000068dd00000, 0x000000068de00000|  0%| F|  |TAMS 0x000000068dd00000, 0x000000068dd00000| Untracked 
| 184|0x000000068de00000, 0x000000068de00000, 0x000000068df00000|  0%| F|  |TAMS 0x000000068de00000, 0x000000068de00000| Untracked 
| 185|0x000000068df00000, 0x000000068df00000, 0x000000068e000000|  0%| F|  |TAMS 0x000000068df00000, 0x000000068df00000| Untracked 
| 186|0x000000068e000000, 0x000000068e000000, 0x000000068e100000|  0%| F|  |TAMS 0x000000068e000000, 0x000000068e000000| Untracked 
| 187|0x000000068e100000, 0x000000068e100000, 0x000000068e200000|  0%| F|  |TAMS 0x000000068e100000, 0x000000068e100000| Untracked 
| 188|0x000000068e200000, 0x000000068e200000, 0x000000068e300000|  0%| F|  |TAMS 0x000000068e200000, 0x000000068e200000| Untracked 
| 189|0x000000068e300000, 0x000000068e300000, 0x000000068e400000|  0%| F|  |TAMS 0x000000068e300000, 0x000000068e300000| Untracked 
| 190|0x000000068e400000, 0x000000068e400000, 0x000000068e500000|  0%| F|  |TAMS 0x000000068e400000, 0x000000068e400000| Untracked 
| 191|0x000000068e500000, 0x000000068e500000, 0x000000068e600000|  0%| F|  |TAMS 0x000000068e500000, 0x000000068e500000| Untracked 
| 192|0x000000068e600000, 0x000000068e600000, 0x000000068e700000|  0%| F|  |TAMS 0x000000068e600000, 0x000000068e600000| Untracked 
| 193|0x000000068e700000, 0x000000068e700000, 0x000000068e800000|  0%| F|  |TAMS 0x000000068e700000, 0x000000068e700000| Untracked 
| 194|0x000000068e800000, 0x000000068e800000, 0x000000068e900000|  0%| F|  |TAMS 0x000000068e800000, 0x000000068e800000| Untracked 
| 195|0x000000068e900000, 0x000000068e900000, 0x000000068ea00000|  0%| F|  |TAMS 0x000000068e900000, 0x000000068e900000| Untracked 
| 196|0x000000068ea00000, 0x000000068ea00000, 0x000000068eb00000|  0%| F|  |TAMS 0x000000068ea00000, 0x000000068ea00000| Untracked 
| 197|0x000000068eb00000, 0x000000068eb00000, 0x000000068ec00000|  0%| F|  |TAMS 0x000000068eb00000, 0x000000068eb00000| Untracked 
| 198|0x000000068ec00000, 0x000000068ec00000, 0x000000068ed00000|  0%| F|  |TAMS 0x000000068ec00000, 0x000000068ec00000| Untracked 
| 199|0x000000068ed00000, 0x000000068ed00000, 0x000000068ee00000|  0%| F|  |TAMS 0x000000068ed00000, 0x000000068ed00000| Untracked 
| 200|0x000000068ee00000, 0x000000068ee00000, 0x000000068ef00000|  0%| F|  |TAMS 0x000000068ee00000, 0x000000068ee00000| Untracked 
| 201|0x000000068ef00000, 0x000000068ef00000, 0x000000068f000000|  0%| F|  |TAMS 0x000000068ef00000, 0x000000068ef00000| Untracked 
| 202|0x000000068f000000, 0x000000068f000000, 0x000000068f100000|  0%| F|  |TAMS 0x000000068f000000, 0x000000068f000000| Untracked 
| 203|0x000000068f100000, 0x000000068f100000, 0x000000068f200000|  0%| F|  |TAMS 0x000000068f100000, 0x000000068f100000| Untracked 
| 204|0x000000068f200000, 0x000000068f200000, 0x000000068f300000|  0%| F|  |TAMS 0x000000068f200000, 0x000000068f200000| Untracked 
| 205|0x000000068f300000, 0x000000068f300000, 0x000000068f400000|  0%| F|  |TAMS 0x000000068f300000, 0x000000068f300000| Untracked 
| 206|0x000000068f400000, 0x000000068f400000, 0x000000068f500000|  0%| F|  |TAMS 0x000000068f400000, 0x000000068f400000| Untracked 
| 207|0x000000068f500000, 0x000000068f500000, 0x000000068f600000|  0%| F|  |TAMS 0x000000068f500000, 0x000000068f500000| Untracked 
| 208|0x000000068f600000, 0x000000068f600000, 0x000000068f700000|  0%| F|  |TAMS 0x000000068f600000, 0x000000068f600000| Untracked 
| 209|0x000000068f700000, 0x000000068f700000, 0x000000068f800000|  0%| F|  |TAMS 0x000000068f700000, 0x000000068f700000| Untracked 
| 210|0x000000068f800000, 0x000000068f800000, 0x000000068f900000|  0%| F|  |TAMS 0x000000068f800000, 0x000000068f800000| Untracked 
| 211|0x000000068f900000, 0x000000068f900000, 0x000000068fa00000|  0%| F|  |TAMS 0x000000068f900000, 0x000000068f900000| Untracked 
| 212|0x000000068fa00000, 0x000000068fa00000, 0x000000068fb00000|  0%| F|  |TAMS 0x000000068fa00000, 0x000000068fa00000| Untracked 
| 213|0x000000068fb00000, 0x000000068fb00000, 0x000000068fc00000|  0%| F|  |TAMS 0x000000068fb00000, 0x000000068fb00000| Untracked 
| 214|0x000000068fc00000, 0x000000068fc00000, 0x000000068fd00000|  0%| F|  |TAMS 0x000000068fc00000, 0x000000068fc00000| Untracked 
| 215|0x000000068fd00000, 0x000000068fd00000, 0x000000068fe00000|  0%| F|  |TAMS 0x000000068fd00000, 0x000000068fd00000| Untracked 
| 216|0x000000068fe00000, 0x000000068fe00000, 0x000000068ff00000|  0%| F|  |TAMS 0x000000068fe00000, 0x000000068fe00000| Untracked 
| 217|0x000000068ff00000, 0x000000068ff00000, 0x0000000690000000|  0%| F|  |TAMS 0x000000068ff00000, 0x000000068ff00000| Untracked 
| 218|0x0000000690000000, 0x0000000690000000, 0x0000000690100000|  0%| F|  |TAMS 0x0000000690000000, 0x0000000690000000| Untracked 
| 219|0x0000000690100000, 0x0000000690100000, 0x0000000690200000|  0%| F|  |TAMS 0x0000000690100000, 0x0000000690100000| Untracked 
| 220|0x0000000690200000, 0x0000000690200000, 0x0000000690300000|  0%| F|  |TAMS 0x0000000690200000, 0x0000000690200000| Untracked 
| 221|0x0000000690300000, 0x0000000690300000, 0x0000000690400000|  0%| F|  |TAMS 0x0000000690300000, 0x0000000690300000| Untracked 
| 222|0x0000000690400000, 0x0000000690400000, 0x0000000690500000|  0%| F|  |TAMS 0x0000000690400000, 0x0000000690400000| Untracked 
| 223|0x0000000690500000, 0x0000000690500000, 0x0000000690600000|  0%| F|  |TAMS 0x0000000690500000, 0x0000000690500000| Untracked 
| 224|0x0000000690600000, 0x0000000690600000, 0x0000000690700000|  0%| F|  |TAMS 0x0000000690600000, 0x0000000690600000| Untracked 
| 225|0x0000000690700000, 0x0000000690700000, 0x0000000690800000|  0%| F|  |TAMS 0x0000000690700000, 0x0000000690700000| Untracked 
| 226|0x0000000690800000, 0x0000000690800000, 0x0000000690900000|  0%| F|  |TAMS 0x0000000690800000, 0x0000000690800000| Untracked 
| 227|0x0000000690900000, 0x0000000690900000, 0x0000000690a00000|  0%| F|  |TAMS 0x0000000690900000, 0x0000000690900000| Untracked 
| 228|0x0000000690a00000, 0x0000000690a00000, 0x0000000690b00000|  0%| F|  |TAMS 0x0000000690a00000, 0x0000000690a00000| Untracked 
| 229|0x0000000690b00000, 0x0000000690b00000, 0x0000000690c00000|  0%| F|  |TAMS 0x0000000690b00000, 0x0000000690b00000| Untracked 
| 230|0x0000000690c00000, 0x0000000690c00000, 0x0000000690d00000|  0%| F|  |TAMS 0x0000000690c00000, 0x0000000690c00000| Untracked 
| 231|0x0000000690d00000, 0x0000000690d00000, 0x0000000690e00000|  0%| F|  |TAMS 0x0000000690d00000, 0x0000000690d00000| Untracked 
| 232|0x0000000690e00000, 0x0000000690e00000, 0x0000000690f00000|  0%| F|  |TAMS 0x0000000690e00000, 0x0000000690e00000| Untracked 
| 233|0x0000000690f00000, 0x0000000690f00000, 0x0000000691000000|  0%| F|  |TAMS 0x0000000690f00000, 0x0000000690f00000| Untracked 
| 234|0x0000000691000000, 0x0000000691000000, 0x0000000691100000|  0%| F|  |TAMS 0x0000000691000000, 0x0000000691000000| Untracked 
| 235|0x0000000691100000, 0x0000000691100000, 0x0000000691200000|  0%| F|  |TAMS 0x0000000691100000, 0x0000000691100000| Untracked 
| 236|0x0000000691200000, 0x0000000691200000, 0x0000000691300000|  0%| F|  |TAMS 0x0000000691200000, 0x0000000691200000| Untracked 
| 237|0x0000000691300000, 0x0000000691300000, 0x0000000691400000|  0%| F|  |TAMS 0x0000000691300000, 0x0000000691300000| Untracked 
| 238|0x0000000691400000, 0x0000000691400000, 0x0000000691500000|  0%| F|  |TAMS 0x0000000691400000, 0x0000000691400000| Untracked 
| 239|0x0000000691500000, 0x0000000691500000, 0x0000000691600000|  0%| F|  |TAMS 0x0000000691500000, 0x0000000691500000| Untracked 
| 240|0x0000000691600000, 0x0000000691600000, 0x0000000691700000|  0%| F|  |TAMS 0x0000000691600000, 0x0000000691600000| Untracked 
| 241|0x0000000691700000, 0x0000000691700000, 0x0000000691800000|  0%| F|  |TAMS 0x0000000691700000, 0x0000000691700000| Untracked 
| 242|0x0000000691800000, 0x0000000691800000, 0x0000000691900000|  0%| F|  |TAMS 0x0000000691800000, 0x0000000691800000| Untracked 
| 243|0x0000000691900000, 0x0000000691900000, 0x0000000691a00000|  0%| F|  |TAMS 0x0000000691900000, 0x0000000691900000| Untracked 
| 244|0x0000000691a00000, 0x0000000691a00000, 0x0000000691b00000|  0%| F|  |TAMS 0x0000000691a00000, 0x0000000691a00000| Untracked 
| 245|0x0000000691b00000, 0x0000000691b00000, 0x0000000691c00000|  0%| F|  |TAMS 0x0000000691b00000, 0x0000000691b00000| Untracked 
| 246|0x0000000691c00000, 0x0000000691c00000, 0x0000000691d00000|  0%| F|  |TAMS 0x0000000691c00000, 0x0000000691c00000| Untracked 
| 247|0x0000000691d00000, 0x0000000691d00000, 0x0000000691e00000|  0%| F|  |TAMS 0x0000000691d00000, 0x0000000691d00000| Untracked 
| 248|0x0000000691e00000, 0x0000000691e00000, 0x0000000691f00000|  0%| F|  |TAMS 0x0000000691e00000, 0x0000000691e00000| Untracked 
| 249|0x0000000691f00000, 0x0000000691f00000, 0x0000000692000000|  0%| F|  |TAMS 0x0000000691f00000, 0x0000000691f00000| Untracked 
| 250|0x0000000692000000, 0x0000000692000000, 0x0000000692100000|  0%| F|  |TAMS 0x0000000692000000, 0x0000000692000000| Untracked 
| 251|0x0000000692100000, 0x0000000692100000, 0x0000000692200000|  0%| F|  |TAMS 0x0000000692100000, 0x0000000692100000| Untracked 
| 252|0x0000000692200000, 0x0000000692200000, 0x0000000692300000|  0%| F|  |TAMS 0x0000000692200000, 0x0000000692200000| Untracked 
| 253|0x0000000692300000, 0x0000000692300000, 0x0000000692400000|  0%| F|  |TAMS 0x0000000692300000, 0x0000000692300000| Untracked 
| 254|0x0000000692400000, 0x0000000692400000, 0x0000000692500000|  0%| F|  |TAMS 0x0000000692400000, 0x0000000692400000| Untracked 
| 255|0x0000000692500000, 0x0000000692500000, 0x0000000692600000|  0%| F|  |TAMS 0x0000000692500000, 0x0000000692500000| Untracked 
| 256|0x0000000692600000, 0x0000000692600000, 0x0000000692700000|  0%| F|  |TAMS 0x0000000692600000, 0x0000000692600000| Untracked 
| 257|0x0000000692700000, 0x0000000692700000, 0x0000000692800000|  0%| F|  |TAMS 0x0000000692700000, 0x0000000692700000| Untracked 
| 258|0x0000000692800000, 0x0000000692800000, 0x0000000692900000|  0%| F|  |TAMS 0x0000000692800000, 0x0000000692800000| Untracked 
| 259|0x0000000692900000, 0x0000000692900000, 0x0000000692a00000|  0%| F|  |TAMS 0x0000000692900000, 0x0000000692900000| Untracked 
| 260|0x0000000692a00000, 0x0000000692a00000, 0x0000000692b00000|  0%| F|  |TAMS 0x0000000692a00000, 0x0000000692a00000| Untracked 
| 261|0x0000000692b00000, 0x0000000692b00000, 0x0000000692c00000|  0%| F|  |TAMS 0x0000000692b00000, 0x0000000692b00000| Untracked 
| 262|0x0000000692c00000, 0x0000000692c00000, 0x0000000692d00000|  0%| F|  |TAMS 0x0000000692c00000, 0x0000000692c00000| Untracked 
| 263|0x0000000692d00000, 0x0000000692d00000, 0x0000000692e00000|  0%| F|  |TAMS 0x0000000692d00000, 0x0000000692d00000| Untracked 
| 264|0x0000000692e00000, 0x0000000692e00000, 0x0000000692f00000|  0%| F|  |TAMS 0x0000000692e00000, 0x0000000692e00000| Untracked 
| 265|0x0000000692f00000, 0x0000000692f00000, 0x0000000693000000|  0%| F|  |TAMS 0x0000000692f00000, 0x0000000692f00000| Untracked 
| 266|0x0000000693000000, 0x0000000693000000, 0x0000000693100000|  0%| F|  |TAMS 0x0000000693000000, 0x0000000693000000| Untracked 
| 267|0x0000000693100000, 0x0000000693100000, 0x0000000693200000|  0%| F|  |TAMS 0x0000000693100000, 0x0000000693100000| Untracked 
| 268|0x0000000693200000, 0x0000000693200000, 0x0000000693300000|  0%| F|  |TAMS 0x0000000693200000, 0x0000000693200000| Untracked 
| 269|0x0000000693300000, 0x0000000693300000, 0x0000000693400000|  0%| F|  |TAMS 0x0000000693300000, 0x0000000693300000| Untracked 
| 270|0x0000000693400000, 0x0000000693400000, 0x0000000693500000|  0%| F|  |TAMS 0x0000000693400000, 0x0000000693400000| Untracked 
| 271|0x0000000693500000, 0x0000000693500000, 0x0000000693600000|  0%| F|  |TAMS 0x0000000693500000, 0x0000000693500000| Untracked 
| 272|0x0000000693600000, 0x0000000693600000, 0x0000000693700000|  0%| F|  |TAMS 0x0000000693600000, 0x0000000693600000| Untracked 
| 273|0x0000000693700000, 0x0000000693700000, 0x0000000693800000|  0%| F|  |TAMS 0x0000000693700000, 0x0000000693700000| Untracked 
| 274|0x0000000693800000, 0x0000000693800000, 0x0000000693900000|  0%| F|  |TAMS 0x0000000693800000, 0x0000000693800000| Untracked 
| 275|0x0000000693900000, 0x0000000693900000, 0x0000000693a00000|  0%| F|  |TAMS 0x0000000693900000, 0x0000000693900000| Untracked 
| 276|0x0000000693a00000, 0x0000000693a00000, 0x0000000693b00000|  0%| F|  |TAMS 0x0000000693a00000, 0x0000000693a00000| Untracked 
| 277|0x0000000693b00000, 0x0000000693b00000, 0x0000000693c00000|  0%| F|  |TAMS 0x0000000693b00000, 0x0000000693b00000| Untracked 
| 278|0x0000000693c00000, 0x0000000693c00000, 0x0000000693d00000|  0%| F|  |TAMS 0x0000000693c00000, 0x0000000693c00000| Untracked 
| 279|0x0000000693d00000, 0x0000000693d00000, 0x0000000693e00000|  0%| F|  |TAMS 0x0000000693d00000, 0x0000000693d00000| Untracked 
| 280|0x0000000693e00000, 0x0000000693e00000, 0x0000000693f00000|  0%| F|  |TAMS 0x0000000693e00000, 0x0000000693e00000| Untracked 
| 281|0x0000000693f00000, 0x0000000693f00000, 0x0000000694000000|  0%| F|  |TAMS 0x0000000693f00000, 0x0000000693f00000| Untracked 
| 282|0x0000000694000000, 0x0000000694000000, 0x0000000694100000|  0%| F|  |TAMS 0x0000000694000000, 0x0000000694000000| Untracked 
| 283|0x0000000694100000, 0x0000000694100000, 0x0000000694200000|  0%| F|  |TAMS 0x0000000694100000, 0x0000000694100000| Untracked 
| 284|0x0000000694200000, 0x0000000694200000, 0x0000000694300000|  0%| F|  |TAMS 0x0000000694200000, 0x0000000694200000| Untracked 
| 285|0x0000000694300000, 0x0000000694300000, 0x0000000694400000|  0%| F|  |TAMS 0x0000000694300000, 0x0000000694300000| Untracked 
| 286|0x0000000694400000, 0x0000000694400000, 0x0000000694500000|  0%| F|  |TAMS 0x0000000694400000, 0x0000000694400000| Untracked 
| 287|0x0000000694500000, 0x0000000694500000, 0x0000000694600000|  0%| F|  |TAMS 0x0000000694500000, 0x0000000694500000| Untracked 
| 288|0x0000000694600000, 0x0000000694600000, 0x0000000694700000|  0%| F|  |TAMS 0x0000000694600000, 0x0000000694600000| Untracked 
| 289|0x0000000694700000, 0x0000000694700000, 0x0000000694800000|  0%| F|  |TAMS 0x0000000694700000, 0x0000000694700000| Untracked 
| 290|0x0000000694800000, 0x0000000694800000, 0x0000000694900000|  0%| F|  |TAMS 0x0000000694800000, 0x0000000694800000| Untracked 
| 291|0x0000000694900000, 0x0000000694900000, 0x0000000694a00000|  0%| F|  |TAMS 0x0000000694900000, 0x0000000694900000| Untracked 
| 292|0x0000000694a00000, 0x0000000694a00000, 0x0000000694b00000|  0%| F|  |TAMS 0x0000000694a00000, 0x0000000694a00000| Untracked 
| 293|0x0000000694b00000, 0x0000000694b00000, 0x0000000694c00000|  0%| F|  |TAMS 0x0000000694b00000, 0x0000000694b00000| Untracked 
| 294|0x0000000694c00000, 0x0000000694c00000, 0x0000000694d00000|  0%| F|  |TAMS 0x0000000694c00000, 0x0000000694c00000| Untracked 
| 295|0x0000000694d00000, 0x0000000694d00000, 0x0000000694e00000|  0%| F|  |TAMS 0x0000000694d00000, 0x0000000694d00000| Untracked 
| 296|0x0000000694e00000, 0x0000000694e00000, 0x0000000694f00000|  0%| F|  |TAMS 0x0000000694e00000, 0x0000000694e00000| Untracked 
| 297|0x0000000694f00000, 0x0000000694f00000, 0x0000000695000000|  0%| F|  |TAMS 0x0000000694f00000, 0x0000000694f00000| Untracked 
| 298|0x0000000695000000, 0x0000000695000000, 0x0000000695100000|  0%| F|  |TAMS 0x0000000695000000, 0x0000000695000000| Untracked 
| 299|0x0000000695100000, 0x0000000695100000, 0x0000000695200000|  0%| F|  |TAMS 0x0000000695100000, 0x0000000695100000| Untracked 
| 300|0x0000000695200000, 0x0000000695200000, 0x0000000695300000|  0%| F|  |TAMS 0x0000000695200000, 0x0000000695200000| Untracked 
| 301|0x0000000695300000, 0x0000000695300000, 0x0000000695400000|  0%| F|  |TAMS 0x0000000695300000, 0x0000000695300000| Untracked 
| 302|0x0000000695400000, 0x0000000695400000, 0x0000000695500000|  0%| F|  |TAMS 0x0000000695400000, 0x0000000695400000| Untracked 
| 303|0x0000000695500000, 0x0000000695500000, 0x0000000695600000|  0%| F|  |TAMS 0x0000000695500000, 0x0000000695500000| Untracked 
| 304|0x0000000695600000, 0x0000000695600000, 0x0000000695700000|  0%| F|  |TAMS 0x0000000695600000, 0x0000000695600000| Untracked 
| 305|0x0000000695700000, 0x0000000695700000, 0x0000000695800000|  0%| F|  |TAMS 0x0000000695700000, 0x0000000695700000| Untracked 
| 306|0x0000000695800000, 0x0000000695800000, 0x0000000695900000|  0%| F|  |TAMS 0x0000000695800000, 0x0000000695800000| Untracked 
| 307|0x0000000695900000, 0x0000000695900000, 0x0000000695a00000|  0%| F|  |TAMS 0x0000000695900000, 0x0000000695900000| Untracked 
| 308|0x0000000695a00000, 0x0000000695a00000, 0x0000000695b00000|  0%| F|  |TAMS 0x0000000695a00000, 0x0000000695a00000| Untracked 
| 309|0x0000000695b00000, 0x0000000695b00000, 0x0000000695c00000|  0%| F|  |TAMS 0x0000000695b00000, 0x0000000695b00000| Untracked 
| 310|0x0000000695c00000, 0x0000000695c00000, 0x0000000695d00000|  0%| F|  |TAMS 0x0000000695c00000, 0x0000000695c00000| Untracked 
| 311|0x0000000695d00000, 0x0000000695d00000, 0x0000000695e00000|  0%| F|  |TAMS 0x0000000695d00000, 0x0000000695d00000| Untracked 
| 312|0x0000000695e00000, 0x0000000695e00000, 0x0000000695f00000|  0%| F|  |TAMS 0x0000000695e00000, 0x0000000695e00000| Untracked 
| 313|0x0000000695f00000, 0x0000000695f00000, 0x0000000696000000|  0%| F|  |TAMS 0x0000000695f00000, 0x0000000695f00000| Untracked 
| 314|0x0000000696000000, 0x0000000696000000, 0x0000000696100000|  0%| F|  |TAMS 0x0000000696000000, 0x0000000696000000| Untracked 
| 315|0x0000000696100000, 0x0000000696100000, 0x0000000696200000|  0%| F|  |TAMS 0x0000000696100000, 0x0000000696100000| Untracked 
| 316|0x0000000696200000, 0x0000000696200000, 0x0000000696300000|  0%| F|  |TAMS 0x0000000696200000, 0x0000000696200000| Untracked 
| 317|0x0000000696300000, 0x0000000696300000, 0x0000000696400000|  0%| F|  |TAMS 0x0000000696300000, 0x0000000696300000| Untracked 
| 318|0x0000000696400000, 0x0000000696400000, 0x0000000696500000|  0%| F|  |TAMS 0x0000000696400000, 0x0000000696400000| Untracked 
| 319|0x0000000696500000, 0x0000000696500000, 0x0000000696600000|  0%| F|  |TAMS 0x0000000696500000, 0x0000000696500000| Untracked 
| 320|0x0000000696600000, 0x0000000696600000, 0x0000000696700000|  0%| F|  |TAMS 0x0000000696600000, 0x0000000696600000| Untracked 
| 321|0x0000000696700000, 0x0000000696700000, 0x0000000696800000|  0%| F|  |TAMS 0x0000000696700000, 0x0000000696700000| Untracked 
| 322|0x0000000696800000, 0x0000000696800000, 0x0000000696900000|  0%| F|  |TAMS 0x0000000696800000, 0x0000000696800000| Untracked 
| 323|0x0000000696900000, 0x0000000696900000, 0x0000000696a00000|  0%| F|  |TAMS 0x0000000696900000, 0x0000000696900000| Untracked 
| 324|0x0000000696a00000, 0x0000000696a00000, 0x0000000696b00000|  0%| F|  |TAMS 0x0000000696a00000, 0x0000000696a00000| Untracked 
| 325|0x0000000696b00000, 0x0000000696b00000, 0x0000000696c00000|  0%| F|  |TAMS 0x0000000696b00000, 0x0000000696b00000| Untracked 
| 326|0x0000000696c00000, 0x0000000696c00000, 0x0000000696d00000|  0%| F|  |TAMS 0x0000000696c00000, 0x0000000696c00000| Untracked 
| 327|0x0000000696d00000, 0x0000000696d00000, 0x0000000696e00000|  0%| F|  |TAMS 0x0000000696d00000, 0x0000000696d00000| Untracked 
| 328|0x0000000696e00000, 0x0000000696e00000, 0x0000000696f00000|  0%| F|  |TAMS 0x0000000696e00000, 0x0000000696e00000| Untracked 
| 329|0x0000000696f00000, 0x0000000696f00000, 0x0000000697000000|  0%| F|  |TAMS 0x0000000696f00000, 0x0000000696f00000| Untracked 
| 330|0x0000000697000000, 0x0000000697000000, 0x0000000697100000|  0%| F|  |TAMS 0x0000000697000000, 0x0000000697000000| Untracked 
| 331|0x0000000697100000, 0x0000000697100000, 0x0000000697200000|  0%| F|  |TAMS 0x0000000697100000, 0x0000000697100000| Untracked 
| 332|0x0000000697200000, 0x0000000697200000, 0x0000000697300000|  0%| F|  |TAMS 0x0000000697200000, 0x0000000697200000| Untracked 
| 333|0x0000000697300000, 0x0000000697300000, 0x0000000697400000|  0%| F|  |TAMS 0x0000000697300000, 0x0000000697300000| Untracked 
| 334|0x0000000697400000, 0x0000000697400000, 0x0000000697500000|  0%| F|  |TAMS 0x0000000697400000, 0x0000000697400000| Untracked 
| 335|0x0000000697500000, 0x0000000697500000, 0x0000000697600000|  0%| F|  |TAMS 0x0000000697500000, 0x0000000697500000| Untracked 
| 336|0x0000000697600000, 0x0000000697600000, 0x0000000697700000|  0%| F|  |TAMS 0x0000000697600000, 0x0000000697600000| Untracked 
| 337|0x0000000697700000, 0x0000000697700000, 0x0000000697800000|  0%| F|  |TAMS 0x0000000697700000, 0x0000000697700000| Untracked 
| 338|0x0000000697800000, 0x0000000697800000, 0x0000000697900000|  0%| F|  |TAMS 0x0000000697800000, 0x0000000697800000| Untracked 
| 339|0x0000000697900000, 0x0000000697900000, 0x0000000697a00000|  0%| F|  |TAMS 0x0000000697900000, 0x0000000697900000| Untracked 
| 340|0x0000000697a00000, 0x0000000697a00000, 0x0000000697b00000|  0%| F|  |TAMS 0x0000000697a00000, 0x0000000697a00000| Untracked 
| 341|0x0000000697b00000, 0x0000000697b00000, 0x0000000697c00000|  0%| F|  |TAMS 0x0000000697b00000, 0x0000000697b00000| Untracked 
| 342|0x0000000697c00000, 0x0000000697c00000, 0x0000000697d00000|  0%| F|  |TAMS 0x0000000697c00000, 0x0000000697c00000| Untracked 
| 343|0x0000000697d00000, 0x0000000697d00000, 0x0000000697e00000|  0%| F|  |TAMS 0x0000000697d00000, 0x0000000697d00000| Untracked 
| 344|0x0000000697e00000, 0x0000000697e00000, 0x0000000697f00000|  0%| F|  |TAMS 0x0000000697e00000, 0x0000000697e00000| Untracked 
| 345|0x0000000697f00000, 0x0000000697f00000, 0x0000000698000000|  0%| F|  |TAMS 0x0000000697f00000, 0x0000000697f00000| Untracked 
| 346|0x0000000698000000, 0x0000000698000000, 0x0000000698100000|  0%| F|  |TAMS 0x0000000698000000, 0x0000000698000000| Untracked 
| 347|0x0000000698100000, 0x0000000698100000, 0x0000000698200000|  0%| F|  |TAMS 0x0000000698100000, 0x0000000698100000| Untracked 
| 348|0x0000000698200000, 0x0000000698200000, 0x0000000698300000|  0%| F|  |TAMS 0x0000000698200000, 0x0000000698200000| Untracked 
| 349|0x0000000698300000, 0x0000000698300000, 0x0000000698400000|  0%| F|  |TAMS 0x0000000698300000, 0x0000000698300000| Untracked 
| 350|0x0000000698400000, 0x0000000698400000, 0x0000000698500000|  0%| F|  |TAMS 0x0000000698400000, 0x0000000698400000| Untracked 
| 351|0x0000000698500000, 0x0000000698500000, 0x0000000698600000|  0%| F|  |TAMS 0x0000000698500000, 0x0000000698500000| Untracked 
| 352|0x0000000698600000, 0x0000000698600000, 0x0000000698700000|  0%| F|  |TAMS 0x0000000698600000, 0x0000000698600000| Untracked 
| 353|0x0000000698700000, 0x0000000698700000, 0x0000000698800000|  0%| F|  |TAMS 0x0000000698700000, 0x0000000698700000| Untracked 
| 354|0x0000000698800000, 0x0000000698800000, 0x0000000698900000|  0%| F|  |TAMS 0x0000000698800000, 0x0000000698800000| Untracked 
| 355|0x0000000698900000, 0x0000000698a00000, 0x0000000698a00000|100%| S|CS|TAMS 0x0000000698900000, 0x0000000698900000| Complete 
| 356|0x0000000698a00000, 0x0000000698b00000, 0x0000000698b00000|100%| S|CS|TAMS 0x0000000698a00000, 0x0000000698a00000| Complete 
| 357|0x0000000698b00000, 0x0000000698c00000, 0x0000000698c00000|100%| S|CS|TAMS 0x0000000698b00000, 0x0000000698b00000| Complete 
| 358|0x0000000698c00000, 0x0000000698c00000, 0x0000000698d00000|  0%| F|  |TAMS 0x0000000698c00000, 0x0000000698c00000| Untracked 
| 359|0x0000000698d00000, 0x0000000698d00000, 0x0000000698e00000|  0%| F|  |TAMS 0x0000000698d00000, 0x0000000698d00000| Untracked 
| 360|0x0000000698e00000, 0x0000000698e00000, 0x0000000698f00000|  0%| F|  |TAMS 0x0000000698e00000, 0x0000000698e00000| Untracked 
| 361|0x0000000698f00000, 0x0000000698f00000, 0x0000000699000000|  0%| F|  |TAMS 0x0000000698f00000, 0x0000000698f00000| Untracked 
| 362|0x0000000699000000, 0x0000000699000000, 0x0000000699100000|  0%| F|  |TAMS 0x0000000699000000, 0x0000000699000000| Untracked 
| 363|0x0000000699100000, 0x0000000699100000, 0x0000000699200000|  0%| F|  |TAMS 0x0000000699100000, 0x0000000699100000| Untracked 
| 364|0x0000000699200000, 0x0000000699200000, 0x0000000699300000|  0%| F|  |TAMS 0x0000000699200000, 0x0000000699200000| Untracked 
| 365|0x0000000699300000, 0x0000000699300000, 0x0000000699400000|  0%| F|  |TAMS 0x0000000699300000, 0x0000000699300000| Untracked 
| 366|0x0000000699400000, 0x0000000699400000, 0x0000000699500000|  0%| F|  |TAMS 0x0000000699400000, 0x0000000699400000| Untracked 
| 367|0x0000000699500000, 0x0000000699500000, 0x0000000699600000|  0%| F|  |TAMS 0x0000000699500000, 0x0000000699500000| Untracked 
| 368|0x0000000699600000, 0x0000000699600000, 0x0000000699700000|  0%| F|  |TAMS 0x0000000699600000, 0x0000000699600000| Untracked 
| 369|0x0000000699700000, 0x0000000699700000, 0x0000000699800000|  0%| F|  |TAMS 0x0000000699700000, 0x0000000699700000| Untracked 
| 370|0x0000000699800000, 0x0000000699800000, 0x0000000699900000|  0%| F|  |TAMS 0x0000000699800000, 0x0000000699800000| Untracked 
| 371|0x0000000699900000, 0x0000000699900000, 0x0000000699a00000|  0%| F|  |TAMS 0x0000000699900000, 0x0000000699900000| Untracked 
| 372|0x0000000699a00000, 0x0000000699a00000, 0x0000000699b00000|  0%| F|  |TAMS 0x0000000699a00000, 0x0000000699a00000| Untracked 
| 373|0x0000000699b00000, 0x0000000699b00000, 0x0000000699c00000|  0%| F|  |TAMS 0x0000000699b00000, 0x0000000699b00000| Untracked 
| 374|0x0000000699c00000, 0x0000000699c00000, 0x0000000699d00000|  0%| F|  |TAMS 0x0000000699c00000, 0x0000000699c00000| Untracked 
| 375|0x0000000699d00000, 0x0000000699d451d0, 0x0000000699e00000| 26%| E|  |TAMS 0x0000000699d00000, 0x0000000699d00000| Complete 
| 376|0x0000000699e00000, 0x0000000699f00000, 0x0000000699f00000|100%| E|CS|TAMS 0x0000000699e00000, 0x0000000699e00000| Complete 
| 377|0x0000000699f00000, 0x000000069a000000, 0x000000069a000000|100%| E|CS|TAMS 0x0000000699f00000, 0x0000000699f00000| Complete 
| 378|0x000000069a000000, 0x000000069a100000, 0x000000069a100000|100%| E|CS|TAMS 0x000000069a000000, 0x000000069a000000| Complete 
| 379|0x000000069a100000, 0x000000069a200000, 0x000000069a200000|100%| E|CS|TAMS 0x000000069a100000, 0x000000069a100000| Complete 
| 380|0x000000069a200000, 0x000000069a300000, 0x000000069a300000|100%| E|CS|TAMS 0x000000069a200000, 0x000000069a200000| Complete 
| 381|0x000000069a300000, 0x000000069a400000, 0x000000069a400000|100%| E|CS|TAMS 0x000000069a300000, 0x000000069a300000| Complete 

Card table byte_map: [0x000001f31a940000,0x000001f31b530000] _byte_map_base: 0x000001f31752d000

Marking Bits (Prev, Next): (CMBitMap*) 0x000001f30155c9e8, (CMBitMap*) 0x000001f30155ca20
 Prev Bits: [0x000001f31c120000, 0x000001f322088000)
 Next Bits: [0x000001f322090000, 0x000001f327ff8000)

Polling page: 0x000001f3015c0000

Metaspace:

Usage:
  Non-class:     11.57 MB capacity,    11.44 MB ( 99%) used,   115.48 KB ( <1%) free+waste,    18.69 KB ( <1%) overhead. 
      Class:      1.10 MB capacity,  1005.75 KB ( 90%) used,   107.44 KB ( 10%) free+waste,     8.81 KB ( <1%) overhead. 
       Both:     12.66 MB capacity,    12.42 MB ( 98%) used,   222.92 KB (  2%) free+waste,    27.50 KB ( <1%) overhead. 

Virtual space:
  Non-class space:       12.00 MB reserved,      11.75 MB ( 98%) committed 
      Class space:        1.00 GB reserved,       1.13 MB ( <1%) committed 
             Both:        1.01 GB reserved,      12.88 MB (  1%) committed 

Chunk freelists:
   Non-Class:  15.25 KB
       Class:  3.75 KB
        Both:  19.00 KB

CodeHeap 'non-profiled nmethods': size=120000Kb used=329Kb max_used=329Kb free=119670Kb
 bounds [0x000001f311db0000, 0x000001f312020000, 0x000001f3192e0000]
CodeHeap 'profiled nmethods': size=120000Kb used=1657Kb max_used=1657Kb free=118342Kb
 bounds [0x000001f30a880000, 0x000001f30aaf0000, 0x000001f311db0000]
CodeHeap 'non-nmethods': size=5760Kb used=1478Kb max_used=1504Kb free=4281Kb
 bounds [0x000001f30a2e0000, 0x000001f30a550000, 0x000001f30a880000]
 total_blobs=1935 nmethods=946 adapters=901
 compilation: enabled
              stopped_count=0, restarted_count=0
 full_count=0

Compilation events (10 events):
Event: 0.712 Thread 0x000001f32b5cc800  941       1       com.alkrist.maribel.client.graphics.loaders.VertexNM::getNormalIndex (5 bytes)
Event: 0.712 Thread 0x000001f32b5cc800 nmethod 941 0x000001f311df2f10 code [0x000001f311df30a0, 0x000001f311df3158]
Event: 0.712 Thread 0x000001f32b5cc800  942       1       com.alkrist.maribel.client.graphics.loaders.VertexNM::getAverageTangent (5 bytes)
Event: 0.712 Thread 0x000001f32b5cc800 nmethod 942 0x000001f311df3210 code [0x000001f311df33a0, 0x000001f311df3458]
Event: 0.716 Thread 0x000001f32b5cc800  943       3       jdk.internal.misc.Unsafe::copyMemory (33 bytes)
Event: 0.717 Thread 0x000001f32b5cc800 nmethod 943 0x000001f30aa1b910 code [0x000001f30aa1bbc0, 0x000001f30aa1c8f8]
Event: 0.717 Thread 0x000001f32b5cc800  944       3       jdk.internal.misc.Unsafe::copyMemoryChecks (21 bytes)
Event: 0.717 Thread 0x000001f32b5cc800 nmethod 944 0x000001f30aa1ce90 code [0x000001f30aa1d140, 0x000001f30aa1dea8]
Event: 0.717 Thread 0x000001f32b5cc800  946       3       java.io.FileInputStream::read (8 bytes)
Event: 0.717 Thread 0x000001f32b5cc800 nmethod 946 0x000001f30aa1e410 code [0x000001f30aa1e5c0, 0x000001f30aa1e6e8]

GC Heap History (2 events):
Event: 0.683 GC heap before
{Heap before GC invocations=0 (full 0):
 garbage-first heap   total 391168K, used 23552K [0x0000000682600000, 0x0000000800000000)
  region size 1024K, 24 young (24576K), 0 survivors (0K)
 Metaspace       used 12697K, capacity 12936K, committed 13184K, reserved 1060864K
  class space    used 1004K, capacity 1090K, committed 1152K, reserved 1048576K
}
Event: 0.686 GC heap after
{Heap after GC invocations=1 (full 0):
 garbage-first heap   total 391168K, used 3475K [0x0000000682600000, 0x0000000800000000)
  region size 1024K, 3 young (3072K), 3 survivors (3072K)
 Metaspace       used 12697K, capacity 12936K, committed 13184K, reserved 1060864K
  class space    used 1004K, capacity 1090K, committed 1152K, reserved 1048576K
}

Deoptimization events (2 events):
Event: 0.095 Thread 0x000001f3014d9000 Uncommon trap: reason=unstable_if action=reinterpret pc=0x000001f311db44a0 method=java.lang.String.hashCode()I @ 14 c2
Event: 0.698 Thread 0x000001f3014d9000 Uncommon trap: reason=intrinsic_or_type_checked_inlining action=make_not_entrant pc=0x000001f311df18f8 method=java.util.ArrayList$SubList.toArray([Ljava/lang/Object;)[Ljava/lang/Object; @ 58 c2

Classes redefined (0 events):
No events

Internal exceptions (10 events):
Event: 0.293 Thread 0x000001f3014d9000 Exception <a 'java/lang/NoSuchMethodError'{0x0000000699d29c10}: java.lang.invoke.DirectMethodHandle$Holder.invokeStaticInit(Ljava/lang/Object;Ljava/lang/Object;JJ)I> (0x0000000699d29c10) thrown at [./open/src/hotspot/share/interpreter/linkResolver.cpp, li
Event: 0.293 Thread 0x000001f3014d9000 Exception <a 'java/lang/NoSuchMethodError'{0x0000000699d35370}: java.lang.invoke.Invokers$Holder.linkToTargetMethod(Ljava/lang/Object;JLjava/lang/Object;)Ljava/lang/Object;> (0x0000000699d35370) thrown at [./open/src/hotspot/share/interpreter/linkResolver
Event: 0.294 Thread 0x000001f3014d9000 Exception <a 'java/lang/NoSuchMethodError'{0x0000000699d3b5a0}: java.lang.invoke.DirectMethodHandle$Holder.invokeStaticInit(Ljava/lang/Object;Ljava/lang/Object;Ljava/lang/Object;J)I> (0x0000000699d3b5a0) thrown at [./open/src/hotspot/share/interpreter/lin
Event: 0.395 Thread 0x000001f3014d9000 Exception <a 'sun/nio/fs/WindowsException'{0x0000000699de2c10}> (0x0000000699de2c10) thrown at [./open/src/hotspot/share/prims/jni.cpp, line 611]
Event: 0.395 Thread 0x000001f3014d9000 Exception <a 'sun/nio/fs/WindowsException'{0x0000000699de2fc0}> (0x0000000699de2fc0) thrown at [./open/src/hotspot/share/prims/jni.cpp, line 611]
Event: 0.400 Thread 0x000001f3014d9000 Exception <a 'java/lang/NoSuchMethodError'{0x0000000699c183f8}: java.lang.invoke.DirectMethodHandle$Holder.invokeStatic(Ljava/lang/Object;J)V> (0x0000000699c183f8) thrown at [./open/src/hotspot/share/interpreter/linkResolver.cpp, line 772]
Event: 0.442 Thread 0x000001f3014d9000 Exception <a 'sun/nio/fs/WindowsException'{0x0000000699ca9980}> (0x0000000699ca9980) thrown at [./open/src/hotspot/share/prims/jni.cpp, line 611]
Event: 0.442 Thread 0x000001f3014d9000 Exception <a 'sun/nio/fs/WindowsException'{0x0000000699ca9d58}> (0x0000000699ca9d58) thrown at [./open/src/hotspot/share/prims/jni.cpp, line 611]
Event: 0.446 Thread 0x000001f3014d9000 Exception <a 'sun/nio/fs/WindowsException'{0x0000000699cbd8f8}> (0x0000000699cbd8f8) thrown at [./open/src/hotspot/share/prims/jni.cpp, line 611]
Event: 0.446 Thread 0x000001f3014d9000 Exception <a 'sun/nio/fs/WindowsException'{0x0000000699cbdc08}> (0x0000000699cbdc08) thrown at [./open/src/hotspot/share/prims/jni.cpp, line 611]

Events (10 events):
Event: 0.690 Executing VM operation: RevokeBias done
Event: 0.690 Executing VM operation: RevokeBias
Event: 0.690 Executing VM operation: RevokeBias done
Event: 0.690 Executing VM operation: RevokeBias
Event: 0.690 Executing VM operation: RevokeBias done
Event: 0.698 Thread 0x000001f3014d9000 Uncommon trap: trap_request=0xffffffcc fr.pc=0x000001f311df18f8 relative=0x0000000000000158
Event: 0.698 Thread 0x000001f3014d9000 DEOPT PACKING pc=0x000001f311df18f8 sp=0x000000736c8ff000
Event: 0.698 Thread 0x000001f3014d9000 DEOPT UNPACKING pc=0x000001f30a3068af sp=0x000000736c8fefa0 mode 2
Event: 0.717 loading class com/alkrist/maribel/client/graphics/texture/Texture
Event: 0.717 loading class com/alkrist/maribel/client/graphics/texture/Texture done


Dynamic libraries:
0x00007ff74e480000 - 0x00007ff74e48f000 	C:\Program Files\Java\jdk-11.0.13\bin\javaw.exe
0x00007ffd65260000 - 0x00007ffd65469000 	C:\WINDOWS\SYSTEM32\ntdll.dll
0x00007ffd63a70000 - 0x00007ffd63b2d000 	C:\WINDOWS\System32\KERNEL32.DLL
0x00007ffd62bf0000 - 0x00007ffd62f6b000 	C:\WINDOWS\System32\KERNELBASE.dll
0x00007ffd62940000 - 0x00007ffd62a51000 	C:\WINDOWS\System32\ucrtbase.dll
0x00007ffd36260000 - 0x00007ffd36275000 	C:\Program Files\Java\jdk-11.0.13\bin\VCRUNTIME140.dll
0x00007ffd3a2a0000 - 0x00007ffd3a2b8000 	C:\Program Files\Java\jdk-11.0.13\bin\jli.dll
0x00007ffd632f0000 - 0x00007ffd6339e000 	C:\WINDOWS\System32\ADVAPI32.dll
0x00007ffd64180000 - 0x00007ffd64223000 	C:\WINDOWS\System32\msvcrt.dll
0x00007ffd639d0000 - 0x00007ffd63a6e000 	C:\WINDOWS\System32\sechost.dll
0x00007ffd636b0000 - 0x00007ffd637d0000 	C:\WINDOWS\System32\RPCRT4.dll
0x00007ffd64dc0000 - 0x00007ffd64f6d000 	C:\WINDOWS\System32\USER32.dll
0x00007ffd43950000 - 0x00007ffd43bf5000 	C:\WINDOWS\WinSxS\amd64_microsoft.windows.common-controls_6595b64144ccf1df_6.0.22000.120_none_9d947278b86cc467\COMCTL32.dll
0x00007ffd62a60000 - 0x00007ffd62a86000 	C:\WINDOWS\System32\win32u.dll
0x00007ffd63cd0000 - 0x00007ffd63cf9000 	C:\WINDOWS\System32\GDI32.dll
0x00007ffd627b0000 - 0x00007ffd628c8000 	C:\WINDOWS\System32\gdi32full.dll
0x00007ffd62a90000 - 0x00007ffd62b2d000 	C:\WINDOWS\System32\msvcp_win.dll
0x00007ffd5a580000 - 0x00007ffd5a58a000 	C:\WINDOWS\SYSTEM32\VERSION.dll
0x00007ffd64230000 - 0x00007ffd64261000 	C:\WINDOWS\System32\IMM32.DLL
0x00007ffd1d420000 - 0x00007ffd1d4bb000 	C:\Program Files\Java\jdk-11.0.13\bin\msvcp140.dll
0x00007ffd14fd0000 - 0x00007ffd15ae3000 	C:\Program Files\Java\jdk-11.0.13\bin\server\jvm.dll
0x00007ffd63d00000 - 0x00007ffd63d08000 	C:\WINDOWS\System32\PSAPI.DLL
0x00007ffd51b60000 - 0x00007ffd51b93000 	C:\WINDOWS\SYSTEM32\WINMM.dll
0x00007ffd58410000 - 0x00007ffd58419000 	C:\WINDOWS\SYSTEM32\WSOCK32.dll
0x00007ffd638f0000 - 0x00007ffd6395f000 	C:\WINDOWS\System32\WS2_32.dll
0x00007ffd617b0000 - 0x00007ffd617c8000 	C:\WINDOWS\SYSTEM32\kernel.appcore.dll
0x00007ffd5cd20000 - 0x00007ffd5cd30000 	C:\Program Files\Java\jdk-11.0.13\bin\verify.dll
0x00007ffd55940000 - 0x00007ffd55b61000 	C:\WINDOWS\SYSTEM32\DBGHELP.DLL
0x00007ffd55440000 - 0x00007ffd55471000 	C:\WINDOWS\SYSTEM32\dbgcore.DLL
0x00007ffd62730000 - 0x00007ffd627af000 	C:\WINDOWS\System32\bcryptPrimitives.dll
0x00007ffd31380000 - 0x00007ffd313a8000 	C:\Program Files\Java\jdk-11.0.13\bin\java.dll
0x00007ffd5cb70000 - 0x00007ffd5cb7a000 	C:\Program Files\Java\jdk-11.0.13\bin\jimage.dll
0x00007ffd31360000 - 0x00007ffd31376000 	C:\Program Files\Java\jdk-11.0.13\bin\zip.dll
0x00007ffd64270000 - 0x00007ffd64a28000 	C:\WINDOWS\System32\SHELL32.dll
0x00007ffd60820000 - 0x00007ffd61085000 	C:\WINDOWS\SYSTEM32\windows.storage.dll
0x00007ffd64a30000 - 0x00007ffd64da7000 	C:\WINDOWS\System32\combase.dll
0x00007ffd606b0000 - 0x00007ffd60816000 	C:\WINDOWS\SYSTEM32\wintypes.dll
0x00007ffd634b0000 - 0x00007ffd6359a000 	C:\WINDOWS\System32\SHCORE.dll
0x00007ffd63b30000 - 0x00007ffd63b8d000 	C:\WINDOWS\System32\shlwapi.dll
0x00007ffd62660000 - 0x00007ffd62681000 	C:\WINDOWS\SYSTEM32\profapi.dll
0x00007ffd31340000 - 0x00007ffd31359000 	C:\Program Files\Java\jdk-11.0.13\bin\net.dll
0x00007ffd5d070000 - 0x00007ffd5d17c000 	C:\WINDOWS\SYSTEM32\WINHTTP.dll
0x00007ffd61c50000 - 0x00007ffd61cb7000 	C:\WINDOWS\system32\mswsock.dll
0x00007ffd2b5d0000 - 0x00007ffd2b5e2000 	C:\Program Files\Java\jdk-11.0.13\bin\nio.dll
0x00007ffd284e0000 - 0x00007ffd28555000 	C:\Users\Alkrist.MSI\AppData\Local\Temp\lwjglAlkrist\3.3.1-build-7\lwjgl.dll
0x00007ffd28470000 - 0x00007ffd284d1000 	C:\Users\Alkrist.MSI\AppData\Local\Temp\lwjglAlkrist\3.3.1-build-7\glfw.dll
0x00007ffd50540000 - 0x00007ffd50585000 	C:\WINDOWS\SYSTEM32\dinput8.dll
0x00007ffd4fef0000 - 0x00007ffd4ff01000 	C:\WINDOWS\SYSTEM32\xinput1_4.dll
0x00007ffd623e0000 - 0x00007ffd6242c000 	C:\WINDOWS\SYSTEM32\cfgmgr32.dll
0x00007ffd623a0000 - 0x00007ffd623cc000 	C:\WINDOWS\SYSTEM32\DEVOBJ.dll
0x00007ffd602c0000 - 0x00007ffd602ef000 	C:\WINDOWS\SYSTEM32\dwmapi.dll
0x00007ffd3ee00000 - 0x00007ffd3efc9000 	C:\WINDOWS\SYSTEM32\inputhost.dll
0x00007ffd5f4b0000 - 0x00007ffd5f5e1000 	C:\WINDOWS\SYSTEM32\CoreMessaging.dll
0x00007ffd5fdc0000 - 0x00007ffd5fe6c000 	C:\WINDOWS\system32\uxtheme.dll
0x00007ffd637d0000 - 0x00007ffd638ed000 	C:\WINDOWS\System32\MSCTF.dll
0x00007ffd61e90000 - 0x00007ffd61e9c000 	C:\WINDOWS\SYSTEM32\CRYPTBASE.DLL
0x00007ffd3b960000 - 0x00007ffd3ba61000 	C:\WINDOWS\SYSTEM32\opengl32.dll
0x00007ffd4b350000 - 0x00007ffd4b37d000 	C:\WINDOWS\SYSTEM32\GLU32.dll
0x00007ffd60120000 - 0x00007ffd60158000 	C:\WINDOWS\SYSTEM32\dxcore.dll
0x00007ffd5c7f0000 - 0x00007ffd5c834000 	C:\WINDOWS\SYSTEM32\directxdatabasehelper.dll
0x00007ffd617d0000 - 0x00007ffd61804000 	C:\WINDOWS\SYSTEM32\ntmarta.dll
0x00007ffd63bf0000 - 0x00007ffd63ca5000 	C:\WINDOWS\System32\clbcatq.dll
0x00007ffcf8b70000 - 0x00007ffcf9c15000 	C:\WINDOWS\System32\DriverStore\FileRepository\iigd_dch.inf_amd64_51f685305808e3a5\ig9icd64.dll
0x00007ffd630e0000 - 0x00007ffd6327a000 	C:\WINDOWS\System32\ole32.dll
0x00007ffd60160000 - 0x00007ffd60253000 	C:\WINDOWS\system32\dxgi.dll
0x00007ffd22900000 - 0x00007ffd22a2c000 	C:\WINDOWS\System32\DriverStore\FileRepository\iigd_dch.inf_amd64_51f685305808e3a5\igdml64.dll
0x00007ffd4e510000 - 0x00007ffd4e919000 	C:\WINDOWS\System32\DriverStore\FileRepository\iigd_dch.inf_amd64_51f685305808e3a5\igdgmm64.dll
0x00007ffd46f60000 - 0x00007ffd4a6f4000 	C:\WINDOWS\System32\DriverStore\FileRepository\iigd_dch.inf_amd64_51f685305808e3a5\igc64.dll
0x00007ffd62550000 - 0x00007ffd6259d000 	C:\WINDOWS\SYSTEM32\powrprof.dll
0x00007ffd62440000 - 0x00007ffd62453000 	C:\WINDOWS\SYSTEM32\UMPDC.dll
0x00007ffd25300000 - 0x00007ffd25381000 	C:\Users\Alkrist.MSI\AppData\Local\Temp\lwjglAlkrist\3.3.1-build-7\lwjgl_stb.dll
0x00007ffd5eee0000 - 0x00007ffd5ef98000 	C:\WINDOWS\SYSTEM32\mscms.dll
0x00007ffd62020000 - 0x00007ffd62047000 	C:\WINDOWS\SYSTEM32\bcrypt.dll
0x00007ffd313c0000 - 0x00007ffd31404000 	C:\WINDOWS\SYSTEM32\icm32.dll
0x00007ffd4a750000 - 0x00007ffd4a87d000 	C:\WINDOWS\SYSTEM32\textinputframework.dll
0x00007ffd635d0000 - 0x00007ffd636a6000 	C:\WINDOWS\System32\OLEAUT32.dll
0x00007ffd5bb50000 - 0x00007ffd5bebd000 	C:\WINDOWS\SYSTEM32\CoreUIComponents.dll
0x00007ffd28410000 - 0x00007ffd2846d000 	C:\Users\Alkrist.MSI\AppData\Local\Temp\lwjglAlkrist\3.3.1-build-7\lwjgl_opengl.dll

dbghelp: loaded successfully - version: 4.0.5 - missing functions: none
symbol engine: initialized successfully - sym options: 0x614 - pdb path: .;C:\Program Files\Java\jdk-11.0.13\bin;C:\WINDOWS\SYSTEM32;C:\WINDOWS\WinSxS\amd64_microsoft.windows.common-controls_6595b64144ccf1df_6.0.22000.120_none_9d947278b86cc467;C:\Program Files\Java\jdk-11.0.13\bin\server;C:\Users\Alkrist.MSI\AppData\Local\Temp\lwjglAlkrist\3.3.1-build-7;C:\WINDOWS\System32\DriverStore\FileRepository\iigd_dch.inf_amd64_51f685305808e3a5

VM Arguments:
jvm_args: -Dfile.encoding=UTF-8 
java_command: com.alkrist.maribel.client.TestGraphics
java_class_path (initial): D:\Development\java\maribel\maribeljava\target\classes;C:\Users\Alkrist.MSI\.m2\repository\org\json\json\20210307\json-20210307.jar;C:\Users\Alkrist.MSI\.m2\repository\org\lwjgl\lwjgl\3.3.1\lwjgl-3.3.1.jar;C:\Users\Alkrist.MSI\.m2\repository\org\lwjgl\lwjgl-assimp\3.3.1\lwjgl-assimp-3.3.1.jar;C:\Users\Alkrist.MSI\.m2\repository\org\lwjgl\lwjgl-glfw\3.3.1\lwjgl-glfw-3.3.1.jar;C:\Users\Alkrist.MSI\.m2\repository\org\lwjgl\lwjgl-openal\3.3.1\lwjgl-openal-3.3.1.jar;C:\Users\Alkrist.MSI\.m2\repository\org\lwjgl\lwjgl-opengl\3.3.1\lwjgl-opengl-3.3.1.jar;C:\Users\Alkrist.MSI\.m2\repository\org\lwjgl\lwjgl-stb\3.3.1\lwjgl-stb-3.3.1.jar;C:\Users\Alkrist.MSI\.m2\repository\org\lwjgl\lwjgl\3.3.1\lwjgl-3.3.1-natives-windows.jar;C:\Users\Alkrist.MSI\.m2\repository\org\lwjgl\lwjgl-assimp\3.3.1\lwjgl-assimp-3.3.1-natives-windows.jar;C:\Users\Alkrist.MSI\.m2\repository\org\lwjgl\lwjgl-glfw\3.3.1\lwjgl-glfw-3.3.1-natives-windows.jar;C:\Users\Alkrist.MSI\.m2\repository\org\lwjgl\lwjgl-openal\3.3.1\lwjgl-openal-3.3.1-natives-windows.jar;C:\Users\Alkrist.MSI\.m2\repository\org\lwjgl\lwjgl-opengl\3.3.1\lwjgl-opengl-3.3.1-natives-windows.jar;C:\Users\Alkrist.MSI\.m2\repository\org\lwjgl\lwjgl-stb\3.3.1\lwjgl-stb-3.3.1-natives-windows.jar
Launcher Type: SUN_STANDARD

[Global flags]
     intx CICompilerCount                          = 4                                         {product} {ergonomic}
     uint ConcGCThreads                            = 2                                         {product} {ergonomic}
     uint G1ConcRefinementThreads                  = 8                                         {product} {ergonomic}
   size_t G1HeapRegionSize                         = 1048576                                   {product} {ergonomic}
    uintx GCDrainStackTargetSize                   = 64                                        {product} {ergonomic}
   size_t InitialHeapSize                          = 400556032                                 {product} {ergonomic}
   size_t MarkStackSize                            = 4194304                                   {product} {ergonomic}
   size_t MaxHeapSize                              = 6402605056                                {product} {ergonomic}
   size_t MaxNewSize                               = 3840933888                                {product} {ergonomic}
   size_t MinHeapDeltaBytes                        = 1048576                                   {product} {ergonomic}
    uintx NonNMethodCodeHeapSize                   = 5836300                                {pd product} {ergonomic}
    uintx NonProfiledCodeHeapSize                  = 122910970                              {pd product} {ergonomic}
    uintx ProfiledCodeHeapSize                     = 122910970                              {pd product} {ergonomic}
    uintx ReservedCodeCacheSize                    = 251658240                              {pd product} {ergonomic}
     bool SegmentedCodeCache                       = true                                      {product} {ergonomic}
     bool UseCompressedClassPointers               = true                                 {lp64_product} {ergonomic}
     bool UseCompressedOops                        = true                                 {lp64_product} {ergonomic}
     bool UseG1GC                                  = true                                      {product} {ergonomic}
     bool UseLargePagesIndividualAllocation        = false                                  {pd product} {ergonomic}

Logging:
Log output configuration:
 #0: stdout all=warning uptime,level,tags
 #1: stderr all=off uptime,level,tags

Environment Variables:
PATH=C:\Program Files\Common Files\Oracle\Java\javapath;C:\Program Files (x86)\Common Files\Oracle\Java\javapath;C:\ProgramData\Oracle\Java\javapath;C:\Program Files (x86)\Intel\Intel(R) Management Engine Components\iCLS\;C:\Program Files\Intel\Intel(R) Management Engine Components\iCLS\;C:\Windows\system32;C:\Windows;C:\Windows\System32\Wbem;C:\Windows\System32\WindowsPowerShell\v1.0\;C:\Windows\System32\OpenSSH\;C:\Program Files (x86)\NVIDIA Corporation\PhysX\Common;C:\Program Files\Intel\WiFi\bin\;C:\Program Files\Common Files\Intel\WirelessCommon\;C:\Program Files (x86)\Intel\Intel(R) Management Engine Components\DAL;C:\Program Files\Intel\Intel(R) Management Engine Components\DAL;C:\Program Files (x86)\Intel\Intel(R) Management Engine Components\IPT;C:\Program Files\Intel\Intel(R) Management Engine Components\IPT;C:\WINDOWS\system32;C:\WINDOWS;C:\WINDOWS\System32\Wbem;C:\WINDOWS\System32\WindowsPowerShell\v1.0\;C:\WINDOWS\System32\OpenSSH\;C:\Program Files\Git\cmd;C:\Users\Alkrist.MSI\AppData\Local\Microsoft\WindowsApps;
USERNAME=Alkrist
OS=Windows_NT
PROCESSOR_IDENTIFIER=Intel64 Family 6 Model 158 Stepping 10, GenuineIntel



---------------  S Y S T E M  ---------------

OS: Windows 10 , 64 bit Build 22000 (10.0.22000.708)

CPU:total 8 (initial active 8) (4 cores per cpu, 2 threads per core) family 6 model 158 stepping 10 microcode 0xde, cmov, cx8, fxsr, mmx, sse, sse2, sse3, ssse3, sse4.1, sse4.2, popcnt, avx, avx2, aes, clmul, erms, 3dnowpref, lzcnt, ht, tsc, tscinvbit, bmi1, bmi2, adx, fma

Memory: 4k page, system-wide physical 24423M (16988M free)
TotalPageFile size 28007M (AvailPageFile size 18836M)
current process WorkingSet (physical memory assigned to process): 176M, peak: 181M
current process commit charge ("private bytes"): 541M, peak: 546M

vm_info: Java HotSpot(TM) 64-Bit Server VM (11.0.13+10-LTS-370) for windows-amd64 JRE (11.0.13+10-LTS-370), built on Sep 15 2021 22:10:36 by "mach5one" with MS VC++ 15.9 (VS2017)

END.
