#
# A fatal error has been detected by the Java Runtime Environment:
#
#  EXCEPTION_ACCESS_VIOLATION (0xc0000005) at pc=0x00007ff9ea6ecdec, pid=8384, tid=12800
#
# JRE version: OpenJDK Runtime Environment Temurin-17.0.1+12 (17.0.1+12) (build 17.0.1+12)
# Java VM: OpenJDK 64-Bit Server VM Temurin-17.0.1+12 (17.0.1+12, mixed mode, tiered, compressed oops, compressed class ptrs, g1 gc, windows-amd64)
# Problematic frame:
# C  [lwjgl_opengl.dll+0xcdec]
#
# No core dump will be written. Minidumps are not enabled by default on client versions of Windows
#
# If you would like to submit a bug report, please visit:
#   https://github.com/adoptium/adoptium-support/issues
# The crash happened outside the Java Virtual Machine in native code.
# See problematic frame for where to report the bug.
#

---------------  S U M M A R Y ------------

Command Line: -Dfile.encoding=Cp1251 -XX:+ShowCodeDetailsInExceptionMessages com.alkrist.maribel.client.TestGraphics

Host: AMD A9-9420 RADEON R5, 5 COMPUTE CORES 2C+3G   , 2 cores, 7G,  Windows 10 , 64 bit Build 19041 (10.0.19041.1645)
Time: Fri May 13 13:57:08 2022  Windows 10 , 64 bit Build 19041 (10.0.19041.1645) elapsed time: 3.099873 seconds (0d 0h 0m 3s)

---------------  T H R E A D  ---------------

Current thread (0x0000017bb22ee840):  JavaThread "main" [_thread_in_native, id=12800, stack(0x0000004263200000,0x0000004263300000)]

Stack: [0x0000004263200000,0x0000004263300000],  sp=0x00000042632ff048,  free space=1020k
Native frames: (J=compiled Java code, j=interpreted, Vv=VM code, C=native code)
C  [lwjgl_opengl.dll+0xcdec]

Java frames: (J=compiled Java code, j=interpreted, Vv=VM code)
j  org.lwjgl.opengl.GL11C.glViewport(IIII)V+0
j  org.lwjgl.opengl.GL11.glViewport(IIII)V+4
j  com.alkrist.maribel.client.graphics.DisplayManager.createWindow(Ljava/lang/String;)V+134
j  com.alkrist.maribel.client.TestGraphics.main([Ljava/lang/String;)V+11
v  ~StubRoutines::call_stub

siginfo: EXCEPTION_ACCESS_VIOLATION (0xc0000005), reading address 0x0000000000000a78


Register to memory mapping:

RIP=0x00007ff9ea6ecdec lwjgl_opengl.dll
RAX=0x0000017bcc07f4b0 points into unknown readable memory: 0x0000000000000000 | 00 00 00 00 00 00 00 00
RBX={method} {0x0000017bcbad8398} 'glViewport' '(IIII)V' in 'org/lwjgl/opengl/GL11C'
RCX=0x0 is NULL
RDX=0x0 is NULL
RSP=0x00000042632ff048 is pointing into the stack for thread: 0x0000017bb22ee840
RBP=0x00000042632ff0d8 is pointing into the stack for thread: 0x0000017bb22ee840
RSI=0x0 is NULL
RDI=0x0000017bb59a94ec is at code_begin+1100 in an Interpreter codelet
return entry points  [0x0000017bb59a90a0, 0x0000017bb59a9b80]  2784 bytes
R8 =0x0000000000000500 is an unknown value
R9 =0x00000000000002d0 is an unknown value
R10=0x0 is NULL
R11=0x000000008fb6f730 is an oop: java.lang.Class 
{0x000000008fb6f730} - klass: 'java/lang/Class'
 - ---- fields (total size 116 words):
 - private volatile transient 'classRedefinedCount' 'I' @12  0
 - private volatile transient 'cachedConstructor' 'Ljava/lang/reflect/Constructor;' @40  NULL (0)
 - private transient 'name' 'Ljava/lang/String;' @44  "org.lwjgl.opengl.GL11C"{0x000000008fb6fae0} (8fb6fae0)
 - private transient 'module' 'Ljava/lang/Module;' @48  a 'java/lang/Module'{0x000000008ff826d0} (8ff826d0)
 - private final 'classLoader' 'Ljava/lang/ClassLoader;' @52  a 'jdk/internal/loader/ClassLoaders$AppClassLoader'{0x000000008ff82510} (8ff82510)
 - private transient 'classData' 'Ljava/lang/Object;' @56  NULL (0)
 - private transient 'packageName' 'Ljava/lang/String;' @60  "org.lwjgl.opengl"{0x000000008fcdfd48} (8fcdfd48)
 - private final 'componentType' 'Ljava/lang/Class;' @64  NULL (0)
 - private volatile transient 'reflectionData' 'Ljava/lang/ref/SoftReference;' @68  NULL (0)
 - private volatile transient 'genericInfo' 'Lsun/reflect/generics/repository/ClassRepository;' @72  NULL (0)
 - private volatile transient 'enumConstants' '[Ljava/lang/Object;' @76  NULL (0)
 - private volatile transient 'enumConstantDirectory' 'Ljava/util/Map;' @80  NULL (0)
 - private volatile transient 'annotationData' 'Ljava/lang/Class$AnnotationData;' @84  NULL (0)
 - private volatile transient 'annotationType' 'Lsun/reflect/annotation/AnnotationType;' @88  NULL (0)
 - transient 'classValueMap' 'Ljava/lang/ClassValue$ClassValueMap;' @92  NULL (0)
 - signature: Lorg/lwjgl/opengl/GL11C;
 - fake entry for mirror: 'org/lwjgl/opengl/GL11C'
 - fake entry for array: NULL
 - fake entry for oop_size: 116
 - fake entry for static_oop_field_count: 0
 - public static final 'GL_NEVER' 'I' @112  512 (200)
 - public static final 'GL_LESS' 'I' @116  513 (201)
 - public static final 'GL_EQUAL' 'I' @120  514 (202)
 - public static final 'GL_LEQUAL' 'I' @124  515 (203)
 - public static final 'GL_GREATER' 'I' @128  516 (204)
 - public static final 'GL_NOTEQUAL' 'I' @132  517 (205)
 - public static final 'GL_GEQUAL' 'I' @136  518 (206)
 - public static final 'GL_ALWAYS' 'I' @140  519 (207)
 - public static final 'GL_DEPTH_BUFFER_BIT' 'I' @144  256 (100)
 - public static final 'GL_STENCIL_BUFFER_BIT' 'I' @148  1024 (400)
 - public static final 'GL_COLOR_BUFFER_BIT' 'I' @152  16384 (4000)
 - public static final 'GL_POINTS' 'I' @156  0
 - public static final 'GL_LINES' 'I' @160  1
 - public static final 'GL_LINE_LOOP' 'I' @164  2
 - public static final 'GL_LINE_STRIP' 'I' @168  3
 - public static final 'GL_TRIANGLES' 'I' @172  4
 - public static final 'GL_TRIANGLE_STRIP' 'I' @176  5
 - public static final 'GL_TRIANGLE_FAN' 'I' @180  6
 - public static final 'GL_QUADS' 'I' @184  7
 - public static final 'GL_ZERO' 'I' @188  0
 - public static final 'GL_ONE' 'I' @192  1
 - public static final 'GL_SRC_COLOR' 'I' @196  768 (300)
 - public static final 'GL_ONE_MINUS_SRC_COLOR' 'I' @200  769 (301)
 - public static final 'GL_SRC_ALPHA' 'I' @204  770 (302)
 - public static final 'GL_ONE_MINUS_SRC_ALPHA' 'I' @208  771 (303)
 - public static final 'GL_DST_ALPHA' 'I' @212  772 (304)
 - public static final 'GL_ONE_MINUS_DST_ALPHA' 'I' @216  773 (305)
 - public static final 'GL_DST_COLOR' 'I' @220  774 (306)
 - public static final 'GL_ONE_MINUS_DST_COLOR' 'I' @224  775 (307)
 - public static final 'GL_SRC_ALPHA_SATURATE' 'I' @228  776 (308)
 - public static final 'GL_TRUE' 'I' @232  1
 - public static final 'GL_FALSE' 'I' @236  0
 - public static final 'GL_BYTE' 'I' @240  5120 (1400)
 - public static final 'GL_UNSIGNED_BYTE' 'I' @244  5121 (1401)
 - public static final 'GL_SHORT' 'I' @248  5122 (1402)
 - public static final 'GL_UNSIGNED_SHORT' 'I' @252  5123 (1403)
 - public static final 'GL_INT' 'I' @256  5124 (1404)
 - public static final 'GL_UNSIGNED_INT' 'I' @260  5125 (1405)
 - public static final 'GL_FLOAT' 'I' @264  5126 (1406)
 - public static final 'GL_DOUBLE' 'I' @268  5130 (140a)
 - public static final 'GL_NONE' 'I' @272  0
 - public static final 'GL_FRONT_LEFT' 'I' @276  1024 (400)
 - public static final 'GL_FRONT_RIGHT' 'I' @280  1025 (401)
 - public static final 'GL_BACK_LEFT' 'I' @284  1026 (402)
 - public static final 'GL_BACK_RIGHT' 'I' @288  1027 (403)
 - public static final 'GL_FRONT' 'I' @292  1028 (404)
 - public static final 'GL_BACK' 'I' @296  1029 (405)
 - public static final 'GL_LEFT' 'I' @300  1030 (406)
 - public static final 'GL_RIGHT' 'I' @304  1031 (407)
 - public static final 'GL_FRONT_AND_BACK' 'I' @308  1032 (408)
 - public static final 'GL_NO_ERROR' 'I' @312  0
 - public static final 'GL_INVALID_ENUM' 'I' @316  1280 (500)
 - public static final 'GL_INVALID_VALUE' 'I' @320  1281 (501)
 - public static final 'GL_INVALID_OPERATION' 'I' @324  1282 (502)
 - public static final 'GL_STACK_OVERFLOW' 'I' @328  1283 (503)
 - public static final 'GL_STACK_UNDERFLOW' 'I' @332  1284 (504)
 - public static final 'GL_OUT_OF_MEMORY' 'I' @336  1285 (505)
 - public static final 'GL_CW' 'I' @340  2304 (900)
 - public static final 'GL_CCW' 'I' @344  2305 (901)
 - public static final 'GL_POINT_SIZE' 'I' @348  2833 (b11)
 - public static final 'GL_POINT_SIZE_RANGE' 'I' @352  2834 (b12)
 - public static final 'GL_POINT_SIZE_GRANULARITY' 'I' @356  2835 (b13)
 - public static final 'GL_LINE_SMOOTH' 'I' @360  2848 (b20)
 - public static final 'GL_LINE_WIDTH' 'I' @364  2849 (b21)
 - public static final 'GL_LINE_WIDTH_RANGE' 'I' @368  2850 (b22)
 - public static final 'GL_LINE_WIDTH_GRANULARITY' 'I' @372  2851 (b23)
 - public static final 'GL_POLYGON_MODE' 'I' @376  2880 (b40)
 - public static final 'GL_POLYGON_SMOOTH' 'I' @380  2881 (b41)
 - public static final 'GL_CULL_FACE' 'I' @384  2884 (b44)
 - public static final 'GL_CULL_FACE_MODE' 'I' @388  2885 (b45)
 - public static final 'GL_FRONT_FACE' 'I' @392  2886 (b46)
 - public static final 'GL_DEPTH_RANGE' 'I' @396  2928 (b70)
 - public static final 'GL_DEPTH_TEST' 'I' @400  2929 (b71)
 - public static final 'GL_DEPTH_WRITEMASK' 'I' @404  2930 (b72)
 - public static final 'GL_DEPTH_CLEAR_VALUE' 'I' @408  2931 (b73)
 - public static final 'GL_DEPTH_FUNC' 'I' @412  2932 (b74)
 - public static final 'GL_STENCIL_TEST' 'I' @416  2960 (b90)
 - public static final 'GL_STENCIL_CLEAR_VALUE' 'I' @420  2961 (b91)
 - public static final 'GL_STENCIL_FUNC' 'I' @424  2962 (b92)
 - public static final 'GL_STENCIL_VALUE_MASK' 'I' @428  2963 (b93)
 - public static final 'GL_STENCIL_FAIL' 'I' @432  2964 (b94)
 - public static final 'GL_STENCIL_PASS_DEPTH_FAIL' 'I' @436  2965 (b95)
 - public static final 'GL_STENCIL_PASS_DEPTH_PASS' 'I' @440  2966 (b96)
 - public static final 'GL_STENCIL_REF' 'I' @444  2967 (b97)
 - public static final 'GL_STENCIL_WRITEMASK' 'I' @448  2968 (b98)
 - public static final 'GL_VIEWPORT' 'I' @452  2978 (ba2)
 - public static final 'GL_DITHER' 'I' @456  3024 (bd0)
 - public static final 'GL_BLEND_DST' 'I' @460  3040 (be0)
 - public static final 'GL_BLEND_SRC' 'I' @464  3041 (be1)
 - public static final 'GL_BLEND' 'I' @468  3042 (be2)
 - public static final 'GL_LOGIC_OP_MODE' 'I' @472  3056 (bf0)
 - public static final 'GL_COLOR_LOGIC_OP' 'I' @476  3058 (bf2)
 - public static final 'GL_DRAW_BUFFER' 'I' @480  3073 (c01)
 - public static final 'GL_READ_BUFFER' 'I' @484  3074 (c02)
 - public static final 'GL_SCISSOR_BOX' 'I' @488  3088 (c10)
 - public static final 'GL_SCISSOR_TEST' 'I' @492  3089 (c11)
 - public static final 'GL_COLOR_CLEAR_VALUE' 'I' @496  3106 (c22)
 - public static final 'GL_COLOR_WRITEMASK' 'I' @500  3107 (c23)
 - public static final 'GL_DOUBLEBUFFER' 'I' @504  3122 (c32)
 - public static final 'GL_STEREO' 'I' @508  3123 (c33)
 - public static final 'GL_LINE_SMOOTH_HINT' 'I' @512  3154 (c52)
 - public static final 'GL_POLYGON_SMOOTH_HINT' 'I' @516  3155 (c53)
 - public static final 'GL_UNPACK_SWAP_BYTES' 'I' @520  3312 (cf0)
 - public static final 'GL_UNPACK_LSB_FIRST' 'I' @524  3313 (cf1)
 - public static final 'GL_UNPACK_ROW_LENGTH' 'I' @528  3314 (cf2)
 - public static final 'GL_UNPACK_SKIP_ROWS' 'I' @532  3315 (cf3)
 - public static final 'GL_UNPACK_SKIP_PIXELS' 'I' @536  3316 (cf4)
 - public static final 'GL_UNPACK_ALIGNMENT' 'I' @540  3317 (cf5)
 - public static final 'GL_PACK_SWAP_BYTES' 'I' @544  3328 (d00)
 - public static final 'GL_PACK_LSB_FIRST' 'I' @548  3329 (d01)
 - public static final 'GL_PACK_ROW_LENGTH' 'I' @552  3330 (d02)
 - public static final 'GL_PACK_SKIP_ROWS' 'I' @556  3331 (d03)
 - public static final 'GL_PACK_SKIP_PIXELS' 'I' @560  3332 (d04)
 - public static final 'GL_PACK_ALIGNMENT' 'I' @564  3333 (d05)
 - public static final 'GL_MAX_TEXTURE_SIZE' 'I' @568  3379 (d33)
 - public static final 'GL_MAX_VIEWPORT_DIMS' 'I' @572  3386 (d3a)
 - public static final 'GL_SUBPIXEL_BITS' 'I' @576  3408 (d50)
 - public static final 'GL_TEXTURE_1D' 'I' @580  3552 (de0)
 - public static final 'GL_TEXTURE_2D' 'I' @584  3553 (de1)
 - public static final 'GL_TEXTURE_WIDTH' 'I' @588  4096 (1000)
 - public static final 'GL_TEXTURE_HEIGHT' 'I' @592  4097 (1001)
 - public static final 'GL_TEXTURE_INTERNAL_FORMAT' 'I' @596  4099 (1003)
 - public static final 'GL_TEXTURE_BORDER_COLOR' 'I' @600  4100 (1004)
 - public static final 'GL_DONT_CARE' 'I' @604  4352 (1100)
 - public static final 'GL_FASTEST' 'I' @608  4353 (1101)
 - public static final 'GL_NICEST' 'I' @612  4354 (1102)
 - public static final 'GL_CLEAR' 'I' @616  5376 (1500)
 - public static final 'GL_AND' 'I' @620  5377 (1501)
 - public static final 'GL_AND_REVERSE' 'I' @624  5378 (1502)
 - public static final 'GL_COPY' 'I' @628  5379 (1503)
 - public static final 'GL_AND_INVERTED' 'I' @632  5380 (1504)
 - public static final 'GL_NOOP' 'I' @636  5381 (1505)
 - public static final 'GL_XOR' 'I' @640  5382 (1506)
 - public static final 'GL_OR' 'I' @644  5383 (1507)
 - public static final 'GL_NOR' 'I' @648  5384 (1508)
 - public static final 'GL_EQUIV' 'I' @652  5385 (1509)
 - public static final 'GL_INVERT' 'I' @656  5386 (150a)
 - public static final 'GL_OR_REVERSE' 'I' @660  5387 (150b)
 - public static final 'GL_COPY_INVERTED' 'I' @664  5388 (150c)
 - public static final 'GL_OR_INVERTED' 'I' @668  5389 (150d)
 - public static final 'GL_NAND' 'I' @672  5390 (150e)
 - public static final 'GL_SET' 'I' @676  5391 (150f)
 - public static final 'GL_TEXTURE' 'I' @680  5890 (1702)
 - public static final 'GL_COLOR' 'I' @684  6144 (1800)
 - public static final 'GL_DEPTH' 'I' @688  6145 (1801)
 - public static final 'GL_STENCIL' 'I' @692  6146 (1802)
 - public static final 'GL_STENCIL_INDEX' 'I' @696  6401 (1901)
 - public static final 'GL_DEPTH_COMPONENT' 'I' @700  6402 (1902)
 - public static final 'GL_RED' 'I' @704  6403 (1903)
 - public static final 'GL_GREEN' 'I' @708  6404 (1904)
 - public static final 'GL_BLUE' 'I' @712  6405 (1905)
 - public static final 'GL_ALPHA' 'I' @716  6406 (1906)
 - public static final 'GL_RGB' 'I' @720  6407 (1907)
 - public static final 'GL_RGBA' 'I' @724  6408 (1908)
 - public static final 'GL_POINT' 'I' @728  6912 (1b00)
 - public static final 'GL_LINE' 'I' @732  6913 (1b01)
 - public static final 'GL_FILL' 'I' @736  6914 (1b02)
 - public static final 'GL_KEEP' 'I' @740  7680 (1e00)
 - public static final 'GL_REPLACE' 'I' @744  7681 (1e01)
 - public static final 'GL_INCR' 'I' @748  7682 (1e02)
 - public static final 'GL_DECR' 'I' @752  7683 (1e03)
 - public static final 'GL_VENDOR' 'I' @756  7936 (1f00)
 - public static final 'GL_RENDERER' 'I' @760  7937 (1f01)
 - public static final 'GL_VERSION' 'I' @764  7938 (1f02)
 - public static final 'GL_EXTENSIONS' 'I' @768  7939 (1f03)
 - public static final 'GL_NEAREST' 'I' @772  9728 (2600)
 - public static final 'GL_LINEAR' 'I' @776  9729 (2601)
 - public static final 'GL_NEAREST_MIPMAP_NEAREST' 'I' @780  9984 (2700)
 - public static final 'GL_LINEAR_MIPMAP_NEAREST' 'I' @784  9985 (2701)
 - public static final 'GL_NEAREST_MIPMAP_LINEAR' 'I' @788  9986 (2702)
 - public static final 'GL_LINEAR_MIPMAP_LINEAR' 'I' @792  9987 (2703)
 - public static final 'GL_TEXTURE_MAG_FILTER' 'I' @796  10240 (2800)
 - public static final 'GL_TEXTURE_MIN_FILTER' 'I' @800  10241 (2801)
 - public static final 'GL_TEXTURE_WRAP_S' 'I' @804  10242 (2802)
 - public static final 'GL_TEXTURE_WRAP_T' 'I' @808  10243 (2803)
 - public static final 'GL_REPEAT' 'I' @812  10497 (2901)
 - public static final 'GL_POLYGON_OFFSET_FACTOR' 'I' @816  32824 (8038)
 - public static final 'GL_POLYGON_OFFSET_UNITS' 'I' @820  10752 (2a00)
 - public static final 'GL_POLYGON_OFFSET_POINT' 'I' @824  10753 (2a01)
 - public static final 'GL_POLYGON_OFFSET_LINE' 'I' @828  10754 (2a02)
 - public static final 'GL_POLYGON_OFFSET_FILL' 'I' @832  32823 (8037)
 - public static final 'GL_R3_G3_B2' 'I' @836  10768 (2a10)
 - public static final 'GL_RGB4' 'I' @840  32847 (804f)
 - public static final 'GL_RGB5' 'I' @844  32848 (8050)
 - public static final 'GL_RGB8' 'I' @848  32849 (8051)
 - public static final 'GL_RGB10' 'I' @852  32850 (8052)
 - public static final 'GL_RGB12' 'I' @856  32851 (8053)
 - public static final 'GL_RGB16' 'I' @860  32852 (8054)
 - public static final 'GL_RGBA2' 'I' @864  32853 (8055)
 - public static final 'GL_RGBA4' 'I' @868  32854 (8056)
 - public static final 'GL_RGB5_A1' 'I' @872  32855 (8057)
 - public static final 'GL_RGBA8' 'I' @876  32856 (8058)
 - public static final 'GL_RGB10_A2' 'I' @880  32857 (8059)
 - public static final 'GL_RGBA12' 'I' @884  32858 (805a)
 - public static final 'GL_RGBA16' 'I' @888  32859 (805b)
 - public static final 'GL_TEXTURE_RED_SIZE' 'I' @892  32860 (805c)
 - public static final 'GL_TEXTURE_GREEN_SIZE' 'I' @896  32861 (805d)
 - public static final 'GL_TEXTURE_BLUE_SIZE' 'I' @900  32862 (805e)
 - public static final 'GL_TEXTURE_ALPHA_SIZE' 'I' @904  32863 (805f)
 - public static final 'GL_PROXY_TEXTURE_1D' 'I' @908  32867 (8063)
 - public static final 'GL_PROXY_TEXTURE_2D' 'I' @912  32868 (8064)
 - public static final 'GL_TEXTURE_BINDING_1D' 'I' @916  32872 (8068)
 - public static final 'GL_TEXTURE_BINDING_2D' 'I' @920  32873 (8069)
 - public static final 'GL_VERTEX_ARRAY' 'I' @924  32884 (8074)
R12=0x0 is NULL
R13=0x0000017bcbac8fe0 is pointing into metadata
R14=0x00000042632ff110 is pointing into the stack for thread: 0x0000017bb22ee840
R15=0x0000017bb22ee840 is a thread


Registers:
RAX=0x0000017bcc07f4b0, RBX=0x0000017bcbad8390, RCX=0x0000000000000000, RDX=0x0000000000000000
RSP=0x00000042632ff048, RBP=0x00000042632ff0d8, RSI=0x0000000000000000, RDI=0x0000017bb59a94ec
R8 =0x0000000000000500, R9 =0x00000000000002d0, R10=0x0000000000000000, R11=0x000000008fb6f730
R12=0x0000000000000000, R13=0x0000017bcbac8fe0, R14=0x00000042632ff110, R15=0x0000017bb22ee840
RIP=0x00007ff9ea6ecdec, EFLAGS=0x0000000000010202

Top of Stack: (sp=0x00000042632ff048)
0x00000042632ff048:   0000017bb59ad601 0000017bb59a94ec
0x00000042632ff058:   0000017bb59ad31c 0000017bcbad8390
0x00000042632ff068:   0000000000000000 3ff0000000000500
0x00000042632ff078:   0000017b000002d0 0000000000000000
0x00000042632ff088:   0000017bb59ad2d6 00000042632ff090
0x00000042632ff098:   0000017bcbac8fe0 00000042632ff110
0x00000042632ff0a8:   0000017bcbadb5b0 0000000000000000
0x00000042632ff0b8:   000000008fb6f730 0000017bcbad8390
0x00000042632ff0c8:   0000000000000000 00000042632ff0f8
0x00000042632ff0d8:   00000042632ff160 0000017bb59a94ec
0x00000042632ff0e8:   000000008fb6f730 0000017bb59aaf58
0x00000042632ff0f8:   00000000000002d0 0000000000000500
0x00000042632ff108:   0000000000000000 0000000000000000
0x00000042632ff118:   00000042632ff118 0000017bcbab0f44
0x00000042632ff128:   00000042632ff188 0000017bcbabbcc0
0x00000042632ff138:   0000000000000000 000000008fcebe38 

Instructions: (pc=0x00007ff9ea6ecdec)
0x00007ff9ea6eccec:   cc cc cc cc 48 8b 01 45 8b d8 4c 8b 44 24 28 41
0x00007ff9ea6eccfc:   8b d1 41 8b cb 4c 8b 50 18 49 ff a2 88 09 00 00
0x00007ff9ea6ecd0c:   cc cc cc cc 40 53 48 83 ec 40 48 8b 01 41 8b d8
0x00007ff9ea6ecd1c:   44 8b 44 24 70 41 8b d1 44 8b 4c 24 78 8b cb 4c
0x00007ff9ea6ecd2c:   8b 50 18 48 8b 84 24 90 00 00 00 48 89 44 24 30
0x00007ff9ea6ecd3c:   8b 84 24 88 00 00 00 89 44 24 28 8b 84 24 80 00
0x00007ff9ea6ecd4c:   00 00 89 44 24 20 41 ff 92 90 09 00 00 48 83 c4
0x00007ff9ea6ecd5c:   40 5b c3 cc 40 53 48 83 ec 50 48 8b 01 41 8b d8
0x00007ff9ea6ecd6c:   44 8b 84 24 80 00 00 00 41 8b d1 44 8b 8c 24 88
0x00007ff9ea6ecd7c:   00 00 00 8b cb 4c 8b 50 18 48 8b 84 24 b0 00 00
0x00007ff9ea6ecd8c:   00 48 89 44 24 40 8b 84 24 a8 00 00 00 89 44 24
0x00007ff9ea6ecd9c:   38 8b 84 24 a0 00 00 00 89 44 24 30 8b 84 24 98
0x00007ff9ea6ecdac:   00 00 00 89 44 24 28 8b 84 24 90 00 00 00 89 44
0x00007ff9ea6ecdbc:   24 20 41 ff 92 98 09 00 00 48 83 c4 50 5b c3 cc
0x00007ff9ea6ecdcc:   cc cc cc cc 40 53 48 8b 01 41 8b d8 44 8b 44 24
0x00007ff9ea6ecddc:   30 41 8b d1 44 8b 4c 24 38 8b cb 4c 8b 50 18 5b
0x00007ff9ea6ecdec:   49 ff a2 78 0a 00 00 cc cc cc cc cc cc cc cc cc
0x00007ff9ea6ecdfc:   cc cc cc cc 40 53 48 83 ec 50 48 8b 01 41 8b d8
0x00007ff9ea6ece0c:   44 8b 84 24 80 00 00 00 41 8b d1 44 8b 8c 24 88
0x00007ff9ea6ece1c:   00 00 00 8b cb 4c 8b 50 18 48 8b 84 24 b8 00 00
0x00007ff9ea6ece2c:   00 48 89 44 24 48 8b 84 24 b0 00 00 00 89 44 24
0x00007ff9ea6ece3c:   40 8b 84 24 a8 00 00 00 89 44 24 38 8b 84 24 a0
0x00007ff9ea6ece4c:   00 00 00 89 44 24 30 8b 84 24 98 00 00 00 89 44
0x00007ff9ea6ece5c:   24 28 8b 84 24 90 00 00 00 89 44 24 20 41 ff 92
0x00007ff9ea6ece6c:   80 0a 00 00 48 83 c4 50 5b c3 cc cc cc cc cc cc
0x00007ff9ea6ece7c:   cc cc cc cc 40 53 48 83 ec 60 48 8b 01 41 8b d8
0x00007ff9ea6ece8c:   44 8b 84 24 90 00 00 00 41 8b d1 44 8b 8c 24 98
0x00007ff9ea6ece9c:   00 00 00 8b cb 4c 8b 50 18 48 8b 84 24 d0 00 00
0x00007ff9ea6eceac:   00 48 89 44 24 50 8b 84 24 c8 00 00 00 89 44 24
0x00007ff9ea6ecebc:   48 8b 84 24 c0 00 00 00 89 44 24 40 8b 84 24 b8
0x00007ff9ea6ececc:   00 00 00 89 44 24 38 8b 84 24 b0 00 00 00 89 44
0x00007ff9ea6ecedc:   24 30 8b 84 24 a8 00 00 00 89 44 24 28 8b 84 24 


Stack slot to memory mapping:
stack at sp + 0 slots: 0x0000017bb59ad601 is at code_begin+993 in an Interpreter codelet
method entry point (kind = native)  [0x0000017bb59ad220, 0x0000017bb59adba0]  2432 bytes
stack at sp + 1 slots: 0x0000017bb59a94ec is at code_begin+1100 in an Interpreter codelet
return entry points  [0x0000017bb59a90a0, 0x0000017bb59a9b80]  2784 bytes
stack at sp + 2 slots: 0x0000017bb59ad31c is at code_begin+252 in an Interpreter codelet
method entry point (kind = native)  [0x0000017bb59ad220, 0x0000017bb59adba0]  2432 bytes
stack at sp + 3 slots: {method} {0x0000017bcbad8398} 'glViewport' '(IIII)V' in 'org/lwjgl/opengl/GL11C'
stack at sp + 4 slots: 0x0 is NULL
stack at sp + 5 slots: 0x3ff0000000000500 is an unknown value
stack at sp + 6 slots: 0x0000017b000002d0 is an unknown value
stack at sp + 7 slots: 0x0 is NULL


---------------  P R O C E S S  ---------------

Threads class SMR info:
_java_thread_list=0x0000017bcbd07750, length=12, elements={
0x0000017bb22ee840, 0x0000017bcb064f00, 0x0000017bcb066070, 0x0000017bcb0d40d0,
0x0000017bcb0d59a0, 0x0000017bcb0c8c00, 0x0000017bcb0c94c0, 0x0000017bcb0ca160,
0x0000017bcbc40000, 0x0000017bcbc42520, 0x0000017bcbd3f7c0, 0x0000017bcbd45f40
}

Java Threads: ( => current thread )
=>0x0000017bb22ee840 JavaThread "main" [_thread_in_native, id=12800, stack(0x0000004263200000,0x0000004263300000)]
  0x0000017bcb064f00 JavaThread "Reference Handler" daemon [_thread_blocked, id=9280, stack(0x0000004263900000,0x0000004263a00000)]
  0x0000017bcb066070 JavaThread "Finalizer" daemon [_thread_blocked, id=8804, stack(0x0000004263a00000,0x0000004263b00000)]
  0x0000017bcb0d40d0 JavaThread "Signal Dispatcher" daemon [_thread_blocked, id=10380, stack(0x0000004263b00000,0x0000004263c00000)]
  0x0000017bcb0d59a0 JavaThread "Attach Listener" daemon [_thread_blocked, id=9456, stack(0x0000004263c00000,0x0000004263d00000)]
  0x0000017bcb0c8c00 JavaThread "Service Thread" daemon [_thread_blocked, id=15636, stack(0x0000004263d00000,0x0000004263e00000)]
  0x0000017bcb0c94c0 JavaThread "Monitor Deflation Thread" daemon [_thread_blocked, id=14776, stack(0x0000004263e00000,0x0000004263f00000)]
  0x0000017bcb0ca160 JavaThread "C2 CompilerThread0" daemon [_thread_blocked, id=14424, stack(0x0000004263f00000,0x0000004264000000)]
  0x0000017bcbc40000 JavaThread "C1 CompilerThread0" daemon [_thread_blocked, id=12492, stack(0x0000004264000000,0x0000004264100000)]
  0x0000017bcbc42520 JavaThread "Sweeper thread" daemon [_thread_blocked, id=11012, stack(0x0000004264100000,0x0000004264200000)]
  0x0000017bcbd3f7c0 JavaThread "Notification Thread" daemon [_thread_blocked, id=10984, stack(0x0000004264200000,0x0000004264300000)]
  0x0000017bcbd45f40 JavaThread "Common-Cleaner" daemon [_thread_blocked, id=15536, stack(0x0000004264400000,0x0000004264500000)]

Other Threads:
  0x0000017bb23cdcb0 VMThread "VM Thread" [stack: 0x0000004263800000,0x0000004263900000] [id=6052]
  0x0000017bcbd45cb0 WatcherThread [stack: 0x0000004264300000,0x0000004264400000] [id=17384]
  0x0000017bb232bef0 GCTaskThread "GC Thread#0" [stack: 0x0000004263300000,0x0000004263400000] [id=16168]
  0x0000017bb233bc30 ConcurrentGCThread "G1 Main Marker" [stack: 0x0000004263400000,0x0000004263500000] [id=6544]
  0x0000017bb233d950 ConcurrentGCThread "G1 Conc#0" [stack: 0x0000004263500000,0x0000004263600000] [id=9256]
  0x0000017bb239efa0 ConcurrentGCThread "G1 Refine#0" [stack: 0x0000004263600000,0x0000004263700000] [id=15600]
  0x0000017bb239f8c0 ConcurrentGCThread "G1 Service" [stack: 0x0000004263700000,0x0000004263800000] [id=7332]

Threads with active compile tasks:

VM state: not at safepoint (normal execution)

VM Mutex/Monitor currently owned by a thread: None

Heap address: 0x0000000088800000, size: 1912 MB, Compressed Oops mode: 32-bit

CDS archive(s) not mapped
Compressed class space mapped at: 0x0000000100000000-0x0000000140000000, reserved size: 1073741824
Narrow klass base: 0x0000000000000000, Narrow klass shift: 3, Narrow klass range: 0x140000000

GC Precious Log:
 CPUs: 2 total, 2 available
 Memory: 7645M
 Large Page Support: Disabled
 NUMA Support: Disabled
 Compressed Oops: Enabled (32-bit)
 Heap Region Size: 1M
 Heap Min Capacity: 8M
 Heap Initial Capacity: 120M
 Heap Max Capacity: 1912M
 Pre-touch: Disabled
 Parallel Workers: 2
 Concurrent Workers: 1
 Concurrent Refinement Workers: 2
 Periodic GC: Disabled

Heap:
 garbage-first heap   total 122880K, used 3072K [0x0000000088800000, 0x0000000100000000)
  region size 1024K, 5 young (5120K), 0 survivors (0K)
 Metaspace       used 8253K, committed 8384K, reserved 1056768K
  class space    used 651K, committed 704K, reserved 1048576K

Heap Regions: E=young(eden), S=young(survivor), O=old, HS=humongous(starts), HC=humongous(continues), CS=collection set, F=free, OA=open archive, CA=closed archive, TAMS=top-at-mark-start (previous, next)
|   0|0x0000000088800000, 0x0000000088800000, 0x0000000088900000|  0%| F|  |TAMS 0x0000000088800000, 0x0000000088800000| Untracked 
|   1|0x0000000088900000, 0x0000000088900000, 0x0000000088a00000|  0%| F|  |TAMS 0x0000000088900000, 0x0000000088900000| Untracked 
|   2|0x0000000088a00000, 0x0000000088a00000, 0x0000000088b00000|  0%| F|  |TAMS 0x0000000088a00000, 0x0000000088a00000| Untracked 
|   3|0x0000000088b00000, 0x0000000088b00000, 0x0000000088c00000|  0%| F|  |TAMS 0x0000000088b00000, 0x0000000088b00000| Untracked 
|   4|0x0000000088c00000, 0x0000000088c00000, 0x0000000088d00000|  0%| F|  |TAMS 0x0000000088c00000, 0x0000000088c00000| Untracked 
|   5|0x0000000088d00000, 0x0000000088d00000, 0x0000000088e00000|  0%| F|  |TAMS 0x0000000088d00000, 0x0000000088d00000| Untracked 
|   6|0x0000000088e00000, 0x0000000088e00000, 0x0000000088f00000|  0%| F|  |TAMS 0x0000000088e00000, 0x0000000088e00000| Untracked 
|   7|0x0000000088f00000, 0x0000000088f00000, 0x0000000089000000|  0%| F|  |TAMS 0x0000000088f00000, 0x0000000088f00000| Untracked 
|   8|0x0000000089000000, 0x0000000089000000, 0x0000000089100000|  0%| F|  |TAMS 0x0000000089000000, 0x0000000089000000| Untracked 
|   9|0x0000000089100000, 0x0000000089100000, 0x0000000089200000|  0%| F|  |TAMS 0x0000000089100000, 0x0000000089100000| Untracked 
|  10|0x0000000089200000, 0x0000000089200000, 0x0000000089300000|  0%| F|  |TAMS 0x0000000089200000, 0x0000000089200000| Untracked 
|  11|0x0000000089300000, 0x0000000089300000, 0x0000000089400000|  0%| F|  |TAMS 0x0000000089300000, 0x0000000089300000| Untracked 
|  12|0x0000000089400000, 0x0000000089400000, 0x0000000089500000|  0%| F|  |TAMS 0x0000000089400000, 0x0000000089400000| Untracked 
|  13|0x0000000089500000, 0x0000000089500000, 0x0000000089600000|  0%| F|  |TAMS 0x0000000089500000, 0x0000000089500000| Untracked 
|  14|0x0000000089600000, 0x0000000089600000, 0x0000000089700000|  0%| F|  |TAMS 0x0000000089600000, 0x0000000089600000| Untracked 
|  15|0x0000000089700000, 0x0000000089700000, 0x0000000089800000|  0%| F|  |TAMS 0x0000000089700000, 0x0000000089700000| Untracked 
|  16|0x0000000089800000, 0x0000000089800000, 0x0000000089900000|  0%| F|  |TAMS 0x0000000089800000, 0x0000000089800000| Untracked 
|  17|0x0000000089900000, 0x0000000089900000, 0x0000000089a00000|  0%| F|  |TAMS 0x0000000089900000, 0x0000000089900000| Untracked 
|  18|0x0000000089a00000, 0x0000000089a00000, 0x0000000089b00000|  0%| F|  |TAMS 0x0000000089a00000, 0x0000000089a00000| Untracked 
|  19|0x0000000089b00000, 0x0000000089b00000, 0x0000000089c00000|  0%| F|  |TAMS 0x0000000089b00000, 0x0000000089b00000| Untracked 
|  20|0x0000000089c00000, 0x0000000089c00000, 0x0000000089d00000|  0%| F|  |TAMS 0x0000000089c00000, 0x0000000089c00000| Untracked 
|  21|0x0000000089d00000, 0x0000000089d00000, 0x0000000089e00000|  0%| F|  |TAMS 0x0000000089d00000, 0x0000000089d00000| Untracked 
|  22|0x0000000089e00000, 0x0000000089e00000, 0x0000000089f00000|  0%| F|  |TAMS 0x0000000089e00000, 0x0000000089e00000| Untracked 
|  23|0x0000000089f00000, 0x0000000089f00000, 0x000000008a000000|  0%| F|  |TAMS 0x0000000089f00000, 0x0000000089f00000| Untracked 
|  24|0x000000008a000000, 0x000000008a000000, 0x000000008a100000|  0%| F|  |TAMS 0x000000008a000000, 0x000000008a000000| Untracked 
|  25|0x000000008a100000, 0x000000008a100000, 0x000000008a200000|  0%| F|  |TAMS 0x000000008a100000, 0x000000008a100000| Untracked 
|  26|0x000000008a200000, 0x000000008a200000, 0x000000008a300000|  0%| F|  |TAMS 0x000000008a200000, 0x000000008a200000| Untracked 
|  27|0x000000008a300000, 0x000000008a300000, 0x000000008a400000|  0%| F|  |TAMS 0x000000008a300000, 0x000000008a300000| Untracked 
|  28|0x000000008a400000, 0x000000008a400000, 0x000000008a500000|  0%| F|  |TAMS 0x000000008a400000, 0x000000008a400000| Untracked 
|  29|0x000000008a500000, 0x000000008a500000, 0x000000008a600000|  0%| F|  |TAMS 0x000000008a500000, 0x000000008a500000| Untracked 
|  30|0x000000008a600000, 0x000000008a600000, 0x000000008a700000|  0%| F|  |TAMS 0x000000008a600000, 0x000000008a600000| Untracked 
|  31|0x000000008a700000, 0x000000008a700000, 0x000000008a800000|  0%| F|  |TAMS 0x000000008a700000, 0x000000008a700000| Untracked 
|  32|0x000000008a800000, 0x000000008a800000, 0x000000008a900000|  0%| F|  |TAMS 0x000000008a800000, 0x000000008a800000| Untracked 
|  33|0x000000008a900000, 0x000000008a900000, 0x000000008aa00000|  0%| F|  |TAMS 0x000000008a900000, 0x000000008a900000| Untracked 
|  34|0x000000008aa00000, 0x000000008aa00000, 0x000000008ab00000|  0%| F|  |TAMS 0x000000008aa00000, 0x000000008aa00000| Untracked 
|  35|0x000000008ab00000, 0x000000008ab00000, 0x000000008ac00000|  0%| F|  |TAMS 0x000000008ab00000, 0x000000008ab00000| Untracked 
|  36|0x000000008ac00000, 0x000000008ac00000, 0x000000008ad00000|  0%| F|  |TAMS 0x000000008ac00000, 0x000000008ac00000| Untracked 
|  37|0x000000008ad00000, 0x000000008ad00000, 0x000000008ae00000|  0%| F|  |TAMS 0x000000008ad00000, 0x000000008ad00000| Untracked 
|  38|0x000000008ae00000, 0x000000008ae00000, 0x000000008af00000|  0%| F|  |TAMS 0x000000008ae00000, 0x000000008ae00000| Untracked 
|  39|0x000000008af00000, 0x000000008af00000, 0x000000008b000000|  0%| F|  |TAMS 0x000000008af00000, 0x000000008af00000| Untracked 
|  40|0x000000008b000000, 0x000000008b000000, 0x000000008b100000|  0%| F|  |TAMS 0x000000008b000000, 0x000000008b000000| Untracked 
|  41|0x000000008b100000, 0x000000008b100000, 0x000000008b200000|  0%| F|  |TAMS 0x000000008b100000, 0x000000008b100000| Untracked 
|  42|0x000000008b200000, 0x000000008b200000, 0x000000008b300000|  0%| F|  |TAMS 0x000000008b200000, 0x000000008b200000| Untracked 
|  43|0x000000008b300000, 0x000000008b300000, 0x000000008b400000|  0%| F|  |TAMS 0x000000008b300000, 0x000000008b300000| Untracked 
|  44|0x000000008b400000, 0x000000008b400000, 0x000000008b500000|  0%| F|  |TAMS 0x000000008b400000, 0x000000008b400000| Untracked 
|  45|0x000000008b500000, 0x000000008b500000, 0x000000008b600000|  0%| F|  |TAMS 0x000000008b500000, 0x000000008b500000| Untracked 
|  46|0x000000008b600000, 0x000000008b600000, 0x000000008b700000|  0%| F|  |TAMS 0x000000008b600000, 0x000000008b600000| Untracked 
|  47|0x000000008b700000, 0x000000008b700000, 0x000000008b800000|  0%| F|  |TAMS 0x000000008b700000, 0x000000008b700000| Untracked 
|  48|0x000000008b800000, 0x000000008b800000, 0x000000008b900000|  0%| F|  |TAMS 0x000000008b800000, 0x000000008b800000| Untracked 
|  49|0x000000008b900000, 0x000000008b900000, 0x000000008ba00000|  0%| F|  |TAMS 0x000000008b900000, 0x000000008b900000| Untracked 
|  50|0x000000008ba00000, 0x000000008ba00000, 0x000000008bb00000|  0%| F|  |TAMS 0x000000008ba00000, 0x000000008ba00000| Untracked 
|  51|0x000000008bb00000, 0x000000008bb00000, 0x000000008bc00000|  0%| F|  |TAMS 0x000000008bb00000, 0x000000008bb00000| Untracked 
|  52|0x000000008bc00000, 0x000000008bc00000, 0x000000008bd00000|  0%| F|  |TAMS 0x000000008bc00000, 0x000000008bc00000| Untracked 
|  53|0x000000008bd00000, 0x000000008bd00000, 0x000000008be00000|  0%| F|  |TAMS 0x000000008bd00000, 0x000000008bd00000| Untracked 
|  54|0x000000008be00000, 0x000000008be00000, 0x000000008bf00000|  0%| F|  |TAMS 0x000000008be00000, 0x000000008be00000| Untracked 
|  55|0x000000008bf00000, 0x000000008bf00000, 0x000000008c000000|  0%| F|  |TAMS 0x000000008bf00000, 0x000000008bf00000| Untracked 
|  56|0x000000008c000000, 0x000000008c000000, 0x000000008c100000|  0%| F|  |TAMS 0x000000008c000000, 0x000000008c000000| Untracked 
|  57|0x000000008c100000, 0x000000008c100000, 0x000000008c200000|  0%| F|  |TAMS 0x000000008c100000, 0x000000008c100000| Untracked 
|  58|0x000000008c200000, 0x000000008c200000, 0x000000008c300000|  0%| F|  |TAMS 0x000000008c200000, 0x000000008c200000| Untracked 
|  59|0x000000008c300000, 0x000000008c300000, 0x000000008c400000|  0%| F|  |TAMS 0x000000008c300000, 0x000000008c300000| Untracked 
|  60|0x000000008c400000, 0x000000008c400000, 0x000000008c500000|  0%| F|  |TAMS 0x000000008c400000, 0x000000008c400000| Untracked 
|  61|0x000000008c500000, 0x000000008c500000, 0x000000008c600000|  0%| F|  |TAMS 0x000000008c500000, 0x000000008c500000| Untracked 
|  62|0x000000008c600000, 0x000000008c600000, 0x000000008c700000|  0%| F|  |TAMS 0x000000008c600000, 0x000000008c600000| Untracked 
|  63|0x000000008c700000, 0x000000008c700000, 0x000000008c800000|  0%| F|  |TAMS 0x000000008c700000, 0x000000008c700000| Untracked 
|  64|0x000000008c800000, 0x000000008c800000, 0x000000008c900000|  0%| F|  |TAMS 0x000000008c800000, 0x000000008c800000| Untracked 
|  65|0x000000008c900000, 0x000000008c900000, 0x000000008ca00000|  0%| F|  |TAMS 0x000000008c900000, 0x000000008c900000| Untracked 
|  66|0x000000008ca00000, 0x000000008ca00000, 0x000000008cb00000|  0%| F|  |TAMS 0x000000008ca00000, 0x000000008ca00000| Untracked 
|  67|0x000000008cb00000, 0x000000008cb00000, 0x000000008cc00000|  0%| F|  |TAMS 0x000000008cb00000, 0x000000008cb00000| Untracked 
|  68|0x000000008cc00000, 0x000000008cc00000, 0x000000008cd00000|  0%| F|  |TAMS 0x000000008cc00000, 0x000000008cc00000| Untracked 
|  69|0x000000008cd00000, 0x000000008cd00000, 0x000000008ce00000|  0%| F|  |TAMS 0x000000008cd00000, 0x000000008cd00000| Untracked 
|  70|0x000000008ce00000, 0x000000008ce00000, 0x000000008cf00000|  0%| F|  |TAMS 0x000000008ce00000, 0x000000008ce00000| Untracked 
|  71|0x000000008cf00000, 0x000000008cf00000, 0x000000008d000000|  0%| F|  |TAMS 0x000000008cf00000, 0x000000008cf00000| Untracked 
|  72|0x000000008d000000, 0x000000008d000000, 0x000000008d100000|  0%| F|  |TAMS 0x000000008d000000, 0x000000008d000000| Untracked 
|  73|0x000000008d100000, 0x000000008d100000, 0x000000008d200000|  0%| F|  |TAMS 0x000000008d100000, 0x000000008d100000| Untracked 
|  74|0x000000008d200000, 0x000000008d200000, 0x000000008d300000|  0%| F|  |TAMS 0x000000008d200000, 0x000000008d200000| Untracked 
|  75|0x000000008d300000, 0x000000008d300000, 0x000000008d400000|  0%| F|  |TAMS 0x000000008d300000, 0x000000008d300000| Untracked 
|  76|0x000000008d400000, 0x000000008d400000, 0x000000008d500000|  0%| F|  |TAMS 0x000000008d400000, 0x000000008d400000| Untracked 
|  77|0x000000008d500000, 0x000000008d500000, 0x000000008d600000|  0%| F|  |TAMS 0x000000008d500000, 0x000000008d500000| Untracked 
|  78|0x000000008d600000, 0x000000008d600000, 0x000000008d700000|  0%| F|  |TAMS 0x000000008d600000, 0x000000008d600000| Untracked 
|  79|0x000000008d700000, 0x000000008d700000, 0x000000008d800000|  0%| F|  |TAMS 0x000000008d700000, 0x000000008d700000| Untracked 
|  80|0x000000008d800000, 0x000000008d800000, 0x000000008d900000|  0%| F|  |TAMS 0x000000008d800000, 0x000000008d800000| Untracked 
|  81|0x000000008d900000, 0x000000008d900000, 0x000000008da00000|  0%| F|  |TAMS 0x000000008d900000, 0x000000008d900000| Untracked 
|  82|0x000000008da00000, 0x000000008da00000, 0x000000008db00000|  0%| F|  |TAMS 0x000000008da00000, 0x000000008da00000| Untracked 
|  83|0x000000008db00000, 0x000000008db00000, 0x000000008dc00000|  0%| F|  |TAMS 0x000000008db00000, 0x000000008db00000| Untracked 
|  84|0x000000008dc00000, 0x000000008dc00000, 0x000000008dd00000|  0%| F|  |TAMS 0x000000008dc00000, 0x000000008dc00000| Untracked 
|  85|0x000000008dd00000, 0x000000008dd00000, 0x000000008de00000|  0%| F|  |TAMS 0x000000008dd00000, 0x000000008dd00000| Untracked 
|  86|0x000000008de00000, 0x000000008de00000, 0x000000008df00000|  0%| F|  |TAMS 0x000000008de00000, 0x000000008de00000| Untracked 
|  87|0x000000008df00000, 0x000000008df00000, 0x000000008e000000|  0%| F|  |TAMS 0x000000008df00000, 0x000000008df00000| Untracked 
|  88|0x000000008e000000, 0x000000008e000000, 0x000000008e100000|  0%| F|  |TAMS 0x000000008e000000, 0x000000008e000000| Untracked 
|  89|0x000000008e100000, 0x000000008e100000, 0x000000008e200000|  0%| F|  |TAMS 0x000000008e100000, 0x000000008e100000| Untracked 
|  90|0x000000008e200000, 0x000000008e200000, 0x000000008e300000|  0%| F|  |TAMS 0x000000008e200000, 0x000000008e200000| Untracked 
|  91|0x000000008e300000, 0x000000008e300000, 0x000000008e400000|  0%| F|  |TAMS 0x000000008e300000, 0x000000008e300000| Untracked 
|  92|0x000000008e400000, 0x000000008e400000, 0x000000008e500000|  0%| F|  |TAMS 0x000000008e400000, 0x000000008e400000| Untracked 
|  93|0x000000008e500000, 0x000000008e500000, 0x000000008e600000|  0%| F|  |TAMS 0x000000008e500000, 0x000000008e500000| Untracked 
|  94|0x000000008e600000, 0x000000008e600000, 0x000000008e700000|  0%| F|  |TAMS 0x000000008e600000, 0x000000008e600000| Untracked 
|  95|0x000000008e700000, 0x000000008e700000, 0x000000008e800000|  0%| F|  |TAMS 0x000000008e700000, 0x000000008e700000| Untracked 
|  96|0x000000008e800000, 0x000000008e800000, 0x000000008e900000|  0%| F|  |TAMS 0x000000008e800000, 0x000000008e800000| Untracked 
|  97|0x000000008e900000, 0x000000008e900000, 0x000000008ea00000|  0%| F|  |TAMS 0x000000008e900000, 0x000000008e900000| Untracked 
|  98|0x000000008ea00000, 0x000000008ea00000, 0x000000008eb00000|  0%| F|  |TAMS 0x000000008ea00000, 0x000000008ea00000| Untracked 
|  99|0x000000008eb00000, 0x000000008eb00000, 0x000000008ec00000|  0%| F|  |TAMS 0x000000008eb00000, 0x000000008eb00000| Untracked 
| 100|0x000000008ec00000, 0x000000008ec00000, 0x000000008ed00000|  0%| F|  |TAMS 0x000000008ec00000, 0x000000008ec00000| Untracked 
| 101|0x000000008ed00000, 0x000000008ed00000, 0x000000008ee00000|  0%| F|  |TAMS 0x000000008ed00000, 0x000000008ed00000| Untracked 
| 102|0x000000008ee00000, 0x000000008ee00000, 0x000000008ef00000|  0%| F|  |TAMS 0x000000008ee00000, 0x000000008ee00000| Untracked 
| 103|0x000000008ef00000, 0x000000008ef00000, 0x000000008f000000|  0%| F|  |TAMS 0x000000008ef00000, 0x000000008ef00000| Untracked 
| 104|0x000000008f000000, 0x000000008f000000, 0x000000008f100000|  0%| F|  |TAMS 0x000000008f000000, 0x000000008f000000| Untracked 
| 105|0x000000008f100000, 0x000000008f100000, 0x000000008f200000|  0%| F|  |TAMS 0x000000008f100000, 0x000000008f100000| Untracked 
| 106|0x000000008f200000, 0x000000008f200000, 0x000000008f300000|  0%| F|  |TAMS 0x000000008f200000, 0x000000008f200000| Untracked 
| 107|0x000000008f300000, 0x000000008f300000, 0x000000008f400000|  0%| F|  |TAMS 0x000000008f300000, 0x000000008f300000| Untracked 
| 108|0x000000008f400000, 0x000000008f400000, 0x000000008f500000|  0%| F|  |TAMS 0x000000008f400000, 0x000000008f400000| Untracked 
| 109|0x000000008f500000, 0x000000008f500000, 0x000000008f600000|  0%| F|  |TAMS 0x000000008f500000, 0x000000008f500000| Untracked 
| 110|0x000000008f600000, 0x000000008f600000, 0x000000008f700000|  0%| F|  |TAMS 0x000000008f600000, 0x000000008f600000| Untracked 
| 111|0x000000008f700000, 0x000000008f700000, 0x000000008f800000|  0%| F|  |TAMS 0x000000008f700000, 0x000000008f700000| Untracked 
| 112|0x000000008f800000, 0x000000008f800000, 0x000000008f900000|  0%| F|  |TAMS 0x000000008f800000, 0x000000008f800000| Untracked 
| 113|0x000000008f900000, 0x000000008f900000, 0x000000008fa00000|  0%| F|  |TAMS 0x000000008f900000, 0x000000008f900000| Untracked 
| 114|0x000000008fa00000, 0x000000008fa00000, 0x000000008fb00000|  0%| F|  |TAMS 0x000000008fa00000, 0x000000008fa00000| Untracked 
| 115|0x000000008fb00000, 0x000000008fb90400, 0x000000008fc00000| 56%| E|  |TAMS 0x000000008fb00000, 0x000000008fb00000| Complete 
| 116|0x000000008fc00000, 0x000000008fd00000, 0x000000008fd00000|100%| E|  |TAMS 0x000000008fc00000, 0x000000008fc00000| Complete 
| 117|0x000000008fd00000, 0x000000008fe00000, 0x000000008fe00000|100%| E|CS|TAMS 0x000000008fd00000, 0x000000008fd00000| Complete 
| 118|0x000000008fe00000, 0x000000008ff00000, 0x000000008ff00000|100%| E|CS|TAMS 0x000000008fe00000, 0x000000008fe00000| Complete 
| 119|0x000000008ff00000, 0x0000000090000000, 0x0000000090000000|100%| E|CS|TAMS 0x000000008ff00000, 0x000000008ff00000| Complete 

Card table byte_map: [0x0000017bc49a0000,0x0000017bc4d60000] _byte_map_base: 0x0000017bc455c000

Marking Bits (Prev, Next): (CMBitMap*) 0x0000017bb232c400, (CMBitMap*) 0x0000017bb232c440
 Prev Bits: [0x0000017bc5120000, 0x0000017bc6f00000)
 Next Bits: [0x0000017bc6f00000, 0x0000017bc8ce0000)

Polling page: 0x0000017bb01d0000

Metaspace:

Usage:
  Non-class:      7.42 MB used.
      Class:    651.18 KB used.
       Both:      8.06 MB used.

Virtual space:
  Non-class space:        8.00 MB reserved,       7.50 MB ( 94%) committed,  1 nodes.
      Class space:        1.00 GB reserved,     704.00 KB ( <1%) committed,  1 nodes.
             Both:        1.01 GB reserved,       8.19 MB ( <1%) committed. 

Chunk freelists:
   Non-Class:  128.00 KB
       Class:  3.19 MB
        Both:  3.31 MB

MaxMetaspaceSize: unlimited
CompressedClassSpaceSize: 1.00 GB
Initial GC threshold: 21.00 MB
Current GC threshold: 21.00 MB
CDS: off
MetaspaceReclaimPolicy: balanced
 - commit_granule_bytes: 65536.
 - commit_granule_words: 8192.
 - virtual_space_node_default_size: 1048576.
 - enlarge_chunks_in_place: 1.
 - new_chunks_are_fully_committed: 0.
 - uncommit_free_chunks: 1.
 - use_allocation_guard: 0.
 - handle_deallocations: 1.


Internal statistics:

num_allocs_failed_limit: 0.
num_arena_births: 62.
num_arena_deaths: 0.
num_vsnodes_births: 2.
num_vsnodes_deaths: 0.
num_space_committed: 131.
num_space_uncommitted: 0.
num_chunks_returned_to_freelist: 0.
num_chunks_taken_from_freelist: 136.
num_chunk_merges: 0.
num_chunk_splits: 80.
num_chunks_enlarged: 54.
num_purges: 0.
num_inconsistent_stats: 0.

CodeHeap 'non-profiled nmethods': size=120064Kb used=127Kb max_used=127Kb free=119936Kb
 bounds [0x0000017bbd460000, 0x0000017bbd6d0000, 0x0000017bc49a0000]
CodeHeap 'profiled nmethods': size=120000Kb used=606Kb max_used=606Kb free=119394Kb
 bounds [0x0000017bb5f30000, 0x0000017bb61a0000, 0x0000017bbd460000]
CodeHeap 'non-nmethods': size=5696Kb used=1517Kb max_used=1531Kb free=4178Kb
 bounds [0x0000017bb59a0000, 0x0000017bb5c10000, 0x0000017bb5f30000]
 total_blobs=1349 nmethods=423 adapters=840
 compilation: enabled
              stopped_count=0, restarted_count=0
 full_count=0

Compilation events (20 events):
Event: 3.074 Thread 0x0000017bcb0ca160  413   !   4       jdk.internal.misc.ScopedMemoryAccess::getByteInternal (36 bytes)
Event: 3.074 Thread 0x0000017bcb0ca160 nmethod 413 0x0000017bbd47f510 code [0x0000017bbd47f680, 0x0000017bbd47f738]
Event: 3.074 Thread 0x0000017bcbc40000  414       3       java.lang.AbstractStringBuilder::checkRange (63 bytes)
Event: 3.075 Thread 0x0000017bcbc40000 nmethod 414 0x0000017bb5fc3c10 code [0x0000017bb5fc3ea0, 0x0000017bb5fc47d8]
Event: 3.075 Thread 0x0000017bcbc40000  415       3       java.util.WeakHashMap::maskNull (12 bytes)
Event: 3.076 Thread 0x0000017bcbc40000 nmethod 415 0x0000017bb5fc4b90 code [0x0000017bb5fc4d20, 0x0000017bb5fc4e58]
Event: 3.076 Thread 0x0000017bcbc40000  416       3       java.util.WeakHashMap::hash (28 bytes)
Event: 3.076 Thread 0x0000017bcbc40000 nmethod 416 0x0000017bb5fc4f10 code [0x0000017bb5fc50c0, 0x0000017bb5fc52a8]
Event: 3.077 Thread 0x0000017bcbc40000  417       3       java.lang.String::<init> (74 bytes)
Event: 3.077 Thread 0x0000017bcbc40000 nmethod 417 0x0000017bb5fc5390 code [0x0000017bb5fc5560, 0x0000017bb5fc5978]
Event: 3.080 Thread 0x0000017bcbc40000  418       3       sun.net.www.ParseUtil::firstEncodeIndex (86 bytes)
Event: 3.081 Thread 0x0000017bcbc40000 nmethod 418 0x0000017bb5fc5a90 code [0x0000017bb5fc5ce0, 0x0000017bb5fc66a8]
Event: 3.081 Thread 0x0000017bcbc40000  419       3       java.util.zip.ZipUtils::CENLEN (9 bytes)
Event: 3.081 Thread 0x0000017bcbc40000 nmethod 419 0x0000017bb5fc6a10 code [0x0000017bb5fc6bc0, 0x0000017bb5fc6e98]
Event: 3.085 Thread 0x0000017bcbc40000  421       3       sun.misc.Unsafe::putLong (11 bytes)
Event: 3.085 Thread 0x0000017bcbc40000 nmethod 421 0x0000017bb5fc7010 code [0x0000017bb5fc71a0, 0x0000017bb5fc72b8]
Event: 3.085 Thread 0x0000017bcb0ca160  423       4       java.lang.Integer::toUnsignedLong (7 bytes)
Event: 3.085 Thread 0x0000017bcbc40000  422       3       org.lwjgl.system.MemoryUtil::memPutAddress (29 bytes)
Event: 3.086 Thread 0x0000017bcbc40000 nmethod 422 0x0000017bb5fc7390 code [0x0000017bb5fc7540, 0x0000017bb5fc7738]
Event: 3.086 Thread 0x0000017bcb0ca160 nmethod 423 0x0000017bbd47fc10 code [0x0000017bbd47fd80, 0x0000017bbd47fdd8]

GC Heap History (0 events):
No events

Deoptimization events (4 events):
Event: 1.216 Thread 0x0000017bb22ee840 DEOPT PACKING pc=0x0000017bb5f4f7e7 sp=0x00000042632fb230
Event: 1.216 Thread 0x0000017bb22ee840 DEOPT UNPACKING pc=0x0000017bb59f2b43 sp=0x00000042632fa650 mode 0
Event: 2.942 Thread 0x0000017bb22ee840 DEOPT PACKING pc=0x0000017bb5f4f7e7 sp=0x00000042632fd1e0
Event: 2.942 Thread 0x0000017bb22ee840 DEOPT UNPACKING pc=0x0000017bb59f2b43 sp=0x00000042632fc600 mode 0

Classes unloaded (0 events):
No events

Classes redefined (0 events):
No events

Internal exceptions (20 events):
Event: 1.016 Thread 0x0000017bb22ee840 Exception <a 'sun/nio/fs/WindowsException'{0x000000008fde9570}> (0x000000008fde9570) 
thrown [e:\jenkins\tmp\workspace\build\src\src\hotspot\share\prims\jni.cpp, line 516]
Event: 1.016 Thread 0x0000017bb22ee840 Exception <a 'sun/nio/fs/WindowsException'{0x000000008fde9ed0}> (0x000000008fde9ed0) 
thrown [e:\jenkins\tmp\workspace\build\src\src\hotspot\share\prims\jni.cpp, line 516]
Event: 1.018 Thread 0x0000017bb22ee840 Exception <a 'sun/nio/fs/WindowsException'{0x000000008fdf0c78}> (0x000000008fdf0c78) 
thrown [e:\jenkins\tmp\workspace\build\src\src\hotspot\share\prims\jni.cpp, line 516]
Event: 1.146 Thread 0x0000017bb22ee840 Exception <a 'sun/nio/fs/WindowsException'{0x000000008fdf39b8}> (0x000000008fdf39b8) 
thrown [e:\jenkins\tmp\workspace\build\src\src\hotspot\share\prims\jni.cpp, line 516]
Event: 1.146 Thread 0x0000017bb22ee840 Exception <a 'sun/nio/fs/WindowsException'{0x000000008fdf3d00}> (0x000000008fdf3d00) 
thrown [e:\jenkins\tmp\workspace\build\src\src\hotspot\share\prims\jni.cpp, line 516]
Event: 1.163 Thread 0x0000017bb22ee840 Exception <a 'java/lang/NoSuchMethodError'{0x000000008fc27160}: 'java.lang.Object java.lang.invoke.DirectMethodHandle$Holder.invokeStaticInit(java.lang.Object)'> (0x000000008fc27160) 
thrown [e:\jenkins\tmp\workspace\build\src\src\hotspot\share\interpreter\linkResolver.cpp, line 766]
Event: 1.180 Thread 0x0000017bb22ee840 Exception <a 'java/lang/NoSuchMethodError'{0x000000008fc40cf8}: 'int java.lang.invoke.DirectMethodHandle$Holder.invokeStaticInit(java.lang.Object, java.lang.Object, int, long)'> (0x000000008fc40cf8) 
thrown [e:\jenkins\tmp\workspace\build\src\src\hotspot\share\interpreter\linkResolver.cpp, line 766]
Event: 1.184 Thread 0x0000017bb22ee840 Exception <a 'java/lang/NoSuchMethodError'{0x000000008fc46848}: 'java.lang.Object java.lang.invoke.DirectMethodHandle$Holder.newInvokeSpecial(java.lang.Object, java.lang.Object, int)'> (0x000000008fc46848) 
thrown [e:\jenkins\tmp\workspace\build\src\src\hotspot\share\interpreter\linkResolver.cpp, line 766]
Event: 1.217 Thread 0x0000017bb22ee840 Exception <a 'java/lang/NoSuchMethodError'{0x000000008fc55838}: 'int java.lang.invoke.DirectMethodHandle$Holder.invokeStaticInit(java.lang.Object, java.lang.Object, long, long)'> (0x000000008fc55838) 
thrown [e:\jenkins\tmp\workspace\build\src\src\hotspot\share\interpreter\linkResolver.cpp, line 766]
Event: 1.220 Thread 0x0000017bb22ee840 Exception <a 'java/lang/NoSuchMethodError'{0x000000008fc5b948}: 'java.lang.Object java.lang.invoke.DirectMethodHandle$Holder.newInvokeSpecial(java.lang.Object, java.lang.Object, long)'> (0x000000008fc5b948) 
thrown [e:\jenkins\tmp\workspace\build\src\src\hotspot\share\interpreter\linkResolver.cpp, line 766]
Event: 1.225 Thread 0x0000017bb22ee840 Exception <a 'java/lang/NoSuchMethodError'{0x000000008fc5fc38}: 'java.lang.Object java.lang.invoke.Invokers$Holder.linkToTargetMethod(java.lang.Object, long, java.lang.Object)'> (0x000000008fc5fc38) 
thrown [e:\jenkins\tmp\workspace\build\src\src\hotspot\share\interpreter\linkResolver.cpp, line 766]
Event: 1.235 Thread 0x0000017bb22ee840 Exception <a 'java/lang/NoSuchMethodError'{0x000000008fc67618}: 'int java.lang.invoke.DirectMethodHandle$Holder.invokeStaticInit(java.lang.Object, java.lang.Object, java.lang.Object, long)'> (0x000000008fc67618) 
thrown [e:\jenkins\tmp\workspace\build\src\src\hotspot\share\interpreter\linkResolver.cpp, line 766]
Event: 2.941 Thread 0x0000017bb22ee840 Exception <a 'sun/nio/fs/WindowsException'{0x000000008fb3f058}> (0x000000008fb3f058) 
thrown [e:\jenkins\tmp\workspace\build\src\src\hotspot\share\prims\jni.cpp, line 516]
Event: 2.941 Thread 0x0000017bb22ee840 Exception <a 'sun/nio/fs/WindowsException'{0x000000008fb3f328}> (0x000000008fb3f328) 
thrown [e:\jenkins\tmp\workspace\build\src\src\hotspot\share\prims\jni.cpp, line 516]
Event: 2.941 Thread 0x0000017bb22ee840 Exception <a 'sun/nio/fs/WindowsException'{0x000000008fb3fc98}> (0x000000008fb3fc98) 
thrown [e:\jenkins\tmp\workspace\build\src\src\hotspot\share\prims\jni.cpp, line 516]
Event: 2.943 Thread 0x0000017bb22ee840 Exception <a 'sun/nio/fs/WindowsException'{0x000000008fb46830}> (0x000000008fb46830) 
thrown [e:\jenkins\tmp\workspace\build\src\src\hotspot\share\prims\jni.cpp, line 516]
Event: 3.058 Thread 0x0000017bb22ee840 Exception <a 'sun/nio/fs/WindowsException'{0x000000008fb495d8}> (0x000000008fb495d8) 
thrown [e:\jenkins\tmp\workspace\build\src\src\hotspot\share\prims\jni.cpp, line 516]
Event: 3.058 Thread 0x0000017bb22ee840 Exception <a 'sun/nio/fs/WindowsException'{0x000000008fb49958}> (0x000000008fb49958) 
thrown [e:\jenkins\tmp\workspace\build\src\src\hotspot\share\prims\jni.cpp, line 516]
Event: 3.074 Thread 0x0000017bb22ee840 Exception <a 'sun/nio/fs/WindowsException'{0x000000008fb507a8}> (0x000000008fb507a8) 
thrown [e:\jenkins\tmp\workspace\build\src\src\hotspot\share\prims\jni.cpp, line 516]
Event: 3.074 Thread 0x0000017bb22ee840 Exception <a 'sun/nio/fs/WindowsException'{0x000000008fb50a68}> (0x000000008fb50a68) 
thrown [e:\jenkins\tmp\workspace\build\src\src\hotspot\share\prims\jni.cpp, line 516]

VM Operations (4 events):
Event: 0.408 Executing VM operation: HandshakeAllThreads
Event: 0.408 Executing VM operation: HandshakeAllThreads done
Event: 1.417 Executing VM operation: Cleanup
Event: 1.417 Executing VM operation: Cleanup done

Events (20 events):
Event: 1.174 loading class sun/misc/Unsafe done
Event: 1.174 loading class jdk/internal/reflect/UnsafeFieldAccessorFactory
Event: 1.175 loading class jdk/internal/reflect/UnsafeFieldAccessorFactory done
Event: 1.175 loading class jdk/internal/reflect/UnsafeQualifiedStaticObjectFieldAccessorImpl
Event: 1.175 loading class jdk/internal/reflect/UnsafeQualifiedStaticFieldAccessorImpl
Event: 1.175 loading class jdk/internal/reflect/UnsafeQualifiedStaticFieldAccessorImpl done
Event: 1.175 loading class jdk/internal/reflect/UnsafeQualifiedStaticObjectFieldAccessorImpl done
Event: 1.178 loading class java/util/function/LongPredicate
Event: 1.178 loading class java/util/function/LongPredicate done
Event: 1.185 loading class jdk/internal/access/foreign/MemorySegmentProxy
Event: 1.186 loading class jdk/internal/access/foreign/MemorySegmentProxy done
Event: 1.238 loading class java/nio/InvalidMarkException
Event: 1.238 loading class java/nio/InvalidMarkException done
Event: 1.239 loading class java/nio/BufferUnderflowException
Event: 1.239 loading class java/nio/BufferUnderflowException done
Event: 1.242 loading class java/lang/IndexOutOfBoundsException
Event: 1.242 loading class java/lang/IndexOutOfBoundsException done
Event: 3.063 Loaded shared library C:\Users\MG\AppData\Local\Temp\lwjglMG\3.3.1-build-7\lwjgl_opengl.dll
Event: 3.072 loading class jdk/internal/misc/ScopedMemoryAccess$Scope
Event: 3.073 loading class jdk/internal/misc/ScopedMemoryAccess$Scope done


Dynamic libraries:
0x00007ff79fd80000 - 0x00007ff79fd8e000 	C:\Users\MG\.p2\pool\plugins\org.eclipse.justj.openjdk.hotspot.jre.full.win32.x86_64_17.0.1.v20211116-1657\jre\bin\javaw.exe
0x00007ffa0bf30000 - 0x00007ffa0c125000 	C:\Windows\SYSTEM32\ntdll.dll
0x00007ffa0a1e0000 - 0x00007ffa0a29e000 	C:\Windows\System32\KERNEL32.DLL
0x00007ffa09650000 - 0x00007ffa09918000 	C:\Windows\System32\KERNELBASE.dll
0x00007ffa09e90000 - 0x00007ffa09f90000 	C:\Windows\System32\ucrtbase.dll
0x00007ffa01fe0000 - 0x00007ffa01ff8000 	C:\Users\MG\.p2\pool\plugins\org.eclipse.justj.openjdk.hotspot.jre.full.win32.x86_64_17.0.1.v20211116-1657\jre\bin\jli.dll
0x00007ffa09f90000 - 0x00007ffa0a130000 	C:\Windows\System32\USER32.dll
0x00007ffa09e60000 - 0x00007ffa09e82000 	C:\Windows\System32\win32u.dll
0x00007ffa0a3d0000 - 0x00007ffa0a3fa000 	C:\Windows\System32\GDI32.dll
0x00007ffa09bf0000 - 0x00007ffa09cfb000 	C:\Windows\System32\gdi32full.dll
0x00007ffa09990000 - 0x00007ffa09a2d000 	C:\Windows\System32\msvcp_win.dll
0x00007ffa01fc0000 - 0x00007ffa01fd9000 	C:\Users\MG\.p2\pool\plugins\org.eclipse.justj.openjdk.hotspot.jre.full.win32.x86_64_17.0.1.v20211116-1657\jre\bin\VCRUNTIME140.dll
0x00007ff9f9b40000 - 0x00007ff9f9dda000 	C:\Windows\WinSxS\amd64_microsoft.windows.common-controls_6595b64144ccf1df_6.0.19041.1110_none_60b5254171f9507e\COMCTL32.dll
0x00007ffa0bc10000 - 0x00007ffa0bcae000 	C:\Windows\System32\msvcrt.dll
0x00007ffa0a1b0000 - 0x00007ffa0a1e0000 	C:\Windows\System32\IMM32.DLL
0x00007ffa050d0000 - 0x00007ffa050dc000 	C:\Users\MG\.p2\pool\plugins\org.eclipse.justj.openjdk.hotspot.jre.full.win32.x86_64_17.0.1.v20211116-1657\jre\bin\vcruntime140_1.dll
0x00007ff9fd1a0000 - 0x00007ff9fd231000 	C:\Users\MG\.p2\pool\plugins\org.eclipse.justj.openjdk.hotspot.jre.full.win32.x86_64_17.0.1.v20211116-1657\jre\bin\msvcp140.dll
0x00007ff9cd4f0000 - 0x00007ff9ce136000 	C:\Users\MG\.p2\pool\plugins\org.eclipse.justj.openjdk.hotspot.jre.full.win32.x86_64_17.0.1.v20211116-1657\jre\bin\server\jvm.dll
0x00007ffa0a400000 - 0x00007ffa0a4ae000 	C:\Windows\System32\ADVAPI32.dll
0x00007ffa0aa80000 - 0x00007ffa0ab1c000 	C:\Windows\System32\sechost.dll
0x00007ffa0a2a0000 - 0x00007ffa0a3c5000 	C:\Windows\System32\RPCRT4.dll
0x00007ffa0a4b0000 - 0x00007ffa0a4b8000 	C:\Windows\System32\PSAPI.DLL
0x00007ff9f74d0000 - 0x00007ff9f74d9000 	C:\Windows\SYSTEM32\WSOCK32.dll
0x00007ffa0a620000 - 0x00007ffa0a68b000 	C:\Windows\System32\WS2_32.dll
0x00007ffa00a90000 - 0x00007ffa00ab7000 	C:\Windows\SYSTEM32\WINMM.dll
0x00007ffa00a80000 - 0x00007ffa00a8a000 	C:\Windows\SYSTEM32\VERSION.dll
0x00007ffa07570000 - 0x00007ffa07582000 	C:\Windows\SYSTEM32\kernel.appcore.dll
0x00007ffa02e30000 - 0x00007ffa02e3a000 	C:\Users\MG\.p2\pool\plugins\org.eclipse.justj.openjdk.hotspot.jre.full.win32.x86_64_17.0.1.v20211116-1657\jre\bin\jimage.dll
0x00007ff9f7130000 - 0x00007ff9f7314000 	C:\Windows\SYSTEM32\DBGHELP.DLL
0x00007ff9f75f0000 - 0x00007ff9f761c000 	C:\Windows\SYSTEM32\dbgcore.DLL
0x00007ffa09b60000 - 0x00007ffa09be2000 	C:\Windows\System32\bcryptPrimitives.dll
0x00007ff9fad10000 - 0x00007ff9fad35000 	C:\Users\MG\.p2\pool\plugins\org.eclipse.justj.openjdk.hotspot.jre.full.win32.x86_64_17.0.1.v20211116-1657\jre\bin\java.dll
0x00007ffa02a20000 - 0x00007ffa02a38000 	C:\Users\MG\.p2\pool\plugins\org.eclipse.justj.openjdk.hotspot.jre.full.win32.x86_64_17.0.1.v20211116-1657\jre\bin\zip.dll
0x00007ffa0af90000 - 0x00007ffa0b6d4000 	C:\Windows\System32\SHELL32.dll
0x00007ffa07770000 - 0x00007ffa07f04000 	C:\Windows\SYSTEM32\windows.storage.dll
0x00007ffa0a690000 - 0x00007ffa0a9e4000 	C:\Windows\System32\combase.dll
0x00007ffa09050000 - 0x00007ffa0907c000 	C:\Windows\SYSTEM32\Wldp.dll
0x00007ffa0be40000 - 0x00007ffa0beed000 	C:\Windows\System32\SHCORE.dll
0x00007ffa0bcb0000 - 0x00007ffa0bd05000 	C:\Windows\System32\shlwapi.dll
0x00007ffa09590000 - 0x00007ffa095af000 	C:\Windows\SYSTEM32\profapi.dll
0x00007ff9fedd0000 - 0x00007ff9fede9000 	C:\Users\MG\.p2\pool\plugins\org.eclipse.justj.openjdk.hotspot.jre.full.win32.x86_64_17.0.1.v20211116-1657\jre\bin\net.dll
0x00007ff9fd9f0000 - 0x00007ff9fdafa000 	C:\Windows\SYSTEM32\WINHTTP.dll
0x00007ffa08d50000 - 0x00007ffa08dba000 	C:\Windows\system32\mswsock.dll
0x00007ff9fbdd0000 - 0x00007ff9fbde5000 	C:\Users\MG\.p2\pool\plugins\org.eclipse.justj.openjdk.hotspot.jre.full.win32.x86_64_17.0.1.v20211116-1657\jre\bin\nio.dll
0x00007ff9e6660000 - 0x00007ff9e66d5000 	C:\Users\MG\AppData\Local\Temp\lwjglMG\3.3.1-build-7\lwjgl.dll
0x00007ff9eaf30000 - 0x00007ff9eaf91000 	C:\Users\MG\AppData\Local\Temp\lwjglMG\3.3.1-build-7\glfw.dll
0x00007ff9fbbd0000 - 0x00007ff9fbc15000 	C:\Windows\SYSTEM32\dinput8.dll
0x00007ffa01f80000 - 0x00007ffa01f91000 	C:\Windows\SYSTEM32\xinput1_4.dll
0x00007ffa09b10000 - 0x00007ffa09b5e000 	C:\Windows\System32\cfgmgr32.dll
0x00007ffa09400000 - 0x00007ffa0942c000 	C:\Windows\SYSTEM32\DEVOBJ.dll
0x00007ffa07390000 - 0x00007ffa073bf000 	C:\Windows\SYSTEM32\dwmapi.dll
0x00007ffa07090000 - 0x00007ffa0712e000 	C:\Windows\system32\uxtheme.dll
0x00007ff9fc800000 - 0x00007ff9fc952000 	C:\Windows\SYSTEM32\inputhost.dll
0x00007ffa0a540000 - 0x00007ffa0a60d000 	C:\Windows\System32\OLEAUT32.dll
0x00007ffa06cc0000 - 0x00007ffa06db2000 	C:\Windows\SYSTEM32\CoreMessaging.dll
0x00007ffa05220000 - 0x00007ffa05316000 	C:\Windows\SYSTEM32\PROPSYS.dll
0x00007ffa055d0000 - 0x00007ffa05724000 	C:\Windows\SYSTEM32\wintypes.dll
0x00007ffa06960000 - 0x00007ffa06cbe000 	C:\Windows\SYSTEM32\CoreUIComponents.dll
0x00007ffa083a0000 - 0x00007ffa083d3000 	C:\Windows\SYSTEM32\ntmarta.dll
0x00007ffa0abd0000 - 0x00007ffa0ace5000 	C:\Windows\System32\MSCTF.dll
0x00007ff9e4440000 - 0x00007ff9e4566000 	C:\Windows\SYSTEM32\opengl32.dll
0x00007ff9fc3e0000 - 0x00007ff9fc40c000 	C:\Windows\SYSTEM32\GLU32.dll
0x00007ffa0ab20000 - 0x00007ffa0abc9000 	C:\Windows\System32\clbcatq.dll
0x00007ff9fee10000 - 0x00007ff9fee3a000 	C:\Windows\System32\DriverStore\FileRepository\u0360470.inf_amd64_35c64671e7fac064\B360357\atig6pxx.dll
0x00007ff9c2090000 - 0x00007ff9c4d77000 	C:\Windows\System32\DriverStore\FileRepository\u0360470.inf_amd64_35c64671e7fac064\B360357\atio6axx.dll
0x00007ffa0b6e0000 - 0x00007ffa0bb4a000 	C:\Windows\System32\SETUPAPI.dll
0x00007ffa09ae0000 - 0x00007ffa09b07000 	C:\Windows\System32\bcrypt.dll
0x00007ffa0bd10000 - 0x00007ffa0be3a000 	C:\Windows\System32\ole32.dll
0x00007ff9fd140000 - 0x00007ff9fd164000 	C:\Windows\SYSTEM32\dxva2.dll
0x00007ffa02080000 - 0x00007ffa020bc000 	C:\Windows\System32\DriverStore\FileRepository\u0360470.inf_amd64_35c64671e7fac064\B360357\atig6txx.dll
0x00007ff9e4110000 - 0x00007ff9e42c9000 	C:\Windows\SYSTEM32\atiadlxx.dll
0x00007ffa09920000 - 0x00007ffa09988000 	C:\Windows\System32\WINTRUST.dll
0x00007ffa09d00000 - 0x00007ffa09e56000 	C:\Windows\System32\CRYPT32.dll
0x00007ffa091f0000 - 0x00007ffa09202000 	C:\Windows\SYSTEM32\MSASN1.dll
0x00007ffa00e90000 - 0x00007ffa00ecb000 	C:\Windows\SYSTEM32\dxcore.dll
0x00007ff9ea6e0000 - 0x00007ff9ea73d000 	C:\Users\MG\AppData\Local\Temp\lwjglMG\3.3.1-build-7\lwjgl_opengl.dll

dbghelp: loaded successfully - version: 4.0.5 - missing functions: none
symbol engine: initialized successfully - sym options: 0x614 - pdb path: .;C:\Users\MG\.p2\pool\plugins\org.eclipse.justj.openjdk.hotspot.jre.full.win32.x86_64_17.0.1.v20211116-1657\jre\bin;C:\Windows\SYSTEM32;C:\Windows\WinSxS\amd64_microsoft.windows.common-controls_6595b64144ccf1df_6.0.19041.1110_none_60b5254171f9507e;C:\Users\MG\.p2\pool\plugins\org.eclipse.justj.openjdk.hotspot.jre.full.win32.x86_64_17.0.1.v20211116-1657\jre\bin\server;C:\Users\MG\AppData\Local\Temp\lwjglMG\3.3.1-build-7;C:\Windows\System32\DriverStore\FileRepository\u0360470.inf_amd64_35c64671e7fac064\B360357

VM Arguments:
jvm_args: -Dfile.encoding=Cp1251 -XX:+ShowCodeDetailsInExceptionMessages 
java_command: com.alkrist.maribel.client.TestGraphics
java_class_path (initial): D:\Eclipse - Java\Development_afws\git\maribel\maribeljava\target\classes;C:\Users\MG\.m2\repository\org\lwjgl\lwjgl\3.3.1\lwjgl-3.3.1.jar;C:\Users\MG\.m2\repository\org\lwjgl\lwjgl-assimp\3.3.1\lwjgl-assimp-3.3.1.jar;C:\Users\MG\.m2\repository\org\lwjgl\lwjgl-glfw\3.3.1\lwjgl-glfw-3.3.1.jar;C:\Users\MG\.m2\repository\org\lwjgl\lwjgl-openal\3.3.1\lwjgl-openal-3.3.1.jar;C:\Users\MG\.m2\repository\org\lwjgl\lwjgl-opengl\3.3.1\lwjgl-opengl-3.3.1.jar;C:\Users\MG\.m2\repository\org\lwjgl\lwjgl-stb\3.3.1\lwjgl-stb-3.3.1.jar;C:\Users\MG\.m2\repository\org\lwjgl\lwjgl\3.3.1\lwjgl-3.3.1-natives-windows.jar;C:\Users\MG\.m2\repository\org\lwjgl\lwjgl-assimp\3.3.1\lwjgl-assimp-3.3.1-natives-windows.jar;C:\Users\MG\.m2\repository\org\lwjgl\lwjgl-glfw\3.3.1\lwjgl-glfw-3.3.1-natives-windows.jar;C:\Users\MG\.m2\repository\org\lwjgl\lwjgl-openal\3.3.1\lwjgl-openal-3.3.1-natives-windows.jar;C:\Users\MG\.m2\repository\org\lwjgl\lwjgl-opengl\3.3.1\lwjgl-opengl-3.3.1-natives-windows.jar;C:\Users\MG\.m2\repository\org\lwjgl\lwjgl-stb\3.3.1\lwjgl-stb-3.3.1-natives-windows.jar
Launcher Type: SUN_STANDARD

[Global flags]
     intx CICompilerCount                          = 2                                         {product} {ergonomic}
     uint ConcGCThreads                            = 1                                         {product} {ergonomic}
     uint G1ConcRefinementThreads                  = 2                                         {product} {ergonomic}
   size_t G1HeapRegionSize                         = 1048576                                   {product} {ergonomic}
    uintx GCDrainStackTargetSize                   = 64                                        {product} {ergonomic}
   size_t InitialHeapSize                          = 125829120                                 {product} {ergonomic}
   size_t MarkStackSize                            = 4194304                                   {product} {ergonomic}
   size_t MaxHeapSize                              = 2004877312                                {product} {ergonomic}
   size_t MaxNewSize                               = 1202716672                                {product} {ergonomic}
   size_t MinHeapDeltaBytes                        = 1048576                                   {product} {ergonomic}
   size_t MinHeapSize                              = 8388608                                   {product} {ergonomic}
    uintx NonNMethodCodeHeapSize                   = 5826188                                {pd product} {ergonomic}
    uintx NonProfiledCodeHeapSize                  = 122916026                              {pd product} {ergonomic}
    uintx ProfiledCodeHeapSize                     = 122916026                              {pd product} {ergonomic}
    uintx ReservedCodeCacheSize                    = 251658240                              {pd product} {ergonomic}
     bool SegmentedCodeCache                       = true                                      {product} {ergonomic}
     bool ShowCodeDetailsInExceptionMessages       = true                                   {manageable} {command line}
   size_t SoftMaxHeapSize                          = 2004877312                             {manageable} {ergonomic}
     bool UseCompressedClassPointers               = true                           {product lp64_product} {ergonomic}
     bool UseCompressedOops                        = true                           {product lp64_product} {ergonomic}
     bool UseG1GC                                  = true                                      {product} {ergonomic}
     bool UseLargePagesIndividualAllocation        = false                                  {pd product} {ergonomic}

Logging:
Log output configuration:
 #0: stdout all=warning uptime,level,tags
 #1: stderr all=off uptime,level,tags

Environment Variables:
PATH=C:/Users/MG/.p2/pool/plugins/org.eclipse.justj.openjdk.hotspot.jre.full.win32.x86_64_17.0.1.v20211116-1657/jre/bin/server;C:/Users/MG/.p2/pool/plugins/org.eclipse.justj.openjdk.hotspot.jre.full.win32.x86_64_17.0.1.v20211116-1657/jre/bin;C:\Program Files\Common Files\Oracle\Java\javapath;C:\Program Files (x86)\Common Files\Oracle\Java\javapath;C:\Program Files (x86)\VMware\VMware Player\bin\;C:\ProgramData\Oracle\Java\javapath;C:\Windows\system32;C:\Windows;C:\Windows\System32\Wbem;C:\Windows\System32\WindowsPowerShell\v1.0\;C:\Windows\System32\OpenSSH\;C:\ProgramData\chocolatey\bin;C:\Program Files\Git\cmd;C:\Program Files\PuTTY\;C:\MinGW\bin;C:\Users\MG\AppData\Local\Microsoft\WindowsApps;C:\Users\MG\AppData\Roaming\cabal\bin;C:\tools\ghc-9.0.1\bin;C:\tools\msys64;C:\Users\MG\AppData\Local\Programs\Microsoft VS Code\bin;C:\Users\MG\Desktop;
USERNAME=MG
OS=Windows_NT
PROCESSOR_IDENTIFIER=AMD64 Family 21 Model 112 Stepping 0, AuthenticAMD



---------------  S Y S T E M  ---------------

OS:
 Windows 10 , 64 bit Build 19041 (10.0.19041.1645)
OS uptime: 25 days 0:02 hours

CPU: total 2 (initial active 2) (2 cores per cpu, 1 threads per core) family 21 model 112 stepping 0 microcode 0x0, cx8, cmov, fxsr, mmx, 3dnowpref, sse, sse2, sse3, ssse3, sse4a, sse4.1, sse4.2, popcnt, lzcnt, tsc, tscinvbit, avx, avx2, aes, clmul, bmi1, bmi2, fma, vzeroupper, clflush

Memory: 4k page, system-wide physical 7645M (2592M free)
TotalPageFile size 11357M (AvailPageFile size 2932M)
current process WorkingSet (physical memory assigned to process): 76M, peak: 76M
current process commit charge ("private bytes"): 251M, peak: 251M

vm_info: OpenJDK 64-Bit Server VM (17.0.1+12) for windows-amd64 JRE (17.0.1+12), built on Oct 20 2021 07:42:55 by "" with MS VC++ 16.7 (VS2019)

END.
